{"C:\\Users\\kyloj\\Documents\\GitHub\\pencil4life\\jest-setup.ts": {"path":"C:\\Users\\kyloj\\Documents\\GitHub\\pencil4life\\jest-setup.ts","statementMap":{"0":{"start":{"line":3,"column":0},"end":{"line":3,"column":14}},"1":{"start":{"line":4,"column":0},"end":{"line":4,"column":40}},"2":{"start":{"line":5,"column":0},"end":{"line":5,"column":34}},"3":{"start":{"line":7,"column":0},"end":{"line":7,"column":54}},"4":{"start":{"line":14,"column":0},"end":{"line":14,"column":21}},"5":{"start":{"line":16,"column":0},"end":{"line":16,"column":36}}},"fnMap":{},"branchMap":{},"s":{"0":33,"1":33,"2":33,"3":33,"4":33,"5":33},"f":{},"b":{}}
,"C:\\Users\\kyloj\\Documents\\GitHub\\pencil4life\\client\\src\\components\\app.tsx": {"path":"C:\\Users\\kyloj\\Documents\\GitHub\\pencil4life\\client\\src\\components\\app.tsx","statementMap":{"0":{"start":{"line":3,"column":0},"end":{"line":3,"column":30}},"1":{"start":{"line":4,"column":0},"end":{"line":4,"column":55}},"2":{"start":{"line":5,"column":0},"end":{"line":5,"column":42}},"3":{"start":{"line":7,"column":0},"end":{"line":7,"column":45}},"4":{"start":{"line":8,"column":0},"end":{"line":8,"column":48}},"5":{"start":{"line":11,"column":0},"end":{"line":11,"column":27}},"6":{"start":{"line":12,"column":0},"end":{"line":12,"column":29}},"7":{"start":{"line":13,"column":0},"end":{"line":13,"column":50}},"8":{"start":{"line":14,"column":0},"end":{"line":14,"column":38}},"9":{"start":{"line":16,"column":0},"end":{"line":16,"column":52}},"10":{"start":{"line":17,"column":16},"end":{"line":17,"column":39}},"11":{"start":{"line":17,"column":22},"end":{"line":17,"column":39}},"12":{"start":{"line":19,"column":13},"end":{"line":22,"column":2}},"13":{"start":{"line":20,"column":16},"end":{"line":20,"column":38}},"14":{"start":{"line":24,"column":15},"end":{"line":27,"column":2}},"15":{"start":{"line":25,"column":16},"end":{"line":25,"column":40}},"16":{"start":{"line":29,"column":15},"end":{"line":32,"column":2}},"17":{"start":{"line":30,"column":16},"end":{"line":30,"column":40}},"18":{"start":{"line":34,"column":18},"end":{"line":37,"column":2}},"19":{"start":{"line":35,"column":16},"end":{"line":35,"column":44}},"20":{"start":{"line":39,"column":19},"end":{"line":44,"column":1}},"21":{"start":{"line":46,"column":0},"end":{"line":46,"column":33}},"22":{"start":{"line":46,"column":18},"end":{"line":46,"column":33}},"23":{"start":{"line":47,"column":2},"end":{"line":65,"column":3}},"24":{"start":{"line":48,"column":4},"end":{"line":64,"column":6}},"25":{"start":{"line":66,"column":0},"end":{"line":66,"column":1}},"26":{"start":{"line":68,"column":0},"end":{"line":68,"column":19}}},"fnMap":{"0":{"name":"(anonymous_6)","decl":{"start":{"line":17,"column":16},"end":{"line":17,"column":21}},"loc":{"start":{"line":17,"column":16},"end":{"line":17,"column":39}}},"1":{"name":"(anonymous_7)","decl":{"start":{"line":20,"column":10},"end":{"line":20,"column":15}},"loc":{"start":{"line":20,"column":10},"end":{"line":20,"column":39}}},"2":{"name":"(anonymous_8)","decl":{"start":{"line":20,"column":16},"end":{"line":20,"column":22}},"loc":{"start":{"line":20,"column":16},"end":{"line":20,"column":38}}},"3":{"name":"(anonymous_9)","decl":{"start":{"line":25,"column":10},"end":{"line":25,"column":15}},"loc":{"start":{"line":25,"column":10},"end":{"line":25,"column":41}}},"4":{"name":"(anonymous_10)","decl":{"start":{"line":25,"column":16},"end":{"line":25,"column":22}},"loc":{"start":{"line":25,"column":16},"end":{"line":25,"column":40}}},"5":{"name":"(anonymous_11)","decl":{"start":{"line":30,"column":10},"end":{"line":30,"column":15}},"loc":{"start":{"line":30,"column":10},"end":{"line":30,"column":41}}},"6":{"name":"(anonymous_12)","decl":{"start":{"line":30,"column":16},"end":{"line":30,"column":22}},"loc":{"start":{"line":30,"column":16},"end":{"line":30,"column":40}}},"7":{"name":"(anonymous_13)","decl":{"start":{"line":35,"column":10},"end":{"line":35,"column":15}},"loc":{"start":{"line":35,"column":10},"end":{"line":35,"column":45}}},"8":{"name":"(anonymous_14)","decl":{"start":{"line":35,"column":16},"end":{"line":35,"column":22}},"loc":{"start":{"line":35,"column":16},"end":{"line":35,"column":44}}},"9":{"name":"(anonymous_15)","decl":{"start":{"line":46,"column":0},"end":{"line":null,"column":-1}},"loc":{"start":{"line":46,"column":0},"end":{"line":46,"column":-1}}},"10":{"name":"(anonymous_17)","decl":{"start":{"line":47,"column":2},"end":{"line":null,"column":-1}},"loc":{"start":{"line":47,"column":2},"end":{"line":65,"column":3}}}},"branchMap":{"0":{"loc":{"start":{"line":39,"column":29},"end":{"line":39,"column":28}},"type":"binary-expr","locations":[{"start":{"line":39,"column":29},"end":{"line":39,"column":28}},{"start":{"line":39,"column":29},"end":{"line":44,"column":1}}]}},"s":{"0":1,"1":1,"2":1,"3":1,"4":1,"5":1,"6":1,"7":1,"8":1,"9":1,"10":1,"11":0,"12":1,"13":0,"14":1,"15":0,"16":1,"17":0,"18":1,"19":0,"20":1,"21":1,"22":1,"23":1,"24":1,"25":1,"26":1},"f":{"0":0,"1":0,"2":0,"3":0,"4":0,"5":0,"6":0,"7":0,"8":0,"9":2,"10":1},"b":{"0":[1,1]}}
,"C:\\Users\\kyloj\\Documents\\GitHub\\pencil4life\\client\\src\\components\\no-match.tsx": {"path":"C:\\Users\\kyloj\\Documents\\GitHub\\pencil4life\\client\\src\\components\\no-match.tsx","statementMap":{"0":{"start":{"line":3,"column":0},"end":{"line":3,"column":30}},"1":{"start":{"line":5,"column":0},"end":{"line":5,"column":37}},"2":{"start":{"line":5,"column":22},"end":{"line":5,"column":37}},"3":{"start":{"line":6,"column":4},"end":{"line":14,"column":5}},"4":{"start":{"line":7,"column":8},"end":{"line":13,"column":10}},"5":{"start":{"line":15,"column":0},"end":{"line":15,"column":1}},"6":{"start":{"line":17,"column":0},"end":{"line":17,"column":23}}},"fnMap":{"0":{"name":"(anonymous_5)","decl":{"start":{"line":5,"column":0},"end":{"line":null,"column":-1}},"loc":{"start":{"line":5,"column":0},"end":{"line":5,"column":-1}}},"1":{"name":"(anonymous_7)","decl":{"start":{"line":6,"column":4},"end":{"line":null,"column":-1}},"loc":{"start":{"line":6,"column":4},"end":{"line":14,"column":5}}}},"branchMap":{},"s":{"0":4,"1":4,"2":4,"3":4,"4":0,"5":4,"6":4},"f":{"0":4,"1":0},"b":{}}
,"C:\\Users\\kyloj\\Documents\\GitHub\\pencil4life\\client\\src\\components\\routes.tsx": {"path":"C:\\Users\\kyloj\\Documents\\GitHub\\pencil4life\\client\\src\\components\\routes.tsx","statementMap":{"0":{"start":{"line":3,"column":0},"end":{"line":3,"column":30}},"1":{"start":{"line":4,"column":0},"end":{"line":4,"column":44}},"2":{"start":{"line":5,"column":0},"end":{"line":5,"column":42}},"3":{"start":{"line":7,"column":0},"end":{"line":7,"column":32}},"4":{"start":{"line":9,"column":0},"end":{"line":9,"column":52}},"5":{"start":{"line":10,"column":0},"end":{"line":10,"column":38}},"6":{"start":{"line":11,"column":16},"end":{"line":11,"column":39}},"7":{"start":{"line":11,"column":22},"end":{"line":11,"column":39}},"8":{"start":{"line":13,"column":17},"end":{"line":16,"column":2}},"9":{"start":{"line":14,"column":16},"end":{"line":14,"column":40}},"10":{"start":{"line":18,"column":18},"end":{"line":21,"column":2}},"11":{"start":{"line":19,"column":16},"end":{"line":19,"column":43}},"12":{"start":{"line":23,"column":19},"end":{"line":26,"column":2}},"13":{"start":{"line":24,"column":16},"end":{"line":24,"column":45}},"14":{"start":{"line":28,"column":20},"end":{"line":31,"column":2}},"15":{"start":{"line":29,"column":16},"end":{"line":29,"column":45}},"16":{"start":{"line":33,"column":19},"end":{"line":36,"column":2}},"17":{"start":{"line":34,"column":16},"end":{"line":34,"column":43}},"18":{"start":{"line":38,"column":22},"end":{"line":41,"column":2}},"19":{"start":{"line":39,"column":16},"end":{"line":39,"column":49}},"20":{"start":{"line":43,"column":21},"end":{"line":46,"column":2}},"21":{"start":{"line":44,"column":16},"end":{"line":44,"column":47}},"22":{"start":{"line":48,"column":21},"end":{"line":51,"column":2}},"23":{"start":{"line":49,"column":16},"end":{"line":49,"column":47}},"24":{"start":{"line":53,"column":25},"end":{"line":56,"column":2}},"25":{"start":{"line":54,"column":16},"end":{"line":54,"column":55}},"26":{"start":{"line":58,"column":19},"end":{"line":61,"column":2}},"27":{"start":{"line":59,"column":16},"end":{"line":59,"column":43}},"28":{"start":{"line":63,"column":25},"end":{"line":66,"column":2}},"29":{"start":{"line":64,"column":16},"end":{"line":64,"column":55}},"30":{"start":{"line":68,"column":19},"end":{"line":71,"column":2}},"31":{"start":{"line":69,"column":16},"end":{"line":69,"column":43}},"32":{"start":{"line":73,"column":22},"end":{"line":76,"column":2}},"33":{"start":{"line":74,"column":16},"end":{"line":74,"column":49}},"34":{"start":{"line":78,"column":20},"end":{"line":81,"column":2}},"35":{"start":{"line":79,"column":16},"end":{"line":79,"column":49}},"36":{"start":{"line":83,"column":20},"end":{"line":86,"column":2}},"37":{"start":{"line":84,"column":16},"end":{"line":84,"column":45}},"38":{"start":{"line":88,"column":22},"end":{"line":90,"column":1}},"39":{"start":{"line":92,"column":0},"end":{"line":92,"column":36}},"40":{"start":{"line":92,"column":21},"end":{"line":92,"column":36}},"41":{"start":{"line":93,"column":2},"end":{"line":116,"column":3}},"42":{"start":{"line":94,"column":4},"end":{"line":115,"column":6}},"43":{"start":{"line":117,"column":0},"end":{"line":117,"column":1}},"44":{"start":{"line":119,"column":0},"end":{"line":119,"column":22}}},"fnMap":{"0":{"name":"(anonymous_6)","decl":{"start":{"line":11,"column":16},"end":{"line":11,"column":21}},"loc":{"start":{"line":11,"column":16},"end":{"line":11,"column":39}}},"1":{"name":"(anonymous_7)","decl":{"start":{"line":14,"column":10},"end":{"line":14,"column":15}},"loc":{"start":{"line":14,"column":10},"end":{"line":14,"column":41}}},"2":{"name":"(anonymous_8)","decl":{"start":{"line":14,"column":16},"end":{"line":14,"column":22}},"loc":{"start":{"line":14,"column":16},"end":{"line":14,"column":40}}},"3":{"name":"(anonymous_9)","decl":{"start":{"line":19,"column":10},"end":{"line":19,"column":15}},"loc":{"start":{"line":19,"column":10},"end":{"line":19,"column":44}}},"4":{"name":"(anonymous_10)","decl":{"start":{"line":19,"column":16},"end":{"line":19,"column":22}},"loc":{"start":{"line":19,"column":16},"end":{"line":19,"column":43}}},"5":{"name":"(anonymous_11)","decl":{"start":{"line":24,"column":10},"end":{"line":24,"column":15}},"loc":{"start":{"line":24,"column":10},"end":{"line":24,"column":46}}},"6":{"name":"(anonymous_12)","decl":{"start":{"line":24,"column":16},"end":{"line":24,"column":22}},"loc":{"start":{"line":24,"column":16},"end":{"line":24,"column":45}}},"7":{"name":"(anonymous_13)","decl":{"start":{"line":29,"column":10},"end":{"line":29,"column":15}},"loc":{"start":{"line":29,"column":10},"end":{"line":29,"column":46}}},"8":{"name":"(anonymous_14)","decl":{"start":{"line":29,"column":16},"end":{"line":29,"column":22}},"loc":{"start":{"line":29,"column":16},"end":{"line":29,"column":45}}},"9":{"name":"(anonymous_15)","decl":{"start":{"line":34,"column":10},"end":{"line":34,"column":15}},"loc":{"start":{"line":34,"column":10},"end":{"line":34,"column":44}}},"10":{"name":"(anonymous_16)","decl":{"start":{"line":34,"column":16},"end":{"line":34,"column":22}},"loc":{"start":{"line":34,"column":16},"end":{"line":34,"column":43}}},"11":{"name":"(anonymous_17)","decl":{"start":{"line":39,"column":10},"end":{"line":39,"column":15}},"loc":{"start":{"line":39,"column":10},"end":{"line":39,"column":50}}},"12":{"name":"(anonymous_18)","decl":{"start":{"line":39,"column":16},"end":{"line":39,"column":22}},"loc":{"start":{"line":39,"column":16},"end":{"line":39,"column":49}}},"13":{"name":"(anonymous_19)","decl":{"start":{"line":44,"column":10},"end":{"line":44,"column":15}},"loc":{"start":{"line":44,"column":10},"end":{"line":44,"column":48}}},"14":{"name":"(anonymous_20)","decl":{"start":{"line":44,"column":16},"end":{"line":44,"column":22}},"loc":{"start":{"line":44,"column":16},"end":{"line":44,"column":47}}},"15":{"name":"(anonymous_21)","decl":{"start":{"line":49,"column":10},"end":{"line":49,"column":15}},"loc":{"start":{"line":49,"column":10},"end":{"line":49,"column":48}}},"16":{"name":"(anonymous_22)","decl":{"start":{"line":49,"column":16},"end":{"line":49,"column":22}},"loc":{"start":{"line":49,"column":16},"end":{"line":49,"column":47}}},"17":{"name":"(anonymous_23)","decl":{"start":{"line":54,"column":10},"end":{"line":54,"column":15}},"loc":{"start":{"line":54,"column":10},"end":{"line":54,"column":56}}},"18":{"name":"(anonymous_24)","decl":{"start":{"line":54,"column":16},"end":{"line":54,"column":22}},"loc":{"start":{"line":54,"column":16},"end":{"line":54,"column":55}}},"19":{"name":"(anonymous_25)","decl":{"start":{"line":59,"column":10},"end":{"line":59,"column":15}},"loc":{"start":{"line":59,"column":10},"end":{"line":59,"column":44}}},"20":{"name":"(anonymous_26)","decl":{"start":{"line":59,"column":16},"end":{"line":59,"column":22}},"loc":{"start":{"line":59,"column":16},"end":{"line":59,"column":43}}},"21":{"name":"(anonymous_27)","decl":{"start":{"line":64,"column":10},"end":{"line":64,"column":15}},"loc":{"start":{"line":64,"column":10},"end":{"line":64,"column":56}}},"22":{"name":"(anonymous_28)","decl":{"start":{"line":64,"column":16},"end":{"line":64,"column":22}},"loc":{"start":{"line":64,"column":16},"end":{"line":64,"column":55}}},"23":{"name":"(anonymous_29)","decl":{"start":{"line":69,"column":10},"end":{"line":69,"column":15}},"loc":{"start":{"line":69,"column":10},"end":{"line":69,"column":44}}},"24":{"name":"(anonymous_30)","decl":{"start":{"line":69,"column":16},"end":{"line":69,"column":22}},"loc":{"start":{"line":69,"column":16},"end":{"line":69,"column":43}}},"25":{"name":"(anonymous_31)","decl":{"start":{"line":74,"column":10},"end":{"line":74,"column":15}},"loc":{"start":{"line":74,"column":10},"end":{"line":74,"column":50}}},"26":{"name":"(anonymous_32)","decl":{"start":{"line":74,"column":16},"end":{"line":74,"column":22}},"loc":{"start":{"line":74,"column":16},"end":{"line":74,"column":49}}},"27":{"name":"(anonymous_33)","decl":{"start":{"line":79,"column":10},"end":{"line":79,"column":15}},"loc":{"start":{"line":79,"column":10},"end":{"line":79,"column":50}}},"28":{"name":"(anonymous_34)","decl":{"start":{"line":79,"column":16},"end":{"line":79,"column":22}},"loc":{"start":{"line":79,"column":16},"end":{"line":79,"column":49}}},"29":{"name":"(anonymous_35)","decl":{"start":{"line":84,"column":10},"end":{"line":84,"column":15}},"loc":{"start":{"line":84,"column":10},"end":{"line":84,"column":46}}},"30":{"name":"(anonymous_36)","decl":{"start":{"line":84,"column":16},"end":{"line":84,"column":22}},"loc":{"start":{"line":84,"column":16},"end":{"line":84,"column":45}}},"31":{"name":"(anonymous_37)","decl":{"start":{"line":92,"column":0},"end":{"line":null,"column":-1}},"loc":{"start":{"line":92,"column":0},"end":{"line":92,"column":-1}}},"32":{"name":"(anonymous_39)","decl":{"start":{"line":93,"column":2},"end":{"line":null,"column":-1}},"loc":{"start":{"line":93,"column":2},"end":{"line":116,"column":3}}}},"branchMap":{"0":{"loc":{"start":{"line":88,"column":32},"end":{"line":88,"column":31}},"type":"binary-expr","locations":[{"start":{"line":88,"column":32},"end":{"line":88,"column":31}},{"start":{"line":88,"column":32},"end":{"line":90,"column":1}}]}},"s":{"0":2,"1":2,"2":2,"3":2,"4":2,"5":2,"6":2,"7":0,"8":2,"9":0,"10":2,"11":0,"12":2,"13":0,"14":2,"15":0,"16":2,"17":0,"18":2,"19":0,"20":2,"21":0,"22":2,"23":0,"24":2,"25":0,"26":2,"27":0,"28":2,"29":0,"30":2,"31":0,"32":2,"33":0,"34":2,"35":0,"36":2,"37":0,"38":2,"39":2,"40":2,"41":2,"42":1,"43":2,"44":2},"f":{"0":0,"1":0,"2":0,"3":0,"4":0,"5":0,"6":0,"7":0,"8":0,"9":0,"10":0,"11":0,"12":0,"13":0,"14":0,"15":0,"16":0,"17":0,"18":0,"19":0,"20":0,"21":0,"22":0,"23":0,"24":0,"25":0,"26":0,"27":0,"28":0,"29":0,"30":0,"31":3,"32":1},"b":{"0":[2,2]}}
,"C:\\Users\\kyloj\\Documents\\GitHub\\pencil4life\\client\\src\\components\\event\\event-item-edit.tsx": {"path":"C:\\Users\\kyloj\\Documents\\GitHub\\pencil4life\\client\\src\\components\\event\\event-item-edit.tsx","statementMap":{"0":{"start":{"line":3,"column":0},"end":{"line":3,"column":30}},"1":{"start":{"line":4,"column":0},"end":{"line":4,"column":38}},"2":{"start":{"line":5,"column":0},"end":{"line":5,"column":43}},"3":{"start":{"line":6,"column":0},"end":{"line":6,"column":42}},"4":{"start":{"line":7,"column":0},"end":{"line":7,"column":32}},"5":{"start":{"line":9,"column":0},"end":{"line":9,"column":86}},"6":{"start":{"line":10,"column":0},"end":{"line":10,"column":66}},"7":{"start":{"line":39,"column":0},"end":{"line":39,"column":43}},"8":{"start":{"line":39,"column":28},"end":{"line":39,"column":105}},"9":{"start":{"line":41,"column":8},"end":{"line":41,"column":20}},"10":{"start":{"line":42,"column":8},"end":{"line":50,"column":10}},"11":{"start":{"line":52,"column":2},"end":{"line":52,"column":39}},"12":{"start":{"line":53,"column":2},"end":{"line":53,"column":45}},"13":{"start":{"line":54,"column":2},"end":{"line":54,"column":67}},"14":{"start":{"line":55,"column":2},"end":{"line":55,"column":59}},"15":{"start":{"line":56,"column":2},"end":{"line":56,"column":55}},"16":{"start":{"line":57,"column":2},"end":{"line":57,"column":57}},"17":{"start":{"line":58,"column":2},"end":{"line":58,"column":69}},"18":{"start":{"line":59,"column":2},"end":{"line":59,"column":59}},"19":{"start":{"line":60,"column":2},"end":{"line":60,"column":43}},"20":{"start":{"line":63,"column":4},"end":{"line":73,"column":5}},"21":{"start":{"line":63,"column":4},"end":{"line":73,"column":4}},"22":{"start":{"line":64,"column":2},"end":{"line":72,"column":5}},"23":{"start":{"line":65,"column":3},"end":{"line":71,"column":5}},"24":{"start":{"line":75,"column":1},"end":{"line":92,"column":2}},"25":{"start":{"line":75,"column":1},"end":{"line":92,"column":1}},"26":{"start":{"line":76,"column":21},"end":{"line":76,"column":83}},"27":{"start":{"line":77,"column":15},"end":{"line":77,"column":19}},"28":{"start":{"line":78,"column":2},"end":{"line":86,"column":5}},"29":{"start":{"line":79,"column":3},"end":{"line":85,"column":4}},"30":{"start":{"line":80,"column":4},"end":{"line":80,"column":42}},"31":{"start":{"line":81,"column":4},"end":{"line":81,"column":66}},"32":{"start":{"line":82,"column":4},"end":{"line":84,"column":5}},"33":{"start":{"line":83,"column":5},"end":{"line":83,"column":113}},"34":{"start":{"line":87,"column":2},"end":{"line":91,"column":3}},"35":{"start":{"line":88,"column":3},"end":{"line":90,"column":6}},"36":{"start":{"line":89,"column":4},"end":{"line":89,"column":18}},"37":{"start":{"line":94,"column":4},"end":{"line":96,"column":2}},"38":{"start":{"line":95,"column":2},"end":{"line":95,"column":73}},"39":{"start":{"line":98,"column":4},"end":{"line":104,"column":5}},"40":{"start":{"line":99,"column":8},"end":{"line":99,"column":38}},"41":{"start":{"line":99,"column":10},"end":{"line":99,"column":14}},"42":{"start":{"line":99,"column":16},"end":{"line":99,"column":21}},"43":{"start":{"line":100,"column":2},"end":{"line":103,"column":5}},"44":{"start":{"line":101,"column":3},"end":{"line":101,"column":27}},"45":{"start":{"line":102,"column":3},"end":{"line":102,"column":20}},"46":{"start":{"line":106,"column":4},"end":{"line":112,"column":5}},"47":{"start":{"line":107,"column":8},"end":{"line":107,"column":40}},"48":{"start":{"line":107,"column":10},"end":{"line":107,"column":14}},"49":{"start":{"line":107,"column":16},"end":{"line":107,"column":23}},"50":{"start":{"line":108,"column":2},"end":{"line":111,"column":5}},"51":{"start":{"line":109,"column":3},"end":{"line":109,"column":29}},"52":{"start":{"line":110,"column":3},"end":{"line":110,"column":20}},"53":{"start":{"line":114,"column":4},"end":{"line":118,"column":5}},"54":{"start":{"line":115,"column":2},"end":{"line":117,"column":5}},"55":{"start":{"line":116,"column":3},"end":{"line":116,"column":38}},"56":{"start":{"line":120,"column":4},"end":{"line":124,"column":5}},"57":{"start":{"line":121,"column":2},"end":{"line":123,"column":5}},"58":{"start":{"line":122,"column":3},"end":{"line":122,"column":36}},"59":{"start":{"line":126,"column":1},"end":{"line":130,"column":2}},"60":{"start":{"line":127,"column":2},"end":{"line":129,"column":9}},"61":{"start":{"line":128,"column":12},"end":{"line":128,"column":40}},"62":{"start":{"line":132,"column":4},"end":{"line":160,"column":5}},"63":{"start":{"line":133,"column":2},"end":{"line":133,"column":25}},"64":{"start":{"line":135,"column":8},"end":{"line":135,"column":75}},"65":{"start":{"line":135,"column":10},"end":{"line":135,"column":15}},"66":{"start":{"line":135,"column":17},"end":{"line":135,"column":27}},"67":{"start":{"line":135,"column":29},"end":{"line":135,"column":37}},"68":{"start":{"line":135,"column":39},"end":{"line":135,"column":46}},"69":{"start":{"line":135,"column":48},"end":{"line":135,"column":60}},"70":{"start":{"line":137,"column":2},"end":{"line":142,"column":3}},"71":{"start":{"line":138,"column":3},"end":{"line":140,"column":6}},"72":{"start":{"line":139,"column":4},"end":{"line":139,"column":27}},"73":{"start":{"line":141,"column":3},"end":{"line":141,"column":10}},"74":{"start":{"line":143,"column":18},"end":{"line":149,"column":3}},"75":{"start":{"line":151,"column":39},"end":{"line":151,"column":85}},"76":{"start":{"line":152,"column":18},"end":{"line":152,"column":80}},"77":{"start":{"line":154,"column":2},"end":{"line":158,"column":3}},"78":{"start":{"line":155,"column":3},"end":{"line":157,"column":4}},"79":{"start":{"line":156,"column":4},"end":{"line":156,"column":50}},"80":{"start":{"line":159,"column":2},"end":{"line":159,"column":72}},"81":{"start":{"line":162,"column":4},"end":{"line":170,"column":5}},"82":{"start":{"line":163,"column":5},"end":{"line":169,"column":6}},"83":{"start":{"line":164,"column":3},"end":{"line":166,"column":6}},"84":{"start":{"line":165,"column":4},"end":{"line":165,"column":28}},"85":{"start":{"line":168,"column":3},"end":{"line":168,"column":19}},"86":{"start":{"line":172,"column":4},"end":{"line":176,"column":5}},"87":{"start":{"line":173,"column":2},"end":{"line":175,"column":5}},"88":{"start":{"line":174,"column":3},"end":{"line":174,"column":27}},"89":{"start":{"line":178,"column":1},"end":{"line":182,"column":2}},"90":{"start":{"line":179,"column":2},"end":{"line":181,"column":5}},"91":{"start":{"line":180,"column":3},"end":{"line":180,"column":27}},"92":{"start":{"line":184,"column":1},"end":{"line":230,"column":2}},"93":{"start":{"line":186,"column":8},"end":{"line":186,"column":127}},"94":{"start":{"line":186,"column":10},"end":{"line":186,"column":16}},"95":{"start":{"line":186,"column":18},"end":{"line":186,"column":27}},"96":{"start":{"line":186,"column":29},"end":{"line":186,"column":45}},"97":{"start":{"line":186,"column":47},"end":{"line":186,"column":61}},"98":{"start":{"line":186,"column":63},"end":{"line":186,"column":78}},"99":{"start":{"line":186,"column":80},"end":{"line":186,"column":96}},"100":{"start":{"line":186,"column":98},"end":{"line":186,"column":118}},"101":{"start":{"line":187,"column":8},"end":{"line":187,"column":95}},"102":{"start":{"line":187,"column":10},"end":{"line":187,"column":18}},"103":{"start":{"line":187,"column":20},"end":{"line":187,"column":28}},"104":{"start":{"line":187,"column":30},"end":{"line":187,"column":35}},"105":{"start":{"line":187,"column":37},"end":{"line":187,"column":47}},"106":{"start":{"line":187,"column":49},"end":{"line":187,"column":57}},"107":{"start":{"line":187,"column":59},"end":{"line":187,"column":66}},"108":{"start":{"line":187,"column":68},"end":{"line":187,"column":80}},"109":{"start":{"line":188,"column":10},"end":{"line":188,"column":18}},"110":{"start":{"line":189,"column":10},"end":{"line":189,"column":15}},"111":{"start":{"line":190,"column":8},"end":{"line":190,"column":77}},"112":{"start":{"line":190,"column":10},"end":{"line":190,"column":22}},"113":{"start":{"line":190,"column":24},"end":{"line":190,"column":46}},"114":{"start":{"line":192,"column":2},"end":{"line":194,"column":3}},"115":{"start":{"line":193,"column":3},"end":{"line":193,"column":58}},"116":{"start":{"line":196,"column":2},"end":{"line":198,"column":3}},"117":{"start":{"line":197,"column":3},"end":{"line":197,"column":91}},"118":{"start":{"line":201,"column":2},"end":{"line":229,"column":4}},"119":{"start":{"line":231,"column":0},"end":{"line":231,"column":1}},"120":{"start":{"line":233,"column":0},"end":{"line":233,"column":58}}},"fnMap":{"0":{"name":"(anonymous_5)","decl":{"start":{"line":39,"column":0},"end":{"line":null,"column":-1}},"loc":{"start":{"line":39,"column":0},"end":{"line":39,"column":-1}}},"1":{"name":"EventItemEdit","decl":{"start":{"line":40,"column":4},"end":{"line":40,"column":15}},"loc":{"start":{"line":40,"column":21},"end":{"line":61,"column":5}}},"2":{"name":"(anonymous_7)","decl":{"start":{"line":63,"column":4},"end":{"line":null,"column":-1}},"loc":{"start":{"line":63,"column":4},"end":{"line":73,"column":5}}},"3":{"name":"(anonymous_8)","decl":{"start":{"line":64,"column":16},"end":{"line":null,"column":-1}},"loc":{"start":{"line":64,"column":16},"end":{"line":72,"column":3}}},"4":{"name":"(anonymous_9)","decl":{"start":{"line":75,"column":1},"end":{"line":75,"column":19}},"loc":{"start":{"line":75,"column":70},"end":{"line":92,"column":2}}},"5":{"name":"(anonymous_10)","decl":{"start":{"line":78,"column":23},"end":{"line":78,"column":23}},"loc":{"start":{"line":78,"column":35},"end":{"line":86,"column":3}}},"6":{"name":"(anonymous_11)","decl":{"start":{"line":88,"column":17},"end":{"line":null,"column":-1}},"loc":{"start":{"line":88,"column":17},"end":{"line":90,"column":4}}},"7":{"name":"(anonymous_12)","decl":{"start":{"line":94,"column":4},"end":{"line":null,"column":-1}},"loc":{"start":{"line":94,"column":4},"end":{"line":96,"column":2}}},"8":{"name":"(anonymous_13)","decl":{"start":{"line":98,"column":4},"end":{"line":98,"column":13}},"loc":{"start":{"line":98,"column":19},"end":{"line":104,"column":5}}},"9":{"name":"(anonymous_14)","decl":{"start":{"line":100,"column":16},"end":{"line":100,"column":16}},"loc":{"start":{"line":100,"column":26},"end":{"line":103,"column":3}}},"10":{"name":"(anonymous_15)","decl":{"start":{"line":106,"column":4},"end":{"line":106,"column":24}},"loc":{"start":{"line":106,"column":30},"end":{"line":112,"column":5}}},"11":{"name":"(anonymous_16)","decl":{"start":{"line":108,"column":16},"end":{"line":108,"column":16}},"loc":{"start":{"line":108,"column":26},"end":{"line":111,"column":3}}},"12":{"name":"(anonymous_17)","decl":{"start":{"line":114,"column":4},"end":{"line":114,"column":20}},"loc":{"start":{"line":114,"column":35},"end":{"line":118,"column":5}}},"13":{"name":"(anonymous_18)","decl":{"start":{"line":115,"column":16},"end":{"line":null,"column":-1}},"loc":{"start":{"line":115,"column":16},"end":{"line":117,"column":3}}},"14":{"name":"(anonymous_19)","decl":{"start":{"line":120,"column":4},"end":{"line":120,"column":18}},"loc":{"start":{"line":120,"column":33},"end":{"line":124,"column":5}}},"15":{"name":"(anonymous_20)","decl":{"start":{"line":121,"column":16},"end":{"line":null,"column":-1}},"loc":{"start":{"line":121,"column":16},"end":{"line":123,"column":3}}},"16":{"name":"(anonymous_21)","decl":{"start":{"line":126,"column":1},"end":{"line":126,"column":7}},"loc":{"start":{"line":126,"column":13},"end":{"line":130,"column":2}}},"17":{"name":"(anonymous_22)","decl":{"start":{"line":132,"column":4},"end":{"line":132,"column":19}},"loc":{"start":{"line":132,"column":25},"end":{"line":160,"column":5}}},"18":{"name":"(anonymous_23)","decl":{"start":{"line":138,"column":17},"end":{"line":null,"column":-1}},"loc":{"start":{"line":138,"column":17},"end":{"line":140,"column":4}}},"19":{"name":"(anonymous_24)","decl":{"start":{"line":162,"column":4},"end":{"line":162,"column":25}},"loc":{"start":{"line":162,"column":31},"end":{"line":170,"column":5}}},"20":{"name":"(anonymous_25)","decl":{"start":{"line":164,"column":17},"end":{"line":null,"column":-1}},"loc":{"start":{"line":164,"column":17},"end":{"line":166,"column":4}}},"21":{"name":"(anonymous_26)","decl":{"start":{"line":172,"column":4},"end":{"line":172,"column":20}},"loc":{"start":{"line":172,"column":26},"end":{"line":176,"column":5}}},"22":{"name":"(anonymous_27)","decl":{"start":{"line":173,"column":16},"end":{"line":null,"column":-1}},"loc":{"start":{"line":173,"column":16},"end":{"line":175,"column":3}}},"23":{"name":"(anonymous_28)","decl":{"start":{"line":178,"column":1},"end":{"line":null,"column":-1}},"loc":{"start":{"line":178,"column":1},"end":{"line":182,"column":2}}},"24":{"name":"(anonymous_29)","decl":{"start":{"line":179,"column":16},"end":{"line":null,"column":-1}},"loc":{"start":{"line":179,"column":16},"end":{"line":181,"column":3}}},"25":{"name":"(anonymous_30)","decl":{"start":{"line":184,"column":1},"end":{"line":null,"column":-1}},"loc":{"start":{"line":184,"column":1},"end":{"line":230,"column":2}}}},"branchMap":{"0":{"loc":{"start":{"line":41,"column":8},"end":{"line":41,"column":20}},"type":"binary-expr","locations":[{"start":{"line":41,"column":8},"end":{"line":41,"column":20}},{"start":{"line":41,"column":20},"end":{"line":61,"column":4}}]},"1":{"loc":{"start":{"line":79,"column":3},"end":{"line":85,"column":4}},"type":"if","locations":[{"start":{"line":79,"column":3},"end":{"line":85,"column":4}},{"start":{"line":79,"column":3},"end":{"line":85,"column":4}}]},"2":{"loc":{"start":{"line":80,"column":30},"end":{"line":80,"column":32}},"type":"cond-expr","locations":[{"start":{"line":80,"column":30},"end":{"line":80,"column":32}},{"start":{"line":80,"column":35},"end":{"line":80,"column":41}}]},"3":{"loc":{"start":{"line":82,"column":4},"end":{"line":84,"column":5}},"type":"if","locations":[{"start":{"line":82,"column":4},"end":{"line":84,"column":5}},{"start":{"line":82,"column":4},"end":{"line":84,"column":5}}]},"4":{"loc":{"start":{"line":87,"column":2},"end":{"line":91,"column":3}},"type":"if","locations":[{"start":{"line":87,"column":2},"end":{"line":91,"column":3}},{"start":{"line":87,"column":2},"end":{"line":91,"column":3}}]},"5":{"loc":{"start":{"line":127,"column":2},"end":{"line":129,"column":9}},"type":"if","locations":[{"start":{"line":127,"column":2},"end":{"line":129,"column":9}},{"start":{"line":127,"column":2},"end":{"line":129,"column":9}}]},"6":{"loc":{"start":{"line":137,"column":2},"end":{"line":142,"column":3}},"type":"if","locations":[{"start":{"line":137,"column":2},"end":{"line":142,"column":3}},{"start":{"line":137,"column":2},"end":{"line":142,"column":3}}]},"7":{"loc":{"start":{"line":137,"column":6},"end":{"line":137,"column":12}},"type":"binary-expr","locations":[{"start":{"line":137,"column":6},"end":{"line":137,"column":12}},{"start":{"line":137,"column":16},"end":{"line":137,"column":27}},{"start":{"line":137,"column":31},"end":{"line":137,"column":40}},{"start":{"line":137,"column":44},"end":{"line":137,"column":65}}]},"8":{"loc":{"start":{"line":155,"column":3},"end":{"line":157,"column":4}},"type":"if","locations":[{"start":{"line":155,"column":3},"end":{"line":157,"column":4}},{"start":{"line":155,"column":3},"end":{"line":157,"column":4}}]},"9":{"loc":{"start":{"line":163,"column":5},"end":{"line":169,"column":6}},"type":"if","locations":[{"start":{"line":163,"column":5},"end":{"line":169,"column":6}},{"start":{"line":163,"column":5},"end":{"line":169,"column":6}}]},"10":{"loc":{"start":{"line":192,"column":2},"end":{"line":194,"column":3}},"type":"if","locations":[{"start":{"line":192,"column":2},"end":{"line":194,"column":3}},{"start":{"line":192,"column":2},"end":{"line":194,"column":3}}]},"11":{"loc":{"start":{"line":196,"column":2},"end":{"line":198,"column":3}},"type":"if","locations":[{"start":{"line":196,"column":2},"end":{"line":198,"column":3}},{"start":{"line":196,"column":2},"end":{"line":198,"column":3}}]},"12":{"loc":{"start":{"line":205,"column":30},"end":{"line":205,"column":67}},"type":"cond-expr","locations":[{"start":{"line":205,"column":30},"end":{"line":205,"column":67}},{"start":{"line":205,"column":71},"end":{"line":205,"column":73}}]},"13":{"loc":{"start":{"line":209,"column":30},"end":{"line":209,"column":67}},"type":"cond-expr","locations":[{"start":{"line":209,"column":30},"end":{"line":209,"column":67}},{"start":{"line":209,"column":71},"end":{"line":209,"column":73}}]},"14":{"loc":{"start":{"line":213,"column":28},"end":{"line":213,"column":99}},"type":"cond-expr","locations":[{"start":{"line":213,"column":28},"end":{"line":213,"column":99}},{"start":{"line":213,"column":103},"end":{"line":213,"column":105}}]}},"s":{"0":2,"1":2,"2":2,"3":2,"4":2,"5":2,"6":2,"7":2,"8":2,"9":0,"10":0,"11":0,"12":0,"13":0,"14":0,"15":0,"16":0,"17":0,"18":0,"19":0,"20":2,"21":0,"22":0,"23":0,"24":2,"25":0,"26":0,"27":0,"28":0,"29":0,"30":0,"31":0,"32":0,"33":0,"34":0,"35":0,"36":0,"37":2,"38":0,"39":2,"40":0,"41":0,"42":0,"43":0,"44":0,"45":0,"46":2,"47":0,"48":0,"49":0,"50":0,"51":0,"52":0,"53":2,"54":0,"55":0,"56":2,"57":0,"58":0,"59":2,"60":0,"61":0,"62":2,"63":0,"64":0,"65":0,"66":0,"67":0,"68":0,"69":0,"70":0,"71":0,"72":0,"73":0,"74":0,"75":0,"76":0,"77":0,"78":0,"79":0,"80":0,"81":2,"82":0,"83":0,"84":0,"85":0,"86":2,"87":0,"88":0,"89":2,"90":0,"91":0,"92":2,"93":0,"94":0,"95":0,"96":0,"97":0,"98":0,"99":0,"100":0,"101":0,"102":0,"103":0,"104":0,"105":0,"106":0,"107":0,"108":0,"109":0,"110":0,"111":0,"112":0,"113":0,"114":0,"115":0,"116":0,"117":0,"118":0,"119":2,"120":2},"f":{"0":2,"1":0,"2":0,"3":0,"4":0,"5":0,"6":0,"7":0,"8":0,"9":0,"10":0,"11":0,"12":0,"13":0,"14":0,"15":0,"16":0,"17":0,"18":0,"19":0,"20":0,"21":0,"22":0,"23":0,"24":0,"25":0},"b":{"0":[0,0],"1":[0,0],"2":[0,0],"3":[0,0],"4":[0,0],"5":[0,0],"6":[0,0],"7":[0,0,0,0],"8":[0,0],"9":[0,0],"10":[0,0],"11":[0,0],"12":[0,0],"13":[0,0],"14":[0,0]}}
,"C:\\Users\\kyloj\\Documents\\GitHub\\pencil4life\\client\\src\\components\\event\\event-item.tsx": {"path":"C:\\Users\\kyloj\\Documents\\GitHub\\pencil4life\\client\\src\\components\\event\\event-item.tsx","statementMap":{"0":{"start":{"line":3,"column":0},"end":{"line":3,"column":30}},"1":{"start":{"line":4,"column":0},"end":{"line":4,"column":38}},"2":{"start":{"line":5,"column":0},"end":{"line":5,"column":39}},"3":{"start":{"line":6,"column":0},"end":{"line":6,"column":33}},"4":{"start":{"line":7,"column":0},"end":{"line":7,"column":63}},"5":{"start":{"line":8,"column":0},"end":{"line":8,"column":66}},"6":{"start":{"line":15,"column":0},"end":{"line":15,"column":39}},"7":{"start":{"line":15,"column":24},"end":{"line":15,"column":55}},"8":{"start":{"line":20,"column":4},"end":{"line":22,"column":2}},"9":{"start":{"line":21,"column":2},"end":{"line":21,"column":73}},"10":{"start":{"line":24,"column":1},"end":{"line":69,"column":2}},"11":{"start":{"line":25,"column":8},"end":{"line":25,"column":25}},"12":{"start":{"line":26,"column":10},"end":{"line":26,"column":15}},"13":{"start":{"line":27,"column":8},"end":{"line":27,"column":115}},"14":{"start":{"line":27,"column":10},"end":{"line":27,"column":22}},"15":{"start":{"line":27,"column":24},"end":{"line":27,"column":29}},"16":{"start":{"line":27,"column":31},"end":{"line":27,"column":41}},"17":{"start":{"line":27,"column":43},"end":{"line":27,"column":51}},"18":{"start":{"line":27,"column":53},"end":{"line":27,"column":60}},"19":{"start":{"line":27,"column":62},"end":{"line":27,"column":84}},"20":{"start":{"line":29,"column":22},"end":{"line":29,"column":40}},"21":{"start":{"line":30,"column":20},"end":{"line":30,"column":36}},"22":{"start":{"line":32,"column":19},"end":{"line":39,"column":3}},"23":{"start":{"line":41,"column":17},"end":{"line":41,"column":57}},"24":{"start":{"line":43,"column":15},"end":{"line":43,"column":53}},"25":{"start":{"line":45,"column":18},"end":{"line":45,"column":48}},"26":{"start":{"line":46,"column":16},"end":{"line":46,"column":44}},"27":{"start":{"line":48,"column":17},"end":{"line":48,"column":46}},"28":{"start":{"line":50,"column":2},"end":{"line":52,"column":3}},"29":{"start":{"line":51,"column":3},"end":{"line":51,"column":20}},"30":{"start":{"line":54,"column":2},"end":{"line":58,"column":3}},"31":{"start":{"line":55,"column":3},"end":{"line":55,"column":50}},"32":{"start":{"line":56,"column":9},"end":{"line":58,"column":3}},"33":{"start":{"line":57,"column":3},"end":{"line":57,"column":35}},"34":{"start":{"line":60,"column":16},"end":{"line":60,"column":106}},"35":{"start":{"line":62,"column":2},"end":{"line":68,"column":4}},"36":{"start":{"line":70,"column":0},"end":{"line":70,"column":1}},"37":{"start":{"line":72,"column":0},"end":{"line":72,"column":54}}},"fnMap":{"0":{"name":"(anonymous_5)","decl":{"start":{"line":15,"column":0},"end":{"line":null,"column":-1}},"loc":{"start":{"line":15,"column":0},"end":{"line":15,"column":-1}}},"1":{"name":"EventItem","decl":{"start":{"line":16,"column":4},"end":{"line":16,"column":15}},"loc":{"start":{"line":16,"column":21},"end":{"line":18,"column":5}}},"2":{"name":"(anonymous_7)","decl":{"start":{"line":20,"column":4},"end":{"line":null,"column":-1}},"loc":{"start":{"line":20,"column":4},"end":{"line":22,"column":2}}},"3":{"name":"(anonymous_8)","decl":{"start":{"line":24,"column":1},"end":{"line":null,"column":-1}},"loc":{"start":{"line":24,"column":1},"end":{"line":69,"column":2}}}},"branchMap":{"0":{"loc":{"start":{"line":17,"column":2},"end":{"line":17,"column":14}},"type":"binary-expr","locations":[{"start":{"line":17,"column":2},"end":{"line":17,"column":14}},{"start":{"line":17,"column":14},"end":{"line":null,"column":-1}}]},"1":{"loc":{"start":{"line":50,"column":2},"end":{"line":52,"column":3}},"type":"if","locations":[{"start":{"line":50,"column":2},"end":{"line":52,"column":3}},{"start":{"line":50,"column":2},"end":{"line":52,"column":3}}]},"2":{"loc":{"start":{"line":54,"column":2},"end":{"line":58,"column":3}},"type":"if","locations":[{"start":{"line":54,"column":2},"end":{"line":58,"column":3}},{"start":{"line":54,"column":2},"end":{"line":58,"column":3}}]},"3":{"loc":{"start":{"line":56,"column":9},"end":{"line":58,"column":3}},"type":"if","locations":[{"start":{"line":56,"column":9},"end":{"line":58,"column":3}},{"start":{"line":56,"column":9},"end":{"line":58,"column":3}}]},"4":{"loc":{"start":{"line":64,"column":13},"end":{"line":64,"column":94}},"type":"cond-expr","locations":[{"start":{"line":64,"column":13},"end":{"line":64,"column":94}},{"start":{"line":64,"column":97},"end":{"line":64,"column":99}}]}},"s":{"0":2,"1":2,"2":2,"3":2,"4":2,"5":2,"6":2,"7":2,"8":2,"9":0,"10":2,"11":0,"12":0,"13":0,"14":0,"15":0,"16":0,"17":0,"18":0,"19":0,"20":0,"21":0,"22":0,"23":0,"24":0,"25":0,"26":0,"27":0,"28":0,"29":0,"30":0,"31":0,"32":0,"33":0,"34":0,"35":0,"36":2,"37":2},"f":{"0":2,"1":0,"2":0,"3":0},"b":{"0":[0,0],"1":[0,0],"2":[0,0],"3":[0,0],"4":[0,0]}}
,"C:\\Users\\kyloj\\Documents\\GitHub\\pencil4life\\client\\src\\components\\event\\event-list-item.tsx": {"path":"C:\\Users\\kyloj\\Documents\\GitHub\\pencil4life\\client\\src\\components\\event\\event-list-item.tsx","statementMap":{"0":{"start":{"line":3,"column":0},"end":{"line":3,"column":30}},"1":{"start":{"line":4,"column":0},"end":{"line":4,"column":38}},"2":{"start":{"line":5,"column":0},"end":{"line":5,"column":51}},"3":{"start":{"line":6,"column":0},"end":{"line":6,"column":32}},"4":{"start":{"line":7,"column":0},"end":{"line":7,"column":63}},"5":{"start":{"line":16,"column":0},"end":{"line":16,"column":43}},"6":{"start":{"line":16,"column":28},"end":{"line":16,"column":63}},"7":{"start":{"line":21,"column":4},"end":{"line":23,"column":2}},"8":{"start":{"line":22,"column":2},"end":{"line":22,"column":56}},"9":{"start":{"line":25,"column":1},"end":{"line":78,"column":2}},"10":{"start":{"line":26,"column":8},"end":{"line":26,"column":52}},"11":{"start":{"line":26,"column":10},"end":{"line":26,"column":24}},"12":{"start":{"line":26,"column":26},"end":{"line":26,"column":38}},"13":{"start":{"line":27,"column":8},"end":{"line":27,"column":101}},"14":{"start":{"line":27,"column":10},"end":{"line":27,"column":15}},"15":{"start":{"line":27,"column":17},"end":{"line":27,"column":27}},"16":{"start":{"line":27,"column":29},"end":{"line":27,"column":37}},"17":{"start":{"line":27,"column":39},"end":{"line":27,"column":46}},"18":{"start":{"line":27,"column":48},"end":{"line":27,"column":70}},"19":{"start":{"line":29,"column":22},"end":{"line":29,"column":40}},"20":{"start":{"line":30,"column":20},"end":{"line":30,"column":36}},"21":{"start":{"line":32,"column":17},"end":{"line":39,"column":4}},"22":{"start":{"line":41,"column":15},"end":{"line":48,"column":4}},"23":{"start":{"line":50,"column":18},"end":{"line":50,"column":48}},"24":{"start":{"line":51,"column":16},"end":{"line":51,"column":44}},"25":{"start":{"line":53,"column":17},"end":{"line":53,"column":46}},"26":{"start":{"line":55,"column":2},"end":{"line":57,"column":3}},"27":{"start":{"line":56,"column":3},"end":{"line":56,"column":20}},"28":{"start":{"line":59,"column":2},"end":{"line":63,"column":3}},"29":{"start":{"line":60,"column":3},"end":{"line":60,"column":50}},"30":{"start":{"line":61,"column":9},"end":{"line":63,"column":3}},"31":{"start":{"line":62,"column":3},"end":{"line":62,"column":35}},"32":{"start":{"line":66,"column":16},"end":{"line":66,"column":130}},"33":{"start":{"line":68,"column":23},"end":{"line":68,"column":123}},"34":{"start":{"line":70,"column":2},"end":{"line":77,"column":4}},"35":{"start":{"line":79,"column":0},"end":{"line":79,"column":1}},"36":{"start":{"line":86,"column":0},"end":{"line":86,"column":44}}},"fnMap":{"0":{"name":"(anonymous_5)","decl":{"start":{"line":16,"column":0},"end":{"line":null,"column":-1}},"loc":{"start":{"line":16,"column":0},"end":{"line":16,"column":-1}}},"1":{"name":"EventListItem","decl":{"start":{"line":17,"column":4},"end":{"line":17,"column":15}},"loc":{"start":{"line":17,"column":21},"end":{"line":19,"column":5}}},"2":{"name":"(anonymous_7)","decl":{"start":{"line":21,"column":4},"end":{"line":null,"column":-1}},"loc":{"start":{"line":21,"column":4},"end":{"line":23,"column":2}}},"3":{"name":"(anonymous_8)","decl":{"start":{"line":25,"column":1},"end":{"line":null,"column":-1}},"loc":{"start":{"line":25,"column":1},"end":{"line":78,"column":2}}}},"branchMap":{"0":{"loc":{"start":{"line":18,"column":8},"end":{"line":18,"column":20}},"type":"binary-expr","locations":[{"start":{"line":18,"column":8},"end":{"line":18,"column":20}},{"start":{"line":18,"column":20},"end":{"line":null,"column":-1}}]},"1":{"loc":{"start":{"line":55,"column":2},"end":{"line":57,"column":3}},"type":"if","locations":[{"start":{"line":55,"column":2},"end":{"line":57,"column":3}},{"start":{"line":55,"column":2},"end":{"line":57,"column":3}}]},"2":{"loc":{"start":{"line":59,"column":2},"end":{"line":63,"column":3}},"type":"if","locations":[{"start":{"line":59,"column":2},"end":{"line":63,"column":3}},{"start":{"line":59,"column":2},"end":{"line":63,"column":3}}]},"3":{"loc":{"start":{"line":61,"column":9},"end":{"line":63,"column":3}},"type":"if","locations":[{"start":{"line":61,"column":9},"end":{"line":63,"column":3}},{"start":{"line":61,"column":9},"end":{"line":63,"column":3}}]},"4":{"loc":{"start":{"line":66,"column":117},"end":{"line":66,"column":124}},"type":"cond-expr","locations":[{"start":{"line":66,"column":117},"end":{"line":66,"column":124}},{"start":{"line":66,"column":127},"end":{"line":66,"column":129}}]},"5":{"loc":{"start":{"line":68,"column":41},"end":{"line":68,"column":117}},"type":"cond-expr","locations":[{"start":{"line":68,"column":41},"end":{"line":68,"column":117}},{"start":{"line":68,"column":121},"end":{"line":68,"column":123}}]}},"s":{"0":7,"1":7,"2":7,"3":7,"4":7,"5":7,"6":7,"7":7,"8":0,"9":7,"10":0,"11":0,"12":0,"13":0,"14":0,"15":0,"16":0,"17":0,"18":0,"19":0,"20":0,"21":0,"22":0,"23":0,"24":0,"25":0,"26":0,"27":0,"28":0,"29":0,"30":0,"31":0,"32":0,"33":0,"34":0,"35":7,"36":7},"f":{"0":7,"1":0,"2":0,"3":0},"b":{"0":[0,0],"1":[0,0],"2":[0,0],"3":[0,0],"4":[0,0],"5":[0,0]}}
,"C:\\Users\\kyloj\\Documents\\GitHub\\pencil4life\\client\\src\\components\\event\\event-list.tsx": {"path":"C:\\Users\\kyloj\\Documents\\GitHub\\pencil4life\\client\\src\\components\\event\\event-list.tsx","statementMap":{"0":{"start":{"line":3,"column":0},"end":{"line":3,"column":30}},"1":{"start":{"line":4,"column":0},"end":{"line":4,"column":51}},"2":{"start":{"line":5,"column":0},"end":{"line":5,"column":69}},"3":{"start":{"line":6,"column":0},"end":{"line":6,"column":66}},"4":{"start":{"line":7,"column":0},"end":{"line":7,"column":63}},"5":{"start":{"line":20,"column":0},"end":{"line":20,"column":39}},"6":{"start":{"line":20,"column":24},"end":{"line":20,"column":55}},"7":{"start":{"line":31,"column":4},"end":{"line":36,"column":5}},"8":{"start":{"line":32,"column":17},"end":{"line":34,"column":3}},"9":{"start":{"line":35,"column":2},"end":{"line":35,"column":39}},"10":{"start":{"line":38,"column":4},"end":{"line":55,"column":5}},"11":{"start":{"line":39,"column":18},"end":{"line":39,"column":23}},"12":{"start":{"line":40,"column":28},"end":{"line":40,"column":50}},"13":{"start":{"line":41,"column":31},"end":{"line":41,"column":54}},"14":{"start":{"line":43,"column":5},"end":{"line":45,"column":6}},"15":{"start":{"line":44,"column":6},"end":{"line":44,"column":20}},"16":{"start":{"line":47,"column":5},"end":{"line":53,"column":6}},"17":{"start":{"line":48,"column":18},"end":{"line":51,"column":7}},"18":{"start":{"line":52,"column":3},"end":{"line":52,"column":41}},"19":{"start":{"line":57,"column":1},"end":{"line":82,"column":2}},"20":{"start":{"line":58,"column":10},"end":{"line":58,"column":24}},"21":{"start":{"line":59,"column":10},"end":{"line":59,"column":20}},"22":{"start":{"line":60,"column":10},"end":{"line":60,"column":15}},"23":{"start":{"line":63,"column":22},"end":{"line":63,"column":24}},"24":{"start":{"line":64,"column":2},"end":{"line":68,"column":3}},"25":{"start":{"line":65,"column":12},"end":{"line":67,"column":6}},"26":{"start":{"line":66,"column":4},"end":{"line":66,"column":120}},"27":{"start":{"line":69,"column":2},"end":{"line":81,"column":4}},"28":{"start":{"line":21,"column":15},"end":{"line":25,"column":2}},"29":{"start":{"line":83,"column":0},"end":{"line":83,"column":1}},"30":{"start":{"line":85,"column":0},"end":{"line":85,"column":66}}},"fnMap":{"0":{"name":"(anonymous_5)","decl":{"start":{"line":20,"column":0},"end":{"line":null,"column":-1}},"loc":{"start":{"line":20,"column":0},"end":{"line":20,"column":-1}}},"1":{"name":"EventList","decl":{"start":{"line":27,"column":4},"end":{"line":27,"column":15}},"loc":{"start":{"line":27,"column":21},"end":{"line":29,"column":5}}},"2":{"name":"(anonymous_7)","decl":{"start":{"line":31,"column":4},"end":{"line":null,"column":-1}},"loc":{"start":{"line":31,"column":4},"end":{"line":36,"column":5}}},"3":{"name":"(anonymous_8)","decl":{"start":{"line":38,"column":4},"end":{"line":38,"column":22}},"loc":{"start":{"line":38,"column":53},"end":{"line":55,"column":5}}},"4":{"name":"(anonymous_9)","decl":{"start":{"line":57,"column":1},"end":{"line":null,"column":-1}},"loc":{"start":{"line":57,"column":1},"end":{"line":82,"column":2}}},"5":{"name":"(anonymous_10)","decl":{"start":{"line":65,"column":31},"end":{"line":65,"column":31}},"loc":{"start":{"line":65,"column":44},"end":{"line":67,"column":4}}}},"branchMap":{"0":{"loc":{"start":{"line":28,"column":8},"end":{"line":28,"column":20}},"type":"binary-expr","locations":[{"start":{"line":28,"column":8},"end":{"line":28,"column":20}},{"start":{"line":28,"column":20},"end":{"line":null,"column":-1}}]},"1":{"loc":{"start":{"line":43,"column":5},"end":{"line":45,"column":6}},"type":"if","locations":[{"start":{"line":43,"column":5},"end":{"line":45,"column":6}},{"start":{"line":43,"column":5},"end":{"line":45,"column":6}}]},"2":{"loc":{"start":{"line":47,"column":5},"end":{"line":53,"column":6}},"type":"if","locations":[{"start":{"line":47,"column":5},"end":{"line":53,"column":6}},{"start":{"line":47,"column":5},"end":{"line":53,"column":6}}]},"3":{"loc":{"start":{"line":50,"column":14},"end":{"line":50,"column":30}},"type":"binary-expr","locations":[{"start":{"line":50,"column":14},"end":{"line":50,"column":30}},{"start":{"line":50,"column":34},"end":{"line":50,"column":36}}]},"4":{"loc":{"start":{"line":64,"column":2},"end":{"line":68,"column":3}},"type":"if","locations":[{"start":{"line":64,"column":2},"end":{"line":68,"column":3}},{"start":{"line":64,"column":2},"end":{"line":68,"column":3}}]},"5":{"loc":{"start":{"line":72,"column":5},"end":{"line":75,"column":11}},"type":"cond-expr","locations":[{"start":{"line":72,"column":5},"end":{"line":75,"column":11}},{"start":{"line":76,"column":8},"end":{"line":76,"column":10}}]}},"s":{"0":5,"1":5,"2":5,"3":5,"4":5,"5":5,"6":5,"7":5,"8":0,"9":0,"10":5,"11":0,"12":0,"13":0,"14":0,"15":0,"16":0,"17":0,"18":0,"19":5,"20":0,"21":0,"22":0,"23":0,"24":0,"25":0,"26":0,"27":0,"28":5,"29":5,"30":5},"f":{"0":5,"1":0,"2":0,"3":0,"4":0,"5":0},"b":{"0":[0,0],"1":[0,0],"2":[0,0],"3":[0,0],"4":[0,0],"5":[0,0]}}
,"C:\\Users\\kyloj\\Documents\\GitHub\\pencil4life\\client\\src\\components\\event\\event-new-item.tsx": {"path":"C:\\Users\\kyloj\\Documents\\GitHub\\pencil4life\\client\\src\\components\\event\\event-new-item.tsx","statementMap":{"0":{"start":{"line":3,"column":0},"end":{"line":3,"column":30}},"1":{"start":{"line":4,"column":0},"end":{"line":4,"column":38}},"2":{"start":{"line":5,"column":0},"end":{"line":5,"column":53}},"3":{"start":{"line":6,"column":0},"end":{"line":6,"column":42}},"4":{"start":{"line":7,"column":0},"end":{"line":7,"column":66}},"5":{"start":{"line":10,"column":0},"end":{"line":10,"column":83}},"6":{"start":{"line":37,"column":0},"end":{"line":37,"column":42}},"7":{"start":{"line":37,"column":27},"end":{"line":37,"column":101}},"8":{"start":{"line":39,"column":8},"end":{"line":39,"column":20}},"9":{"start":{"line":128,"column":1},"end":{"line":128,"column":65}},"10":{"start":{"line":40,"column":8},"end":{"line":47,"column":10}},"11":{"start":{"line":49,"column":2},"end":{"line":49,"column":39}},"12":{"start":{"line":50,"column":2},"end":{"line":50,"column":59}},"13":{"start":{"line":51,"column":2},"end":{"line":51,"column":55}},"14":{"start":{"line":52,"column":2},"end":{"line":52,"column":57}},"15":{"start":{"line":53,"column":2},"end":{"line":53,"column":69}},"16":{"start":{"line":54,"column":2},"end":{"line":54,"column":59}},"17":{"start":{"line":57,"column":1},"end":{"line":61,"column":2}},"18":{"start":{"line":58,"column":2},"end":{"line":60,"column":9}},"19":{"start":{"line":59,"column":12},"end":{"line":59,"column":40}},"20":{"start":{"line":63,"column":4},"end":{"line":67,"column":5}},"21":{"start":{"line":64,"column":2},"end":{"line":66,"column":5}},"22":{"start":{"line":65,"column":3},"end":{"line":65,"column":39}},"23":{"start":{"line":69,"column":4},"end":{"line":73,"column":5}},"24":{"start":{"line":70,"column":2},"end":{"line":72,"column":5}},"25":{"start":{"line":71,"column":3},"end":{"line":71,"column":37}},"26":{"start":{"line":75,"column":4},"end":{"line":108,"column":5}},"27":{"start":{"line":76,"column":2},"end":{"line":76,"column":25}},"28":{"start":{"line":77,"column":14},"end":{"line":77,"column":41}},"29":{"start":{"line":78,"column":19},"end":{"line":78,"column":40}},"30":{"start":{"line":79,"column":17},"end":{"line":79,"column":36}},"31":{"start":{"line":80,"column":16},"end":{"line":80,"column":34}},"32":{"start":{"line":81,"column":2},"end":{"line":86,"column":3}},"33":{"start":{"line":82,"column":3},"end":{"line":84,"column":6}},"34":{"start":{"line":83,"column":4},"end":{"line":83,"column":28}},"35":{"start":{"line":85,"column":3},"end":{"line":85,"column":10}},"36":{"start":{"line":88,"column":2},"end":{"line":94,"column":3}},"37":{"start":{"line":89,"column":3},"end":{"line":91,"column":6}},"38":{"start":{"line":90,"column":4},"end":{"line":90,"column":28}},"39":{"start":{"line":93,"column":3},"end":{"line":93,"column":10}},"40":{"start":{"line":96,"column":37},"end":{"line":101,"column":3}},"41":{"start":{"line":103,"column":2},"end":{"line":103,"column":68}},"42":{"start":{"line":105,"column":2},"end":{"line":107,"column":5}},"43":{"start":{"line":106,"column":3},"end":{"line":106,"column":28}},"44":{"start":{"line":110,"column":4},"end":{"line":120,"column":5}},"45":{"start":{"line":111,"column":5},"end":{"line":119,"column":6}},"46":{"start":{"line":112,"column":3},"end":{"line":114,"column":6}},"47":{"start":{"line":113,"column":4},"end":{"line":113,"column":28}},"48":{"start":{"line":116,"column":3},"end":{"line":118,"column":6}},"49":{"start":{"line":117,"column":4},"end":{"line":117,"column":40}},"50":{"start":{"line":122,"column":4},"end":{"line":126,"column":2}},"51":{"start":{"line":123,"column":2},"end":{"line":125,"column":5}},"52":{"start":{"line":124,"column":3},"end":{"line":124,"column":27}},"53":{"start":{"line":130,"column":1},"end":{"line":167,"column":2}},"54":{"start":{"line":131,"column":8},"end":{"line":131,"column":42}},"55":{"start":{"line":131,"column":10},"end":{"line":131,"column":16}},"56":{"start":{"line":131,"column":18},"end":{"line":131,"column":33}},"57":{"start":{"line":132,"column":8},"end":{"line":132,"column":59}},"58":{"start":{"line":132,"column":10},"end":{"line":132,"column":22}},"59":{"start":{"line":132,"column":24},"end":{"line":132,"column":34}},"60":{"start":{"line":132,"column":36},"end":{"line":132,"column":44}},"61":{"start":{"line":133,"column":10},"end":{"line":133,"column":18}},"62":{"start":{"line":136,"column":2},"end":{"line":138,"column":3}},"63":{"start":{"line":137,"column":3},"end":{"line":137,"column":69}},"64":{"start":{"line":139,"column":2},"end":{"line":141,"column":3}},"65":{"start":{"line":140,"column":3},"end":{"line":140,"column":91}},"66":{"start":{"line":143,"column":2},"end":{"line":166,"column":4}},"67":{"start":{"line":168,"column":0},"end":{"line":168,"column":1}},"68":{"start":{"line":170,"column":0},"end":{"line":170,"column":69}}},"fnMap":{"0":{"name":"(anonymous_5)","decl":{"start":{"line":37,"column":0},"end":{"line":null,"column":-1}},"loc":{"start":{"line":37,"column":0},"end":{"line":37,"column":-1}}},"1":{"name":"EventNewItem","decl":{"start":{"line":38,"column":4},"end":{"line":38,"column":15}},"loc":{"start":{"line":38,"column":21},"end":{"line":55,"column":5}}},"2":{"name":"(anonymous_7)","decl":{"start":{"line":57,"column":1},"end":{"line":57,"column":7}},"loc":{"start":{"line":57,"column":13},"end":{"line":61,"column":2}}},"3":{"name":"(anonymous_8)","decl":{"start":{"line":63,"column":4},"end":{"line":63,"column":20}},"loc":{"start":{"line":63,"column":35},"end":{"line":67,"column":5}}},"4":{"name":"(anonymous_9)","decl":{"start":{"line":64,"column":16},"end":{"line":null,"column":-1}},"loc":{"start":{"line":64,"column":16},"end":{"line":66,"column":3}}},"5":{"name":"(anonymous_10)","decl":{"start":{"line":69,"column":4},"end":{"line":69,"column":18}},"loc":{"start":{"line":69,"column":33},"end":{"line":73,"column":5}}},"6":{"name":"(anonymous_11)","decl":{"start":{"line":70,"column":16},"end":{"line":null,"column":-1}},"loc":{"start":{"line":70,"column":16},"end":{"line":72,"column":3}}},"7":{"name":"(anonymous_12)","decl":{"start":{"line":75,"column":4},"end":{"line":75,"column":19}},"loc":{"start":{"line":75,"column":25},"end":{"line":108,"column":5}}},"8":{"name":"(anonymous_13)","decl":{"start":{"line":82,"column":17},"end":{"line":null,"column":-1}},"loc":{"start":{"line":82,"column":17},"end":{"line":84,"column":4}}},"9":{"name":"(anonymous_14)","decl":{"start":{"line":89,"column":17},"end":{"line":null,"column":-1}},"loc":{"start":{"line":89,"column":17},"end":{"line":91,"column":4}}},"10":{"name":"(anonymous_15)","decl":{"start":{"line":105,"column":16},"end":{"line":null,"column":-1}},"loc":{"start":{"line":105,"column":16},"end":{"line":107,"column":3}}},"11":{"name":"(anonymous_16)","decl":{"start":{"line":110,"column":4},"end":{"line":110,"column":25}},"loc":{"start":{"line":110,"column":45},"end":{"line":120,"column":5}}},"12":{"name":"(anonymous_17)","decl":{"start":{"line":112,"column":17},"end":{"line":null,"column":-1}},"loc":{"start":{"line":112,"column":17},"end":{"line":114,"column":4}}},"13":{"name":"(anonymous_18)","decl":{"start":{"line":116,"column":17},"end":{"line":null,"column":-1}},"loc":{"start":{"line":116,"column":17},"end":{"line":118,"column":4}}},"14":{"name":"(anonymous_19)","decl":{"start":{"line":122,"column":4},"end":{"line":122,"column":20}},"loc":{"start":{"line":122,"column":26},"end":{"line":126,"column":2}}},"15":{"name":"(anonymous_20)","decl":{"start":{"line":123,"column":16},"end":{"line":null,"column":-1}},"loc":{"start":{"line":123,"column":16},"end":{"line":125,"column":3}}},"16":{"name":"(anonymous_21)","decl":{"start":{"line":130,"column":1},"end":{"line":null,"column":-1}},"loc":{"start":{"line":130,"column":1},"end":{"line":167,"column":2}}}},"branchMap":{"0":{"loc":{"start":{"line":39,"column":8},"end":{"line":39,"column":20}},"type":"binary-expr","locations":[{"start":{"line":39,"column":8},"end":{"line":39,"column":20}},{"start":{"line":39,"column":20},"end":{"line":55,"column":4}}]},"1":{"loc":{"start":{"line":58,"column":2},"end":{"line":60,"column":9}},"type":"if","locations":[{"start":{"line":58,"column":2},"end":{"line":60,"column":9}},{"start":{"line":58,"column":2},"end":{"line":60,"column":9}}]},"2":{"loc":{"start":{"line":81,"column":2},"end":{"line":86,"column":3}},"type":"if","locations":[{"start":{"line":81,"column":2},"end":{"line":86,"column":3}},{"start":{"line":81,"column":2},"end":{"line":86,"column":3}}]},"3":{"loc":{"start":{"line":81,"column":6},"end":{"line":81,"column":12}},"type":"binary-expr","locations":[{"start":{"line":81,"column":6},"end":{"line":81,"column":12}},{"start":{"line":81,"column":16},"end":{"line":81,"column":27}},{"start":{"line":81,"column":31},"end":{"line":81,"column":40}}]},"4":{"loc":{"start":{"line":88,"column":2},"end":{"line":94,"column":3}},"type":"if","locations":[{"start":{"line":88,"column":2},"end":{"line":94,"column":3}},{"start":{"line":88,"column":2},"end":{"line":94,"column":3}}]},"5":{"loc":{"start":{"line":111,"column":5},"end":{"line":119,"column":6}},"type":"if","locations":[{"start":{"line":111,"column":5},"end":{"line":119,"column":6}},{"start":{"line":111,"column":5},"end":{"line":119,"column":6}}]},"6":{"loc":{"start":{"line":136,"column":2},"end":{"line":138,"column":3}},"type":"if","locations":[{"start":{"line":136,"column":2},"end":{"line":138,"column":3}},{"start":{"line":136,"column":2},"end":{"line":138,"column":3}}]},"7":{"loc":{"start":{"line":139,"column":2},"end":{"line":141,"column":3}},"type":"if","locations":[{"start":{"line":139,"column":2},"end":{"line":141,"column":3}},{"start":{"line":139,"column":2},"end":{"line":141,"column":3}}]},"8":{"loc":{"start":{"line":147,"column":41},"end":{"line":147,"column":78}},"type":"cond-expr","locations":[{"start":{"line":147,"column":41},"end":{"line":147,"column":78}},{"start":{"line":147,"column":82},"end":{"line":147,"column":84}}]},"9":{"loc":{"start":{"line":151,"column":41},"end":{"line":151,"column":78}},"type":"cond-expr","locations":[{"start":{"line":151,"column":41},"end":{"line":151,"column":78}},{"start":{"line":151,"column":82},"end":{"line":151,"column":84}}]},"10":{"loc":{"start":{"line":155,"column":39},"end":{"line":155,"column":109}},"type":"cond-expr","locations":[{"start":{"line":155,"column":39},"end":{"line":155,"column":109}},{"start":{"line":155,"column":113},"end":{"line":155,"column":115}}]}},"s":{"0":1,"1":1,"2":1,"3":1,"4":1,"5":1,"6":1,"7":1,"8":0,"9":0,"10":0,"11":0,"12":0,"13":0,"14":0,"15":0,"16":0,"17":1,"18":0,"19":0,"20":1,"21":0,"22":0,"23":1,"24":0,"25":0,"26":1,"27":0,"28":0,"29":0,"30":0,"31":0,"32":0,"33":0,"34":0,"35":0,"36":0,"37":0,"38":0,"39":0,"40":0,"41":0,"42":0,"43":0,"44":1,"45":0,"46":0,"47":0,"48":0,"49":0,"50":1,"51":0,"52":0,"53":1,"54":0,"55":0,"56":0,"57":0,"58":0,"59":0,"60":0,"61":0,"62":0,"63":0,"64":0,"65":0,"66":0,"67":1,"68":1},"f":{"0":1,"1":0,"2":0,"3":0,"4":0,"5":0,"6":0,"7":0,"8":0,"9":0,"10":0,"11":0,"12":0,"13":0,"14":0,"15":0,"16":0},"b":{"0":[0,0],"1":[0,0],"2":[0,0],"3":[0,0,0],"4":[0,0],"5":[0,0],"6":[0,0],"7":[0,0],"8":[0,0],"9":[0,0],"10":[0,0]}}
,"C:\\Users\\kyloj\\Documents\\GitHub\\pencil4life\\client\\src\\components\\event\\event-page.tsx": {"path":"C:\\Users\\kyloj\\Documents\\GitHub\\pencil4life\\client\\src\\components\\event\\event-page.tsx","statementMap":{"0":{"start":{"line":3,"column":0},"end":{"line":3,"column":30}},"1":{"start":{"line":4,"column":0},"end":{"line":4,"column":36}},"2":{"start":{"line":5,"column":0},"end":{"line":5,"column":66}},"3":{"start":{"line":19,"column":0},"end":{"line":19,"column":39}},"4":{"start":{"line":19,"column":24},"end":{"line":19,"column":89}},"5":{"start":{"line":21,"column":8},"end":{"line":21,"column":20}},"6":{"start":{"line":22,"column":8},"end":{"line":24,"column":10}},"7":{"start":{"line":26,"column":2},"end":{"line":26,"column":67}},"8":{"start":{"line":29,"column":4},"end":{"line":36,"column":5}},"9":{"start":{"line":30,"column":14},"end":{"line":30,"column":46}},"10":{"start":{"line":30,"column":16},"end":{"line":30,"column":20}},"11":{"start":{"line":30,"column":22},"end":{"line":30,"column":29}},"12":{"start":{"line":32,"column":8},"end":{"line":35,"column":11}},"13":{"start":{"line":33,"column":12},"end":{"line":33,"column":38}},"14":{"start":{"line":34,"column":12},"end":{"line":34,"column":29}},"15":{"start":{"line":38,"column":1},"end":{"line":56,"column":2}},"16":{"start":{"line":39,"column":16},"end":{"line":39,"column":36}},"17":{"start":{"line":40,"column":16},"end":{"line":40,"column":28}},"18":{"start":{"line":41,"column":16},"end":{"line":41,"column":21}},"19":{"start":{"line":43,"column":27},"end":{"line":48,"column":14}},"20":{"start":{"line":50,"column":8},"end":{"line":55,"column":4}},"21":{"start":{"line":57,"column":0},"end":{"line":57,"column":1}},"22":{"start":{"line":59,"column":0},"end":{"line":59,"column":39}}},"fnMap":{"0":{"name":"(anonymous_5)","decl":{"start":{"line":19,"column":0},"end":{"line":null,"column":-1}},"loc":{"start":{"line":19,"column":0},"end":{"line":19,"column":-1}}},"1":{"name":"EventPage","decl":{"start":{"line":20,"column":4},"end":{"line":20,"column":15}},"loc":{"start":{"line":20,"column":21},"end":{"line":27,"column":5}}},"2":{"name":"(anonymous_7)","decl":{"start":{"line":29,"column":4},"end":{"line":29,"column":24}},"loc":{"start":{"line":29,"column":30},"end":{"line":36,"column":5}}},"3":{"name":"(anonymous_8)","decl":{"start":{"line":32,"column":22},"end":{"line":32,"column":22}},"loc":{"start":{"line":32,"column":32},"end":{"line":35,"column":9}}},"4":{"name":"(anonymous_9)","decl":{"start":{"line":38,"column":1},"end":{"line":null,"column":-1}},"loc":{"start":{"line":38,"column":1},"end":{"line":56,"column":2}}}},"branchMap":{"0":{"loc":{"start":{"line":21,"column":8},"end":{"line":21,"column":20}},"type":"binary-expr","locations":[{"start":{"line":21,"column":8},"end":{"line":21,"column":20}},{"start":{"line":21,"column":20},"end":{"line":27,"column":4}}]},"1":{"loc":{"start":{"line":44,"column":12},"end":{"line":47,"column":18}},"type":"cond-expr","locations":[{"start":{"line":44,"column":12},"end":{"line":47,"column":18}},{"start":{"line":48,"column":12},"end":{"line":48,"column":14}}]}},"s":{"0":2,"1":2,"2":2,"3":2,"4":2,"5":0,"6":0,"7":0,"8":2,"9":0,"10":0,"11":0,"12":0,"13":0,"14":0,"15":2,"16":0,"17":0,"18":0,"19":0,"20":0,"21":2,"22":2},"f":{"0":2,"1":0,"2":0,"3":0,"4":0},"b":{"0":[0,0],"1":[0,0]}}
,"C:\\Users\\kyloj\\Documents\\GitHub\\pencil4life\\client\\src\\components\\event\\event-provider.tsx": {"path":"C:\\Users\\kyloj\\Documents\\GitHub\\pencil4life\\client\\src\\components\\event\\event-provider.tsx","statementMap":{"0":{"start":{"line":3,"column":0},"end":{"line":3,"column":30}},"1":{"start":{"line":4,"column":0},"end":{"line":4,"column":42}},"2":{"start":{"line":5,"column":0},"end":{"line":5,"column":32}},"3":{"start":{"line":12,"column":32},"end":{"line":32,"column":1}},"4":{"start":{"line":14,"column":8},"end":{"line":14,"column":97}},"5":{"start":{"line":17,"column":8},"end":{"line":17,"column":94}},"6":{"start":{"line":20,"column":8},"end":{"line":20,"column":94}},"7":{"start":{"line":23,"column":8},"end":{"line":23,"column":103}},"8":{"start":{"line":34,"column":13},"end":{"line":34,"column":57}},"9":{"start":{"line":85,"column":0},"end":{"line":85,"column":49}},"10":{"start":{"line":85,"column":34},"end":{"line":85,"column":111}},"11":{"start":{"line":98,"column":8},"end":{"line":98,"column":20}},"12":{"start":{"line":99,"column":8},"end":{"line":99,"column":45}},"13":{"start":{"line":100,"column":8},"end":{"line":100,"column":59}},"14":{"start":{"line":101,"column":8},"end":{"line":101,"column":57}},"15":{"start":{"line":102,"column":8},"end":{"line":102,"column":57}},"16":{"start":{"line":103,"column":8},"end":{"line":103,"column":63}},"17":{"start":{"line":106,"column":4},"end":{"line":162,"column":5}},"18":{"start":{"line":106,"column":4},"end":{"line":162,"column":4}},"19":{"start":{"line":107,"column":48},"end":{"line":110,"column":9}},"20":{"start":{"line":111,"column":8},"end":{"line":120,"column":9}},"21":{"start":{"line":112,"column":12},"end":{"line":114,"column":13}},"22":{"start":{"line":113,"column":16},"end":{"line":113,"column":51}},"23":{"start":{"line":115,"column":12},"end":{"line":117,"column":13}},"24":{"start":{"line":116,"column":16},"end":{"line":116,"column":50}},"25":{"start":{"line":119,"column":12},"end":{"line":119,"column":47}},"26":{"start":{"line":122,"column":21},"end":{"line":122,"column":57}},"27":{"start":{"line":123,"column":8},"end":{"line":123,"column":42}},"28":{"start":{"line":125,"column":24},"end":{"line":132,"column":10}},"29":{"start":{"line":134,"column":8},"end":{"line":161,"column":11}},"30":{"start":{"line":136,"column":12},"end":{"line":136,"column":35}},"31":{"start":{"line":139,"column":12},"end":{"line":148,"column":15}},"32":{"start":{"line":140,"column":16},"end":{"line":147,"column":18}},"33":{"start":{"line":151,"column":12},"end":{"line":160,"column":15}},"34":{"start":{"line":152,"column":16},"end":{"line":159,"column":18}},"35":{"start":{"line":164,"column":4},"end":{"line":256,"column":5}},"36":{"start":{"line":164,"column":4},"end":{"line":256,"column":4}},"37":{"start":{"line":165,"column":20},"end":{"line":175,"column":10}},"38":{"start":{"line":176,"column":8},"end":{"line":176,"column":39}},"39":{"start":{"line":178,"column":24},"end":{"line":185,"column":10}},"40":{"start":{"line":187,"column":8},"end":{"line":255,"column":11}},"41":{"start":{"line":188,"column":12},"end":{"line":192,"column":13}},"42":{"start":{"line":189,"column":30},"end":{"line":189,"column":60}},"43":{"start":{"line":190,"column":16},"end":{"line":190,"column":49}},"44":{"start":{"line":191,"column":16},"end":{"line":191,"column":28}},"45":{"start":{"line":193,"column":12},"end":{"line":193,"column":28}},"46":{"start":{"line":196,"column":12},"end":{"line":196,"column":35}},"47":{"start":{"line":199,"column":19},"end":{"line":199,"column":22}},"48":{"start":{"line":199,"column":24},"end":{"line":199,"column":29}},"49":{"start":{"line":199,"column":31},"end":{"line":199,"column":41}},"50":{"start":{"line":199,"column":43},"end":{"line":199,"column":51}},"51":{"start":{"line":199,"column":53},"end":{"line":199,"column":60}},"52":{"start":{"line":199,"column":62},"end":{"line":199,"column":71}},"53":{"start":{"line":199,"column":73},"end":{"line":199,"column":82}},"54":{"start":{"line":199,"column":84},"end":{"line":199,"column":96}},"55":{"start":{"line":201,"column":12},"end":{"line":251,"column":15}},"56":{"start":{"line":202,"column":24},"end":{"line":202,"column":37}},"57":{"start":{"line":204,"column":37},"end":{"line":204,"column":54}},"58":{"start":{"line":205,"column":38},"end":{"line":205,"column":55}},"59":{"start":{"line":207,"column":34},"end":{"line":214,"column":17}},"60":{"start":{"line":215,"column":33},"end":{"line":215,"column":75}},"61":{"start":{"line":216,"column":33},"end":{"line":216,"column":76}},"62":{"start":{"line":218,"column":34},"end":{"line":218,"column":65}},"63":{"start":{"line":219,"column":34},"end":{"line":219,"column":66}},"64":{"start":{"line":221,"column":45},"end":{"line":221,"column":55}},"65":{"start":{"line":222,"column":16},"end":{"line":224,"column":17}},"66":{"start":{"line":223,"column":20},"end":{"line":223,"column":51}},"67":{"start":{"line":225,"column":16},"end":{"line":225,"column":77}},"68":{"start":{"line":227,"column":16},"end":{"line":236,"column":17}},"69":{"start":{"line":228,"column":20},"end":{"line":228,"column":57}},"70":{"start":{"line":229,"column":20},"end":{"line":231,"column":21}},"71":{"start":{"line":230,"column":24},"end":{"line":230,"column":56}},"72":{"start":{"line":232,"column":20},"end":{"line":232,"column":80}},"73":{"start":{"line":234,"column":23},"end":{"line":236,"column":17}},"74":{"start":{"line":235,"column":20},"end":{"line":235,"column":75}},"75":{"start":{"line":238,"column":16},"end":{"line":238,"column":46}},"76":{"start":{"line":240,"column":16},"end":{"line":248,"column":18}},"77":{"start":{"line":250,"column":16},"end":{"line":250,"column":54}},"78":{"start":{"line":254,"column":12},"end":{"line":254,"column":31}},"79":{"start":{"line":258,"column":4},"end":{"line":295,"column":5}},"80":{"start":{"line":259,"column":24},"end":{"line":265,"column":9}},"81":{"start":{"line":267,"column":20},"end":{"line":267,"column":32}},"82":{"start":{"line":268,"column":24},"end":{"line":276,"column":10}},"83":{"start":{"line":277,"column":8},"end":{"line":294,"column":11}},"84":{"start":{"line":279,"column":12},"end":{"line":283,"column":13}},"85":{"start":{"line":280,"column":30},"end":{"line":280,"column":60}},"86":{"start":{"line":281,"column":16},"end":{"line":281,"column":49}},"87":{"start":{"line":282,"column":16},"end":{"line":282,"column":28}},"88":{"start":{"line":284,"column":12},"end":{"line":284,"column":28}},"89":{"start":{"line":287,"column":12},"end":{"line":287,"column":35}},"90":{"start":{"line":290,"column":12},"end":{"line":290,"column":42}},"91":{"start":{"line":293,"column":12},"end":{"line":293,"column":27}},"92":{"start":{"line":297,"column":4},"end":{"line":345,"column":5}},"93":{"start":{"line":299,"column":45},"end":{"line":301,"column":9}},"94":{"start":{"line":303,"column":8},"end":{"line":305,"column":9}},"95":{"start":{"line":304,"column":12},"end":{"line":304,"column":41}},"96":{"start":{"line":306,"column":8},"end":{"line":308,"column":9}},"97":{"start":{"line":307,"column":12},"end":{"line":307,"column":51}},"98":{"start":{"line":309,"column":8},"end":{"line":311,"column":9}},"99":{"start":{"line":310,"column":12},"end":{"line":310,"column":47}},"100":{"start":{"line":312,"column":8},"end":{"line":314,"column":9}},"101":{"start":{"line":313,"column":12},"end":{"line":313,"column":45}},"102":{"start":{"line":315,"column":8},"end":{"line":317,"column":9}},"103":{"start":{"line":316,"column":12},"end":{"line":316,"column":55}},"104":{"start":{"line":319,"column":24},"end":{"line":327,"column":10}},"105":{"start":{"line":329,"column":8},"end":{"line":344,"column":11}},"106":{"start":{"line":331,"column":12},"end":{"line":335,"column":13}},"107":{"start":{"line":332,"column":30},"end":{"line":332,"column":60}},"108":{"start":{"line":333,"column":16},"end":{"line":333,"column":49}},"109":{"start":{"line":334,"column":16},"end":{"line":334,"column":28}},"110":{"start":{"line":336,"column":12},"end":{"line":336,"column":28}},"111":{"start":{"line":339,"column":12},"end":{"line":339,"column":28}},"112":{"start":{"line":342,"column":12},"end":{"line":342,"column":27}},"113":{"start":{"line":343,"column":12},"end":{"line":343,"column":31}},"114":{"start":{"line":347,"column":4},"end":{"line":370,"column":5}},"115":{"start":{"line":348,"column":14},"end":{"line":348,"column":83}},"116":{"start":{"line":348,"column":16},"end":{"line":348,"column":29}},"117":{"start":{"line":348,"column":31},"end":{"line":348,"column":43}},"118":{"start":{"line":348,"column":45},"end":{"line":348,"column":57}},"119":{"start":{"line":348,"column":59},"end":{"line":348,"column":74}},"120":{"start":{"line":349,"column":14},"end":{"line":349,"column":99}},"121":{"start":{"line":349,"column":16},"end":{"line":349,"column":26}},"122":{"start":{"line":349,"column":28},"end":{"line":349,"column":32}},"123":{"start":{"line":349,"column":34},"end":{"line":349,"column":43}},"124":{"start":{"line":349,"column":45},"end":{"line":349,"column":55}},"125":{"start":{"line":349,"column":57},"end":{"line":349,"column":62}},"126":{"start":{"line":349,"column":64},"end":{"line":349,"column":69}},"127":{"start":{"line":349,"column":71},"end":{"line":349,"column":84}},"128":{"start":{"line":351,"column":24},"end":{"line":363,"column":9}},"129":{"start":{"line":365,"column":8},"end":{"line":369,"column":10}},"130":{"start":{"line":86,"column":18},"end":{"line":96,"column":5}},"131":{"start":{"line":371,"column":0},"end":{"line":371,"column":1}},"132":{"start":{"line":85,"column":13},"end":{"line":85,"column":25}},"133":{"start":{"line":373,"column":0},"end":{"line":373,"column":28}},"134":{"start":{"line":381,"column":13},"end":{"line":399,"column":1}},"135":{"start":{"line":382,"column":2},"end":{"line":382,"column":45}},"136":{"start":{"line":382,"column":30},"end":{"line":382,"column":57}},"137":{"start":{"line":383,"column":4},"end":{"line":395,"column":5}},"138":{"start":{"line":384,"column":50},"end":{"line":384,"column":52}},"139":{"start":{"line":385,"column":6},"end":{"line":389,"column":7}},"140":{"start":{"line":386,"column":8},"end":{"line":388,"column":9}},"141":{"start":{"line":387,"column":10},"end":{"line":387,"column":44}},"142":{"start":{"line":390,"column":6},"end":{"line":394,"column":8}},"143":{"start":{"line":396,"column":2},"end":{"line":396,"column":3}},"144":{"start":{"line":398,"column":4},"end":{"line":398,"column":25}},"145":{"start":{"line":407,"column":13},"end":{"line":453,"column":1}},"146":{"start":{"line":408,"column":2},"end":{"line":408,"column":45}},"147":{"start":{"line":408,"column":30},"end":{"line":408,"column":71}},"148":{"start":{"line":409,"column":4},"end":{"line":449,"column":5}},"149":{"start":{"line":409,"column":4},"end":{"line":449,"column":4}},"150":{"start":{"line":410,"column":14},"end":{"line":410,"column":26}},"151":{"start":{"line":411,"column":8},"end":{"line":415,"column":9}},"152":{"start":{"line":412,"column":12},"end":{"line":414,"column":13}},"153":{"start":{"line":413,"column":16},"end":{"line":413,"column":68}},"154":{"start":{"line":416,"column":8},"end":{"line":448,"column":10}},"155":{"start":{"line":419,"column":20},"end":{"line":441,"column":21}},"156":{"start":{"line":420,"column":24},"end":{"line":428,"column":26}},"157":{"start":{"line":430,"column":24},"end":{"line":440,"column":25}},"158":{"start":{"line":431,"column":28},"end":{"line":439,"column":30}},"159":{"start":{"line":443,"column":20},"end":{"line":445,"column":21}},"160":{"start":{"line":450,"column":2},"end":{"line":450,"column":3}},"161":{"start":{"line":452,"column":2},"end":{"line":452,"column":23}}},"fnMap":{"0":{"name":"(anonymous_6)","decl":{"start":{"line":13,"column":19},"end":{"line":13,"column":19}},"loc":{"start":{"line":13,"column":25},"end":{"line":15,"column":5}}},"1":{"name":"(anonymous_7)","decl":{"start":{"line":16,"column":18},"end":{"line":16,"column":18}},"loc":{"start":{"line":16,"column":31},"end":{"line":18,"column":5}}},"2":{"name":"(anonymous_8)","decl":{"start":{"line":19,"column":18},"end":{"line":19,"column":18}},"loc":{"start":{"line":19,"column":35},"end":{"line":21,"column":5}}},"3":{"name":"(anonymous_9)","decl":{"start":{"line":22,"column":21},"end":{"line":22,"column":21}},"loc":{"start":{"line":22,"column":38},"end":{"line":24,"column":5}}},"4":{"name":"(anonymous_10)","decl":{"start":{"line":85,"column":0},"end":{"line":null,"column":-1}},"loc":{"start":{"line":85,"column":0},"end":{"line":85,"column":-1}}},"5":{"name":"EventWrapper","decl":{"start":{"line":97,"column":4},"end":{"line":97,"column":15}},"loc":{"start":{"line":97,"column":21},"end":{"line":104,"column":5}}},"6":{"name":"(anonymous_12)","decl":{"start":{"line":106,"column":4},"end":{"line":106,"column":17}},"loc":{"start":{"line":106,"column":23},"end":{"line":162,"column":5}}},"7":{"name":"(anonymous_13)","decl":{"start":{"line":135,"column":14},"end":{"line":135,"column":14}},"loc":{"start":{"line":135,"column":23},"end":{"line":137,"column":9}}},"8":{"name":"(anonymous_14)","decl":{"start":{"line":138,"column":14},"end":{"line":138,"column":14}},"loc":{"start":{"line":138,"column":19},"end":{"line":149,"column":9}}},"9":{"name":"(anonymous_15)","decl":{"start":{"line":139,"column":26},"end":{"line":null,"column":-1}},"loc":{"start":{"line":139,"column":26},"end":{"line":148,"column":13}}},"10":{"name":"(anonymous_16)","decl":{"start":{"line":150,"column":15},"end":{"line":150,"column":15}},"loc":{"start":{"line":150,"column":21},"end":{"line":161,"column":9}}},"11":{"name":"(anonymous_17)","decl":{"start":{"line":151,"column":26},"end":{"line":null,"column":-1}},"loc":{"start":{"line":151,"column":26},"end":{"line":160,"column":13}}},"12":{"name":"(anonymous_18)","decl":{"start":{"line":164,"column":4},"end":{"line":164,"column":16}},"loc":{"start":{"line":164,"column":29},"end":{"line":256,"column":5}}},"13":{"name":"(anonymous_19)","decl":{"start":{"line":187,"column":28},"end":{"line":187,"column":28}},"loc":{"start":{"line":187,"column":37},"end":{"line":194,"column":9}}},"14":{"name":"(anonymous_20)","decl":{"start":{"line":195,"column":14},"end":{"line":195,"column":14}},"loc":{"start":{"line":195,"column":23},"end":{"line":197,"column":9}}},"15":{"name":"(anonymous_21)","decl":{"start":{"line":198,"column":14},"end":{"line":198,"column":14}},"loc":{"start":{"line":198,"column":19},"end":{"line":252,"column":9}}},"16":{"name":"(anonymous_22)","decl":{"start":{"line":201,"column":26},"end":{"line":201,"column":26}},"loc":{"start":{"line":201,"column":35},"end":{"line":251,"column":13}}},"17":{"name":"(anonymous_23)","decl":{"start":{"line":253,"column":15},"end":{"line":253,"column":15}},"loc":{"start":{"line":253,"column":21},"end":{"line":255,"column":9}}},"18":{"name":"(anonymous_24)","decl":{"start":{"line":258,"column":4},"end":{"line":258,"column":16}},"loc":{"start":{"line":258,"column":33},"end":{"line":295,"column":5}}},"19":{"name":"(anonymous_25)","decl":{"start":{"line":278,"column":14},"end":{"line":278,"column":14}},"loc":{"start":{"line":278,"column":23},"end":{"line":285,"column":9}}},"20":{"name":"(anonymous_26)","decl":{"start":{"line":286,"column":14},"end":{"line":286,"column":14}},"loc":{"start":{"line":286,"column":23},"end":{"line":288,"column":9}}},"21":{"name":"(anonymous_27)","decl":{"start":{"line":289,"column":14},"end":{"line":289,"column":14}},"loc":{"start":{"line":289,"column":23},"end":{"line":291,"column":9}}},"22":{"name":"(anonymous_28)","decl":{"start":{"line":292,"column":15},"end":{"line":292,"column":15}},"loc":{"start":{"line":292,"column":21},"end":{"line":294,"column":9}}},"23":{"name":"(anonymous_29)","decl":{"start":{"line":297,"column":4},"end":{"line":297,"column":19}},"loc":{"start":{"line":297,"column":58},"end":{"line":345,"column":5}}},"24":{"name":"(anonymous_30)","decl":{"start":{"line":330,"column":14},"end":{"line":330,"column":14}},"loc":{"start":{"line":330,"column":23},"end":{"line":337,"column":9}}},"25":{"name":"(anonymous_31)","decl":{"start":{"line":338,"column":14},"end":{"line":338,"column":14}},"loc":{"start":{"line":338,"column":23},"end":{"line":340,"column":9}}},"26":{"name":"(anonymous_32)","decl":{"start":{"line":341,"column":15},"end":{"line":341
[...]
,"C:\\Users\\kyloj\\Documents\\GitHub\\pencil4life\\server\\src\\routes\\main\\main.controller.ts": {"path":"C:\\Users\\kyloj\\Documents\\GitHub\\pencil4life\\server\\src\\routes\\main\\main.controller.ts","statementMap":{"0":{"start":{"line":3,"column":0},"end":{"line":3,"column":28}},"1":{"start":{"line":8,"column":0},"end":{"line":10,"column":2}},"2":{"start":{"line":9,"column":1},"end":{"line":9,"column":67}},"3":{"start":{"line":12,"column":0},"end":{"line":12,"column":40}}},"fnMap":{"0":{"name":"MainController","decl":{"start":{"line":5,"column":0},"end":{"line":5,"column":26}},"loc":{"start":{"line":5,"column":0},"end":{"line":5,"column":28}}},"1":{"name":"(anonymous_1)","decl":{"start":{"line":8,"column":35},"end":{"line":8,"column":43}},"loc":{"start":{"line":8,"column":58},"end":{"line":10,"column":1}}}},"branchMap":{},"s":{"0":1,"1":1,"2":0,"3":1},"f":{"0":0,"1":0},"b":{}}
,"C:\\Users\\kyloj\\Documents\\GitHub\\pencil4life\\server\\src\\routes\\main\\main.router.ts": {"path":"C:\\Users\\kyloj\\Documents\\GitHub\\pencil4life\\server\\src\\routes\\main\\main.router.ts","statementMap":{"0":{"start":{"line":3,"column":0},"end":{"line":3,"column":32}},"1":{"start":{"line":4,"column":0},"end":{"line":4,"column":42}},"2":{"start":{"line":5,"column":0},"end":{"line":5,"column":33}},"3":{"start":{"line":7,"column":15},"end":{"line":7,"column":23}},"4":{"start":{"line":9,"column":0},"end":{"line":68,"column":29}},"5":{"start":{"line":70,"column":0},"end":{"line":70,"column":22}}},"fnMap":{},"branchMap":{},"s":{"0":1,"1":1,"2":1,"3":1,"4":1,"5":1},"f":{},"b":{}}
,"C:\\Users\\kyloj\\Documents\\GitHub\\pencil4life\\server\\src\\routes\\report-violation\\report-violation.controller.ts": {"path":"C:\\Users\\kyloj\\Documents\\GitHub\\pencil4life\\server\\src\\routes\\report-violation\\report-violation.controller.ts","statementMap":{"0":{"start":{"line":3,"column":0},"end":{"line":3,"column":47}},"1":{"start":{"line":8,"column":0},"end":{"line":33,"column":1}},"2":{"start":{"line":9,"column":4},"end":{"line":31,"column":5}},"3":{"start":{"line":10,"column":8},"end":{"line":10,"column":34}},"4":{"start":{"line":11,"column":8},"end":{"line":28,"column":9}},"5":{"start":{"line":12,"column":28},"end":{"line":12,"column":50}},"6":{"start":{"line":13,"column":12},"end":{"line":15,"column":13}},"7":{"start":{"line":14,"column":15},"end":{"line":14,"column":66}},"8":{"start":{"line":16,"column":12},"end":{"line":18,"column":13}},"9":{"start":{"line":17,"column":16},"end":{"line":17,"column":69}},"10":{"start":{"line":19,"column":12},"end":{"line":21,"column":13}},"11":{"start":{"line":20,"column":16},"end":{"line":20,"column":83}},"12":{"start":{"line":22,"column":12},"end":{"line":24,"column":13}},"13":{"start":{"line":23,"column":16},"end":{"line":23,"column":75}},"14":{"start":{"line":25,"column":12},"end":{"line":27,"column":13}},"15":{"start":{"line":26,"column":16},"end":{"line":26,"column":81}},"16":{"start":{"line":30,"column":8},"end":{"line":30,"column":51}},"17":{"start":{"line":32,"column":4},"end":{"line":32,"column":49}},"18":{"start":{"line":35,"column":0},"end":{"line":35,"column":51}}},"fnMap":{"0":{"name":"ReportViolationController","decl":{"start":{"line":5,"column":0},"end":{"line":5,"column":42}},"loc":{"start":{"line":5,"column":0},"end":{"line":5,"column":44}}},"1":{"name":"(anonymous_1)","decl":{"start":{"line":8,"column":54},"end":{"line":8,"column":62}},"loc":{"start":{"line":8,"column":77},"end":{"line":33,"column":1}}}},"branchMap":{"0":{"loc":{"start":{"line":9,"column":4},"end":{"line":31,"column":5}},"type":"if","locations":[{"start":{"line":9,"column":4},"end":{"line":31,"column":5}},{"start":{"line":9,"column":4},"end":{"line":31,"column":5}}]},"1":{"loc":{"start":{"line":11,"column":8},"end":{"line":28,"column":9}},"type":"if","locations":[{"start":{"line":11,"column":8},"end":{"line":28,"column":9}},{"start":{"line":11,"column":8},"end":{"line":28,"column":9}}]},"2":{"loc":{"start":{"line":13,"column":12},"end":{"line":15,"column":13}},"type":"if","locations":[{"start":{"line":13,"column":12},"end":{"line":15,"column":13}},{"start":{"line":13,"column":12},"end":{"line":15,"column":13}}]},"3":{"loc":{"start":{"line":16,"column":12},"end":{"line":18,"column":13}},"type":"if","locations":[{"start":{"line":16,"column":12},"end":{"line":18,"column":13}},{"start":{"line":16,"column":12},"end":{"line":18,"column":13}}]},"4":{"loc":{"start":{"line":19,"column":12},"end":{"line":21,"column":13}},"type":"if","locations":[{"start":{"line":19,"column":12},"end":{"line":21,"column":13}},{"start":{"line":19,"column":12},"end":{"line":21,"column":13}}]},"5":{"loc":{"start":{"line":22,"column":12},"end":{"line":24,"column":13}},"type":"if","locations":[{"start":{"line":22,"column":12},"end":{"line":24,"column":13}},{"start":{"line":22,"column":12},"end":{"line":24,"column":13}}]},"6":{"loc":{"start":{"line":25,"column":12},"end":{"line":27,"column":13}},"type":"if","locations":[{"start":{"line":25,"column":12},"end":{"line":27,"column":13}},{"start":{"line":25,"column":12},"end":{"line":27,"column":13}}]}},"s":{"0":1,"1":1,"2":0,"3":0,"4":0,"5":0,"6":0,"7":0,"8":0,"9":0,"10":0,"11":0,"12":0,"13":0,"14":0,"15":0,"16":0,"17":0,"18":1},"f":{"0":0,"1":0},"b":{"0":[0,0],"1":[0,0],"2":[0,0],"3":[0,0],"4":[0,0],"5":[0,0],"6":[0,0]}}
,"C:\\Users\\kyloj\\Documents\\GitHub\\pencil4life\\server\\src\\routes\\report-violation\\report-violation.router.ts": {"path":"C:\\Users\\kyloj\\Documents\\GitHub\\pencil4life\\server\\src\\routes\\report-violation\\report-violation.router.ts","statementMap":{"0":{"start":{"line":3,"column":0},"end":{"line":3,"column":32}},"1":{"start":{"line":5,"column":0},"end":{"line":5,"column":54}},"2":{"start":{"line":7,"column":15},"end":{"line":7,"column":23}},"3":{"start":{"line":9,"column":0},"end":{"line":9,"column":44}},"4":{"start":{"line":11,"column":0},"end":{"line":11,"column":22}}},"fnMap":{},"branchMap":{},"s":{"0":1,"1":1,"2":1,"3":1,"4":1},"f":{},"b":{}}
,"C:\\Users\\kyloj\\Documents\\GitHub\\pencil4life\\server\\src\\utilities\\errorHandler.middleware.ts": {"path":"C:\\Users\\kyloj\\Documents\\GitHub\\pencil4life\\server\\src\\utilities\\errorHandler.middleware.ts","statementMap":{"0":{"start":{"line":3,"column":0},"end":{"line":3,"column":34}},"1":{"start":{"line":5,"column":0},"end":{"line":58,"column":2}},"2":{"start":{"line":6,"column":1},"end":{"line":12,"column":4}},"3":{"start":{"line":7,"column":2},"end":{"line":11,"column":3}},"4":{"start":{"line":8,"column":3},"end":{"line":8,"column":15}},"5":{"start":{"line":10,"column":3},"end":{"line":10,"column":41}},"6":{"start":{"line":16,"column":1},"end":{"line":54,"column":4}},"7":{"start":{"line":18,"column":2},"end":{"line":20,"column":3}},"8":{"start":{"line":19,"column":3},"end":{"line":19,"column":22}},"9":{"start":{"line":22,"column":2},"end":{"line":24,"column":3}},"10":{"start":{"line":23,"column":3},"end":{"line":23,"column":46}},"11":{"start":{"line":26,"column":2},"end":{"line":30,"column":3}},"12":{"start":{"line":27,"column":3},"end":{"line":29,"column":4}},"13":{"start":{"line":28,"column":4},"end":{"line":28,"column":47}},"14":{"start":{"line":32,"column":2},"end":{"line":38,"column":3}},"15":{"start":{"line":33,"column":3},"end":{"line":36,"column":10}},"16":{"start":{"line":37,"column":3},"end":{"line":37,"column":32}},"17":{"start":{"line":40,"column":2},"end":{"line":43,"column":3}},"18":{"start":{"line":41,"column":3},"end":{"line":41,"column":22}},"19":{"start":{"line":42,"column":3},"end":{"line":42,"column":46}},"20":{"start":{"line":45,"column":2},"end":{"line":45,"column":18}},"21":{"start":{"line":46,"column":2},"end":{"line":46,"column":21}},"22":{"start":{"line":47,"column":2},"end":{"line":51,"column":3}},"23":{"start":{"line":48,"column":3},"end":{"line":48,"column":26}},"24":{"start":{"line":50,"column":3},"end":{"line":50,"column":38}},"25":{"start":{"line":53,"column":2},"end":{"line":53,"column":14}},"26":{"start":{"line":55,"column":1},"end":{"line":57,"column":3}},"27":{"start":{"line":56,"column":2},"end":{"line":56,"column":41}}},"fnMap":{"0":{"name":"(anonymous_0)","decl":{"start":{"line":5,"column":15},"end":{"line":5,"column":15}},"loc":{"start":{"line":5,"column":22},"end":{"line":58,"column":1}}},"1":{"name":"(anonymous_1)","decl":{"start":{"line":6,"column":12},"end":{"line":6,"column":20}},"loc":{"start":{"line":6,"column":42},"end":{"line":12,"column":2}}},"2":{"name":"(anonymous_2)","decl":{"start":{"line":16,"column":12},"end":{"line":16,"column":20}},"loc":{"start":{"line":16,"column":50},"end":{"line":54,"column":2}}},"3":{"name":"(anonymous_3)","decl":{"start":{"line":55,"column":12},"end":{"line":55,"column":20}},"loc":{"start":{"line":55,"column":42},"end":{"line":57,"column":2}}}},"branchMap":{"0":{"loc":{"start":{"line":7,"column":2},"end":{"line":11,"column":3}},"type":"if","locations":[{"start":{"line":7,"column":2},"end":{"line":11,"column":3}},{"start":{"line":7,"column":2},"end":{"line":11,"column":3}}]},"1":{"loc":{"start":{"line":18,"column":2},"end":{"line":20,"column":3}},"type":"if","locations":[{"start":{"line":18,"column":2},"end":{"line":20,"column":3}},{"start":{"line":18,"column":2},"end":{"line":20,"column":3}}]},"2":{"loc":{"start":{"line":22,"column":2},"end":{"line":24,"column":3}},"type":"if","locations":[{"start":{"line":22,"column":2},"end":{"line":24,"column":3}},{"start":{"line":22,"column":2},"end":{"line":24,"column":3}}]},"3":{"loc":{"start":{"line":26,"column":2},"end":{"line":30,"column":3}},"type":"if","locations":[{"start":{"line":26,"column":2},"end":{"line":30,"column":3}},{"start":{"line":26,"column":2},"end":{"line":30,"column":3}}]},"4":{"loc":{"start":{"line":27,"column":3},"end":{"line":29,"column":4}},"type":"if","locations":[{"start":{"line":27,"column":3},"end":{"line":29,"column":4}},{"start":{"line":27,"column":3},"end":{"line":29,"column":4}}]},"5":{"loc":{"start":{"line":32,"column":2},"end":{"line":38,"column":3}},"type":"if","locations":[{"start":{"line":32,"column":2},"end":{"line":38,"column":3}},{"start":{"line":32,"column":2},"end":{"line":38,"column":3}}]},"6":{"loc":{"start":{"line":40,"column":2},"end":{"line":43,"column":3}},"type":"if","locations":[{"start":{"line":40,"column":2},"end":{"line":43,"column":3}},{"start":{"line":40,"column":2},"end":{"line":43,"column":3}}]},"7":{"loc":{"start":{"line":47,"column":2},"end":{"line":51,"column":3}},"type":"if","locations":[{"start":{"line":47,"column":2},"end":{"line":51,"column":3}},{"start":{"line":47,"column":2},"end":{"line":51,"column":3}}]}},"s":{"0":1,"1":1,"2":1,"3":0,"4":0,"5":0,"6":1,"7":0,"8":0,"9":0,"10":0,"11":0,"12":0,"13":0,"14":0,"15":0,"16":0,"17":0,"18":0,"19":0,"20":0,"21":0,"22":0,"23":0,"24":0,"25":0,"26":1,"27":0},"f":{"0":1,"1":0,"2":0,"3":0},"b":{"0":[0,0],"1":[0,0],"2":[0,0],"3":[0,0],"4":[0,0],"5":[0,0],"6":[0,0],"7":[0,0]}}
,"C:\\Users\\kyloj\\Documents\\GitHub\\pencil4life\\server\\src\\utilities\\logger.ts": {"path":"C:\\Users\\kyloj\\Documents\\GitHub\\pencil4life\\server\\src\\utilities\\logger.ts","statementMap":{"0":{"start":{"line":3,"column":0},"end":{"line":3,"column":35}},"1":{"start":{"line":4,"column":0},"end":{"line":4,"column":28}},"2":{"start":{"line":6,"column":13},"end":{"line":9,"column":1}},"3":{"start":{"line":7,"column":4},"end":{"line":7,"column":78}},"4":{"start":{"line":8,"column":4},"end":{"line":8,"column":25}},"5":{"start":{"line":11,"column":13},"end":{"line":14,"column":1}},"6":{"start":{"line":12,"column":4},"end":{"line":12,"column":83}},"7":{"start":{"line":13,"column":4},"end":{"line":13,"column":25}},"8":{"start":{"line":16,"column":0},"end":{"line":19,"column":2}}},"fnMap":{"0":{"name":"(anonymous_0)","decl":{"start":{"line":6,"column":19},"end":{"line":6,"column":19}},"loc":{"start":{"line":6,"column":27},"end":{"line":9,"column":1}}},"1":{"name":"(anonymous_1)","decl":{"start":{"line":11,"column":22},"end":{"line":11,"column":22}},"loc":{"start":{"line":11,"column":30},"end":{"line":14,"column":1}}}},"branchMap":{},"s":{"0":1,"1":1,"2":1,"3":0,"4":0,"5":1,"6":0,"7":0,"8":1},"f":{"0":0,"1":0},"b":{}}
,"C:\\Users\\kyloj\\Documents\\GitHub\\pencil4life\\server\\src\\utilities\\wduckApi.ts": {"path":"C:\\Users\\kyloj\\Documents\\GitHub\\pencil4life\\server\\src\\utilities\\wduckApi.ts","statementMap":{"0":{"start":{"line":2,"column":0},"end":{"line":2,"column":56}},"1":{"start":{"line":225,"column":13},"end":{"line":245,"column":2}},"2":{"start":{"line":226,"column":2},"end":{"line":226,"column":34}},"3":{"start":{"line":227,"column":2},"end":{"line":232,"column":3}},"4":{"start":{"line":228,"column":4},"end":{"line":231,"column":5}},"5":{"start":{"line":229,"column":6},"end":{"line":229,"column":54}},"6":{"start":{"line":230,"column":6},"end":{"line":230,"column":63}},"7":{"start":{"line":233,"column":16},"end":{"line":233,"column":76}},"8":{"start":{"line":235,"column":2},"end":{"line":244,"column":4}},"9":{"start":{"line":236,"column":6},"end":{"line":240,"column":7}},"10":{"start":{"line":237,"column":24},"end":{"line":237,"column":54}},"11":{"start":{"line":238,"column":10},"end":{"line":238,"column":51}},"12":{"start":{"line":239,"column":10},"end":{"line":239,"column":22}},"13":{"start":{"line":241,"column":6},"end":{"line":241,"column":29}},"14":{"start":{"line":243,"column":4},"end":{"line":243,"column":16}},"15":{"start":{"line":247,"column":13},"end":{"line":263,"column":2}},"16":{"start":{"line":248,"column":2},"end":{"line":262,"column":4}},"17":{"start":{"line":250,"column":4},"end":{"line":261,"column":5}},"18":{"start":{"line":251,"column":24},"end":{"line":253,"column":8}},"19":{"start":{"line":252,"column":8},"end":{"line":252,"column":41}},"20":{"start":{"line":255,"column":6},"end":{"line":257,"column":7}},"21":{"start":{"line":256,"column":8},"end":{"line":256,"column":43}},"22":{"start":{"line":258,"column":6},"end":{"line":258,"column":18}},"23":{"start":{"line":260,"column":6},"end":{"line":260,"column":45}},"24":{"start":{"line":265,"column":13},"end":{"line":277,"column":2}},"25":{"start":{"line":266,"column":2},"end":{"line":276,"column":4}},"26":{"start":{"line":271,"column":4},"end":{"line":275,"column":5}},"27":{"start":{"line":272,"column":6},"end":{"line":272,"column":21}},"28":{"start":{"line":274,"column":6},"end":{"line":274,"column":34}},"29":{"start":{"line":279,"column":13},"end":{"line":300,"column":2}},"30":{"start":{"line":280,"column":19},"end":{"line":280,"column":28}},"31":{"start":{"line":281,"column":2},"end":{"line":299,"column":4}},"32":{"start":{"line":283,"column":4},"end":{"line":291,"column":5}},"33":{"start":{"line":284,"column":6},"end":{"line":284,"column":20}},"34":{"start":{"line":286,"column":6},"end":{"line":290,"column":9}},"35":{"start":{"line":293,"column":4},"end":{"line":296,"column":7}},"36":{"start":{"line":298,"column":4},"end":{"line":298,"column":16}}},"fnMap":{"0":{"name":"(anonymous_0)","decl":{"start":{"line":225,"column":33},"end":{"line":225,"column":33}},"loc":{"start":{"line":225,"column":77},"end":{"line":245,"column":1}}},"1":{"name":"(anonymous_1)","decl":{"start":{"line":235,"column":29},"end":{"line":235,"column":29}},"loc":{"start":{"line":235,"column":38},"end":{"line":242,"column":3}}},"2":{"name":"(anonymous_2)","decl":{"start":{"line":242,"column":10},"end":{"line":242,"column":10}},"loc":{"start":{"line":242,"column":15},"end":{"line":244,"column":3}}},"3":{"name":"(anonymous_3)","decl":{"start":{"line":247,"column":25},"end":{"line":247,"column":25}},"loc":{"start":{"line":247,"column":42},"end":{"line":263,"column":1}}},"4":{"name":"(anonymous_4)","decl":{"start":{"line":249,"column":8},"end":{"line":249,"column":8}},"loc":{"start":{"line":249,"column":14},"end":{"line":262,"column":3}}},"5":{"name":"(anonymous_5)","decl":{"start":{"line":251,"column":48},"end":{"line":251,"column":48}},"loc":{"start":{"line":251,"column":53},"end":{"line":253,"column":7}}},"6":{"name":"(anonymous_6)","decl":{"start":{"line":265,"column":23},"end":{"line":265,"column":23}},"loc":{"start":{"line":265,"column":72},"end":{"line":277,"column":1}}},"7":{"name":"(anonymous_7)","decl":{"start":{"line":270,"column":8},"end":{"line":270,"column":8}},"loc":{"start":{"line":270,"column":13},"end":{"line":276,"column":3}}},"8":{"name":"(anonymous_8)","decl":{"start":{"line":279,"column":29},"end":{"line":279,"column":29}},"loc":{"start":{"line":279,"column":72},"end":{"line":300,"column":1}}},"9":{"name":"(anonymous_9)","decl":{"start":{"line":282,"column":8},"end":{"line":282,"column":8}},"loc":{"start":{"line":282,"column":30},"end":{"line":292,"column":3}}},"10":{"name":"(anonymous_10)","decl":{"start":{"line":292,"column":10},"end":{"line":292,"column":10}},"loc":{"start":{"line":292,"column":17},"end":{"line":297,"column":3}}},"11":{"name":"(anonymous_11)","decl":{"start":{"line":297,"column":10},"end":{"line":297,"column":10}},"loc":{"start":{"line":297,"column":15},"end":{"line":299,"column":3}}}},"branchMap":{"0":{"loc":{"start":{"line":226,"column":16},"end":{"line":226,"column":27}},"type":"binary-expr","locations":[{"start":{"line":226,"column":16},"end":{"line":226,"column":27}},{"start":{"line":226,"column":31},"end":{"line":226,"column":33}}]},"1":{"loc":{"start":{"line":227,"column":2},"end":{"line":232,"column":3}},"type":"if","locations":[{"start":{"line":227,"column":2},"end":{"line":232,"column":3}},{"start":{"line":227,"column":2},"end":{"line":232,"column":3}}]},"2":{"loc":{"start":{"line":228,"column":4},"end":{"line":231,"column":5}},"type":"if","locations":[{"start":{"line":228,"column":4},"end":{"line":231,"column":5}},{"start":{"line":228,"column":4},"end":{"line":231,"column":5}}]},"3":{"loc":{"start":{"line":229,"column":28},"end":{"line":229,"column":47}},"type":"binary-expr","locations":[{"start":{"line":229,"column":28},"end":{"line":229,"column":47}},{"start":{"line":229,"column":51},"end":{"line":229,"column":53}}]},"4":{"loc":{"start":{"line":236,"column":6},"end":{"line":240,"column":7}},"type":"if","locations":[{"start":{"line":236,"column":6},"end":{"line":240,"column":7}},{"start":{"line":236,"column":6},"end":{"line":240,"column":7}}]},"5":{"loc":{"start":{"line":236,"column":10},"end":{"line":236,"column":31}},"type":"binary-expr","locations":[{"start":{"line":236,"column":10},"end":{"line":236,"column":31}},{"start":{"line":236,"column":35},"end":{"line":236,"column":57}}]},"6":{"loc":{"start":{"line":250,"column":4},"end":{"line":261,"column":5}},"type":"if","locations":[{"start":{"line":250,"column":4},"end":{"line":261,"column":5}},{"start":{"line":250,"column":4},"end":{"line":261,"column":5}}]},"7":{"loc":{"start":{"line":255,"column":6},"end":{"line":257,"column":7}},"type":"if","locations":[{"start":{"line":255,"column":6},"end":{"line":257,"column":7}},{"start":{"line":255,"column":6},"end":{"line":257,"column":7}}]},"8":{"loc":{"start":{"line":271,"column":4},"end":{"line":275,"column":5}},"type":"if","locations":[{"start":{"line":271,"column":4},"end":{"line":275,"column":5}},{"start":{"line":271,"column":4},"end":{"line":275,"column":5}}]},"9":{"loc":{"start":{"line":283,"column":4},"end":{"line":291,"column":5}},"type":"if","locations":[{"start":{"line":283,"column":4},"end":{"line":291,"column":5}},{"start":{"line":283,"column":4},"end":{"line":291,"column":5}}]}},"s":{"0":1,"1":1,"2":0,"3":0,"4":0,"5":0,"6":0,"7":0,"8":0,"9":0,"10":0,"11":0,"12":0,"13":0,"14":0,"15":1,"16":0,"17":0,"18":0,"19":0,"20":0,"21":0,"22":0,"23":0,"24":1,"25":0,"26":0,"27":0,"28":0,"29":1,"30":0,"31":0,"32":0,"33":0,"34":0,"35":0,"36":0},"f":{"0":0,"1":0,"2":0,"3":0,"4":0,"5":0,"6":0,"7":0,"8":0,"9":0,"10":0,"11":0},"b":{"0":[0,0],"1":[0,0],"2":[0,0],"3":[0,0],"4":[0,0],"5":[0,0],"6":[0,0],"7":[0,0],"8":[0,0],"9":[0,0]}}
}
