TN:
SF:C:\Users\kyloj\Documents\GitHub\pencil4life\jest-setup.ts
FNF:0
FNH:0
DA:3,8
DA:4,8
DA:6,8
DA:8,8
LF:4
LH:4
BRF:0
BRH:0
end_of_record
TN:
SF:C:\Users\kyloj\Documents\GitHub\pencil4life\client\src\components\app.tsx
FN:10,(anonymous_5)
FN:11,(anonymous_7)
FNF:2
FNH:2
FNDA:2,(anonymous_5)
FNDA:1,(anonymous_7)
DA:3,1
DA:4,1
DA:5,1
DA:6,1
DA:8,1
DA:10,1
DA:11,1
DA:12,1
DA:23,1
DA:25,1
LF:10
LH:10
BRF:0
BRH:0
end_of_record
TN:
SF:C:\Users\kyloj\Documents\GitHub\pencil4life\client\src\components\routes.tsx
FN:7,(anonymous_5)
FN:10,(anonymous_6)
FN:10,(anonymous_7)
FN:15,(anonymous_8)
FN:15,(anonymous_9)
FN:19,(anonymous_10)
FN:20,(anonymous_12)
FNF:7
FNH:2
FNDA:0,(anonymous_5)
FNDA:0,(anonymous_6)
FNDA:0,(anonymous_7)
FNDA:0,(anonymous_8)
FNDA:0,(anonymous_9)
FNDA:3,(anonymous_10)
FNDA:1,(anonymous_12)
DA:3,2
DA:4,2
DA:5,2
DA:7,2
DA:9,2
DA:10,0
DA:14,2
DA:15,0
DA:19,2
DA:20,2
DA:21,1
DA:30,2
DA:32,2
LF:13
LH:11
BRF:0
BRH:0
end_of_record
TN:
SF:C:\Users\kyloj\Documents\GitHub\pencil4life\client\src\components\header\header.tsx
FN:69,(anonymous_5)
FN:70,Header
FN:82,(anonymous_7)
FN:86,(anonymous_8)
FN:93,(anonymous_9)
FN:97,(anonymous_10)
FN:101,(anonymous_11)
FN:103,(anonymous_12)
FN:121,(anonymous_13)
FN:125,(anonymous_14)
FNF:10
FNH:1
FNDA:2,(anonymous_5)
FNDA:0,Header
FNDA:0,(anonymous_7)
FNDA:0,(anonymous_8)
FNDA:0,(anonymous_9)
FNDA:0,(anonymous_10)
FNDA:0,(anonymous_11)
FNDA:0,(anonymous_12)
FNDA:0,(anonymous_13)
FNDA:0,(anonymous_14)
DA:40,2
DA:41,2
DA:42,2
DA:43,2
DA:44,2
DA:45,2
DA:46,2
DA:47,2
DA:48,2
DA:49,2
DA:50,2
DA:53,2
DA:55,2
DA:69,2
DA:71,0
DA:72,0
DA:76,0
DA:77,0
DA:78,0
DA:79,0
DA:82,2
DA:83,0
DA:86,2
DA:87,0
DA:90,0
DA:91,0
DA:93,2
DA:94,0
DA:97,2
DA:98,0
DA:101,2
DA:103,0
DA:105,0
DA:107,0
DA:109,0
DA:111,0
DA:113,0
DA:121,2
DA:125,2
DA:126,0
DA:128,0
DA:129,0
DA:130,0
DA:131,0
DA:134,0
DA:139,0
DA:141,0
DA:142,0
DA:143,0
DA:144,0
DA:147,0
DA:153,0
DA:155,0
DA:171,0
DA:172,0
DA:173,0
DA:174,0
DA:175,0
DA:178,0
DA:208,2
DA:210,2
LF:61
LH:23
BRDA:71,0,0,0
BRDA:71,0,1,0
BRDA:114,1,0,0
BRDA:114,1,1,0
BRDA:114,2,0,0
BRDA:114,2,1,0
BRDA:115,3,0,0
BRDA:115,3,1,0
BRDA:115,4,0,0
BRDA:115,4,1,0
BRDA:130,5,0,0
BRDA:130,5,1,0
BRDA:135,6,0,0
BRDA:135,6,1,0
BRDA:143,7,0,0
BRDA:143,7,1,0
BRDA:148,8,0,0
BRDA:148,8,1,0
BRDA:156,9,0,0
BRDA:156,9,1,0
BRDA:174,10,0,0
BRDA:174,10,1,0
BRF:22
BRH:0
end_of_record
TN:
SF:C:\Users\kyloj\Documents\GitHub\pencil4life\client\src\components\main\main.tsx
FN:5,(anonymous_5)
FN:6,(anonymous_7)
FNF:2
FNH:2
FNDA:6,(anonymous_5)
FNDA:5,(anonymous_7)
DA:3,1
DA:5,1
DA:6,1
DA:7,5
DA:13,1
DA:15,1
LF:6
LH:6
BRF:0
BRH:0
end_of_record
TN:
SF:C:\Users\kyloj\Documents\GitHub\pencil4life\client\src\components\other\other.tsx
FN:6,(anonymous_5)
FN:7,(anonymous_7)
FNF:2
FNH:2
FNDA:6,(anonymous_5)
FNDA:5,(anonymous_7)
DA:3,1
DA:4,1
DA:6,1
DA:7,1
DA:8,5
DA:14,1
DA:16,1
LF:7
LH:7
BRF:0
BRH:0
end_of_record
TN:
SF:C:\Users\kyloj\Documents\GitHub\pencil4life\client\src\components\provider\provider.tsx
FN:13,(anonymous_6)
FN:17,(anonymous_7)
FN:46,(anonymous_8)
FN:47,Provider
FN:60,(anonymous_10)
FN:61,(anonymous_11)
FN:86,(anonymous_12)
FN:88,(anonymous_13)
FN:90,(anonymous_14)
FN:149,(anonymous_15)
FN:151,(anonymous_16)
FN:153,(anonymous_17)
FN:183,(anonymous_18)
FN:210,(anonymous_19)
FN:212,(anonymous_20)
FN:213,ProviderConsumer
FN:217,(anonymous_22)
FN:220,(anonymous_23)
FNF:18
FNH:7
FNDA:0,(anonymous_6)
FNDA:0,(anonymous_7)
FNDA:3,(anonymous_8)
FNDA:7,Provider
FNDA:0,(anonymous_10)
FNDA:0,(anonymous_11)
FNDA:6,(anonymous_12)
FNDA:8,(anonymous_13)
FNDA:0,(anonymous_14)
FNDA:0,(anonymous_15)
FNDA:0,(anonymous_16)
FNDA:0,(anonymous_17)
FNDA:7,(anonymous_18)
FNDA:2,(anonymous_19)
FNDA:2,(anonymous_20)
FNDA:0,ProviderConsumer
FNDA:0,(anonymous_22)
FNDA:0,(anonymous_23)
DA:3,3
DA:12,3
DA:14,0
DA:15,0
DA:18,0
DA:19,0
DA:31,3
DA:46,3
DA:48,7
DA:49,7
DA:55,7
DA:56,7
DA:57,7
DA:60,7
DA:61,0
DA:86,7
DA:87,6
DA:88,6
DA:89,8
DA:90,8
DA:91,0
DA:93,0
DA:95,0
DA:97,6
DA:149,7
DA:150,0
DA:151,0
DA:152,0
DA:153,0
DA:154,0
DA:155,0
DA:157,0
DA:159,0
DA:161,0
DA:183,3
DA:184,7
DA:185,7
DA:190,7
DA:198,3
DA:200,3
DA:210,3
DA:212,2
DA:217,2
DA:218,0
DA:222,0
DA:229,2
DA:231,2
LF:47
LH:28
BRDA:48,0,0,7
BRDA:48,0,1,7
BRDA:90,1,0,0
BRDA:90,1,1,0
BRDA:90,2,0,8
BRDA:90,2,1,8
BRDA:154,3,0,0
BRDA:154,3,1,0
BRDA:214,4,0,0
BRDA:214,4,1,0
BRF:10
BRH:4
end_of_record
TN:
SF:C:\Users\kyloj\Documents\GitHub\pencil4life\client\src\components\utilities\dropdown.tsx
FN:16,(anonymous_5)
FN:17,Dropdown
FN:31,(anonymous_7)
FN:36,(anonymous_8)
FN:41,(anonymous_9)
FN:43,(anonymous_10)
FN:49,(anonymous_11)
FN:51,(anonymous_12)
FN:60,(anonymous_13)
FN:61,(anonymous_14)
FN:66,(anonymous_15)
FN:67,(anonymous_16)
FN:72,(anonymous_17)
FN:73,(anonymous_18)
FN:78,(anonymous_19)
FN:79,(anonymous_20)
FN:84,(anonymous_21)
FNF:17
FNH:4
FNDA:3,(anonymous_5)
FNDA:1,Dropdown
FNDA:1,(anonymous_7)
FNDA:0,(anonymous_8)
FNDA:0,(anonymous_9)
FNDA:0,(anonymous_10)
FNDA:0,(anonymous_11)
FNDA:0,(anonymous_12)
FNDA:0,(anonymous_13)
FNDA:0,(anonymous_14)
FNDA:0,(anonymous_15)
FNDA:0,(anonymous_16)
FNDA:0,(anonymous_17)
FNDA:0,(anonymous_18)
FNDA:0,(anonymous_19)
FNDA:0,(anonymous_20)
FNDA:1,(anonymous_21)
DA:3,3
DA:16,3
DA:18,1
DA:19,1
DA:23,1
DA:24,1
DA:25,1
DA:26,1
DA:27,1
DA:28,1
DA:31,3
DA:33,1
DA:36,3
DA:38,0
DA:41,3
DA:42,0
DA:43,0
DA:44,0
DA:49,3
DA:50,0
DA:51,0
DA:52,0
DA:53,0
DA:55,0
DA:60,3
DA:61,0
DA:62,0
DA:66,3
DA:67,0
DA:68,0
DA:72,3
DA:73,0
DA:74,0
DA:78,3
DA:79,0
DA:80,0
DA:84,3
DA:85,1
DA:86,1
DA:90,1
DA:91,1
DA:92,1
DA:93,1
DA:99,1
DA:100,0
DA:102,1
DA:105,1
DA:117,3
DA:119,3
LF:49
LH:31
BRDA:18,0,0,1
BRDA:18,0,1,1
BRDA:42,1,0,0
BRDA:42,1,1,0
BRDA:52,2,0,0
BRDA:52,2,1,0
BRDA:90,3,0,0
BRDA:90,3,1,1
BRDA:91,4,0,0
BRDA:91,4,1,1
BRDA:92,5,0,0
BRDA:92,5,1,1
BRDA:93,6,0,0
BRDA:93,6,1,1
BRDA:99,7,0,0
BRDA:99,7,1,1
BRF:16
BRH:7
end_of_record
TN:
SF:C:\Users\kyloj\Documents\GitHub\pencil4life\server\src\app.ts
FNF:0
FNH:0
DA:3,1
DA:4,1
DA:5,1
DA:6,1
DA:7,1
DA:8,1
DA:10,1
DA:12,1
DA:13,1
DA:14,1
DA:15,1
DA:17,1
LF:12
LH:12
BRF:0
BRH:0
end_of_record
TN:
SF:C:\Users\kyloj\Documents\GitHub\pencil4life\server\src\config\config.express.ts
FN:6,(anonymous_0)
FNF:1
FNH:1
FNDA:1,(anonymous_0)
DA:6,1
DA:7,1
DA:11,1
LF:3
LH:3
BRF:0
BRH:0
end_of_record
TN:
SF:C:\Users\kyloj\Documents\GitHub\pencil4life\server\src\config\config.statics.ts
FN:6,(anonymous_0)
FNF:1
FNH:1
FNDA:1,(anonymous_0)
DA:3,1
DA:4,1
DA:6,1
DA:7,1
DA:13,1
LF:5
LH:5
BRF:0
BRH:0
end_of_record
TN:
SF:C:\Users\kyloj\Documents\GitHub\pencil4life\server\src\config\mongoose.connection.ts
FN:8,(anonymous_0)
FN:12,(anonymous_1)
FN:17,(anonymous_2)
FN:21,(anonymous_3)
FN:25,(anonymous_4)
FN:28,(anonymous_5)
FNF:6
FNH:1
FNDA:1,(anonymous_0)
FNDA:0,(anonymous_1)
FNDA:0,(anonymous_2)
FNDA:0,(anonymous_3)
FNDA:0,(anonymous_4)
FNDA:0,(anonymous_5)
DA:3,1
DA:4,1
DA:6,1
DA:8,1
DA:9,1
DA:12,1
DA:13,0
DA:14,0
DA:17,1
DA:18,0
DA:21,1
DA:22,0
DA:25,1
DA:26,0
DA:28,1
DA:29,0
DA:30,0
DA:31,0
DA:38,1
LF:19
LH:11
BRF:0
BRH:0
end_of_record
TN:
SF:C:\Users\kyloj\Documents\GitHub\pencil4life\server\src\config\routes.express.ts
FN:7,(anonymous_0)
FNF:1
FNH:1
FNDA:1,(anonymous_0)
DA:3,1
DA:4,1
DA:5,1
DA:7,1
DA:8,1
LF:5
LH:5
BRF:0
BRH:0
end_of_record
TN:
SF:C:\Users\kyloj\Documents\GitHub\pencil4life\server\src\config\variables.express.ts
FNF:0
FNH:0
DA:3,1
DA:7,1
DA:8,1
DA:9,1
DA:10,1
DA:11,1
DA:12,1
DA:13,1
DA:14,1
DA:15,1
DA:16,1
DA:17,1
DA:19,1
LF:13
LH:13
BRDA:7,0,0,1
BRDA:7,0,1,1
BRDA:9,1,0,1
BRDA:9,1,1,1
BRDA:10,2,0,1
BRDA:10,2,1,1
BRDA:11,3,0,1
BRDA:11,3,1,1
BRDA:12,4,0,1
BRDA:12,4,1,1
BRDA:13,5,0,1
BRDA:13,5,1,1
BRDA:14,6,0,1
BRDA:14,6,1,1
BRDA:15,7,0,1
BRDA:15,7,1,1
BRDA:16,8,0,1
BRDA:16,8,1,1
BRDA:17,9,0,1
BRDA:17,9,1,1
BRF:20
BRH:20
end_of_record
TN:
SF:C:\Users\kyloj\Documents\GitHub\pencil4life\server\src\routes\api\api.router.ts
FNF:0
FNH:0
DA:3,1
DA:5,1
DA:6,1
DA:7,1
DA:8,1
DA:9,1
DA:10,1
DA:12,1
DA:14,1
DA:23,1
LF:10
LH:10
BRF:0
BRH:0
end_of_record
TN:
SF:C:\Users\kyloj\Documents\GitHub\pencil4life\server\src\routes\api\event\event.controller.ts
FN:5,EventItemController
FN:8,(anonymous_1)
FN:37,(anonymous_2)
FN:39,(anonymous_3)
FN:46,(anonymous_4)
FN:51,(anonymous_5)
FN:57,(anonymous_6)
FN:59,(anonymous_7)
FN:65,(anonymous_8)
FN:74,(anonymous_9)
FN:79,(anonymous_10)
FN:94,(anonymous_11)
FN:99,(anonymous_12)
FN:130,(anonymous_13)
FN:132,(anonymous_14)
FNF:15
FNH:0
FNDA:0,EventItemController
FNDA:0,(anonymous_1)
FNDA:0,(anonymous_2)
FNDA:0,(anonymous_3)
FNDA:0,(anonymous_4)
FNDA:0,(anonymous_5)
FNDA:0,(anonymous_6)
FNDA:0,(anonymous_7)
FNDA:0,(anonymous_8)
FNDA:0,(anonymous_9)
FNDA:0,(anonymous_10)
FNDA:0,(anonymous_11)
FNDA:0,(anonymous_12)
FNDA:0,(anonymous_13)
FNDA:0,(anonymous_14)
DA:3,1
DA:8,1
DA:10,0
DA:11,0
DA:12,0
DA:14,0
DA:15,0
DA:16,0
DA:18,0
DA:19,0
DA:21,0
DA:22,0
DA:24,0
DA:25,0
DA:27,0
DA:28,0
DA:31,0
DA:32,0
DA:33,0
DA:36,0
DA:37,0
DA:38,0
DA:40,0
DA:41,0
DA:46,1
DA:47,0
DA:48,0
DA:49,0
DA:50,0
DA:51,0
DA:52,0
DA:53,0
DA:56,0
DA:57,0
DA:58,0
DA:60,0
DA:65,1
DA:66,0
DA:67,0
DA:68,0
DA:70,0
DA:71,0
DA:73,0
DA:74,0
DA:75,0
DA:76,0
DA:77,0
DA:78,0
DA:79,0
DA:80,0
DA:82,0
DA:83,0
DA:84,0
DA:85,0
DA:93,0
DA:95,0
DA:99,1
DA:101,0
DA:102,0
DA:103,0
DA:104,0
DA:105,0
DA:107,0
DA:108,0
DA:110,0
DA:111,0
DA:113,0
DA:114,0
DA:116,0
DA:117,0
DA:118,0
DA:120,0
DA:121,0
DA:124,0
DA:125,0
DA:126,0
DA:129,0
DA:130,0
DA:131,0
DA:133,0
DA:137,1
LF:81
LH:6
BRDA:10,0,0,0
BRDA:10,0,1,0
BRDA:11,1,0,0
BRDA:11,1,1,0
BRDA:18,2,0,0
BRDA:18,2,1,0
BRDA:21,3,0,0
BRDA:21,3,1,0
BRDA:24,4,0,0
BRDA:24,4,1,0
BRDA:27,5,0,0
BRDA:27,5,1,0
BRDA:49,6,0,0
BRDA:49,6,1,0
BRDA:52,7,0,0
BRDA:52,7,1,0
BRDA:52,8,0,0
BRDA:52,8,1,0
BRDA:67,9,0,0
BRDA:67,9,1,0
BRDA:70,10,0,0
BRDA:70,10,1,0
BRDA:75,11,0,0
BRDA:75,11,1,0
BRDA:76,12,0,0
BRDA:76,12,1,0
BRDA:101,13,0,0
BRDA:101,13,1,0
BRDA:102,14,0,0
BRDA:102,14,1,0
BRDA:107,15,0,0
BRDA:107,15,1,0
BRDA:110,16,0,0
BRDA:110,16,1,0
BRDA:113,17,0,0
BRDA:113,17,1,0
BRDA:117,18,0,0
BRDA:117,18,1,0
BRDA:120,19,0,0
BRDA:120,19,1,0
BRF:40
BRH:0
end_of_record
TN:
SF:C:\Users\kyloj\Documents\GitHub\pencil4life\server\src\routes\api\event\event.model.ts
FNF:0
FNH:0
DA:3,1
DA:17,1
DA:40,1
DA:42,1
LF:4
LH:4
BRF:0
BRH:0
end_of_record
TN:
SF:C:\Users\kyloj\Documents\GitHub\pencil4life\server\src\routes\api\event\event.router.ts
FNF:0
FNH:0
DA:3,1
DA:4,1
DA:5,1
DA:7,1
DA:9,1
DA:14,1
LF:6
LH:6
BRF:0
BRH:0
end_of_record
TN:
SF:C:\Users\kyloj\Documents\GitHub\pencil4life\server\src\routes\api\image\image.controller.ts
FN:10,ImageController
FN:13,(anonymous_1)
FN:59,(anonymous_2)
FN:71,(anonymous_3)
FN:77,(anonymous_4)
FN:84,(anonymous_5)
FN:89,(anonymous_6)
FN:95,(anonymous_7)
FN:97,(anonymous_8)
FN:103,(anonymous_9)
FN:109,(anonymous_10)
FN:114,(anonymous_11)
FN:129,(anonymous_12)
FN:135,(anonymous_13)
FN:175,(anonymous_14)
FN:186,(anonymous_15)
FN:198,(anonymous_16)
FN:209,(anonymous_17)
FNF:18
FNH:0
FNDA:0,ImageController
FNDA:0,(anonymous_1)
FNDA:0,(anonymous_2)
FNDA:0,(anonymous_3)
FNDA:0,(anonymous_4)
FNDA:0,(anonymous_5)
FNDA:0,(anonymous_6)
FNDA:0,(anonymous_7)
FNDA:0,(anonymous_8)
FNDA:0,(anonymous_9)
FNDA:0,(anonymous_10)
FNDA:0,(anonymous_11)
FNDA:0,(anonymous_12)
FNDA:0,(anonymous_13)
FNDA:0,(anonymous_14)
FNDA:0,(anonymous_15)
FNDA:0,(anonymous_16)
FNDA:0,(anonymous_17)
DA:4,1
DA:5,1
DA:6,1
DA:7,1
DA:13,1
DA:16,0
DA:17,0
DA:18,0
DA:20,0
DA:21,0
DA:22,0
DA:24,0
DA:25,0
DA:27,0
DA:28,0
DA:31,0
DA:32,0
DA:33,0
DA:36,0
DA:37,0
DA:38,0
DA:39,0
DA:40,0
DA:41,0
DA:42,0
DA:43,0
DA:44,0
DA:47,0
DA:48,0
DA:49,0
DA:52,0
DA:53,0
DA:54,0
DA:57,0
DA:59,0
DA:61,0
DA:62,0
DA:64,0
DA:66,0
DA:68,0
DA:71,0
DA:72,0
DA:73,0
DA:75,0
DA:78,0
DA:79,0
DA:84,1
DA:85,0
DA:86,0
DA:87,0
DA:88,0
DA:89,0
DA:90,0
DA:91,0
DA:94,0
DA:95,0
DA:96,0
DA:98,0
DA:103,1
DA:104,0
DA:105,0
DA:106,0
DA:108,0
DA:109,0
DA:110,0
DA:111,0
DA:112,0
DA:113,0
DA:114,0
DA:115,0
DA:117,0
DA:118,0
DA:119,0
DA:120,0
DA:128,0
DA:130,0
DA:135,1
DA:137,0
DA:138,0
DA:139,0
DA:140,0
DA:141,0
DA:143,0
DA:144,0
DA:146,0
DA:147,0
DA:149,0
DA:150,0
DA:153,0
DA:154,0
DA:155,0
DA:158,0
DA:159,0
DA:160,0
DA:161,0
DA:163,0
DA:164,0
DA:165,0
DA:166,0
DA:167,0
DA:168,0
DA:174,0
DA:175,0
DA:176,0
DA:177,0
DA:180,0
DA:181,0
DA:182,0
DA:183,0
DA:184,0
DA:185,0
DA:186,0
DA:187,0
DA:188,0
DA:191,0
DA:193,0
DA:195,0
DA:198,0
DA:199,0
DA:200,0
DA:202,0
DA:208,0
DA:210,0
DA:214,1
LF:124
LH:9
BRDA:16,0,0,0
BRDA:16,0,1,0
BRDA:17,1,0,0
BRDA:17,1,1,0
BRDA:24,2,0,0
BRDA:24,2,1,0
BRDA:27,3,0,0
BRDA:27,3,1,0
BRDA:36,4,0,0
BRDA:36,4,1,0
BRDA:37,5,0,0
BRDA:37,5,1,0
BRDA:41,6,0,0
BRDA:41,6,1,0
BRDA:72,7,0,0
BRDA:72,7,1,0
BRDA:87,8,0,0
BRDA:87,8,1,0
BRDA:90,9,0,0
BRDA:90,9,1,0
BRDA:90,10,0,0
BRDA:90,10,1,0
BRDA:105,11,0,0
BRDA:105,11,1,0
BRDA:110,12,0,0
BRDA:110,12,1,0
BRDA:111,13,0,0
BRDA:111,13,1,0
BRDA:137,14,0,0
BRDA:137,14,1,0
BRDA:138,15,0,0
BRDA:138,15,1,0
BRDA:143,16,0,0
BRDA:143,16,1,0
BRDA:146,17,0,0
BRDA:146,17,1,0
BRDA:149,18,0,0
BRDA:149,18,1,0
BRDA:158,19,0,0
BRDA:158,19,1,0
BRDA:159,20,0,0
BRDA:159,20,1,0
BRDA:160,21,0,0
BRDA:160,21,1,0
BRDA:165,22,0,0
BRDA:165,22,1,0
BRDA:176,23,0,0
BRDA:176,23,1,0
BRDA:180,24,0,0
BRDA:180,24,1,0
BRDA:181,25,0,0
BRDA:181,25,1,0
BRDA:182,26,0,0
BRDA:182,26,1,0
BRDA:187,27,0,0
BRDA:187,27,1,0
BRDA:199,28,0,0
BRDA:199,28,1,0
BRF:58
BRH:0
end_of_record
TN:
SF:C:\Users\kyloj\Documents\GitHub\pencil4life\server\src\routes\api\image\image.model.ts
FN:73,(anonymous_0)
FN:79,(anonymous_1)
FN:81,(anonymous_2)
FNF:3
FNH:0
FNDA:0,(anonymous_0)
FNDA:0,(anonymous_1)
FNDA:0,(anonymous_2)
DA:3,1
DA:13,1
DA:25,1
DA:42,1
DA:73,1
DA:74,0
DA:75,0
DA:76,0
DA:79,1
DA:80,0
DA:81,0
DA:82,0
DA:83,0
DA:84,0
DA:85,0
DA:90,1
LF:16
LH:7
BRDA:74,0,0,0
BRDA:74,0,1,0
BRDA:76,1,0,0
BRDA:76,1,1,0
BRDA:82,2,0,0
BRDA:82,2,1,0
BRF:6
BRH:0
end_of_record
TN:
SF:C:\Users\kyloj\Documents\GitHub\pencil4life\server\src\routes\api\image\image.router.ts
FNF:0
FNH:0
DA:3,1
DA:4,1
DA:5,1
DA:7,1
DA:9,1
DA:14,1
LF:6
LH:6
BRF:0
BRH:0
end_of_record
TN:
SF:C:\Users\kyloj\Documents\GitHub\pencil4life\server\src\routes\api\newsitem\newsitem.controller.ts
FN:5,NewsItemController
FN:8,(anonymous_1)
FN:30,(anonymous_2)
FN:32,(anonymous_3)
FN:39,(anonymous_4)
FN:45,(anonymous_5)
FN:51,(anonymous_6)
FN:53,(anonymous_7)
FN:59,(anonymous_8)
FN:68,(anonymous_9)
FN:73,(anonymous_10)
FN:88,(anonymous_11)
FN:93,(anonymous_12)
FN:115,(anonymous_13)
FN:117,(anonymous_14)
FNF:15
FNH:0
FNDA:0,NewsItemController
FNDA:0,(anonymous_1)
FNDA:0,(anonymous_2)
FNDA:0,(anonymous_3)
FNDA:0,(anonymous_4)
FNDA:0,(anonymous_5)
FNDA:0,(anonymous_6)
FNDA:0,(anonymous_7)
FNDA:0,(anonymous_8)
FNDA:0,(anonymous_9)
FNDA:0,(anonymous_10)
FNDA:0,(anonymous_11)
FNDA:0,(anonymous_12)
FNDA:0,(anonymous_13)
FNDA:0,(anonymous_14)
DA:3,1
DA:8,1
DA:10,0
DA:11,0
DA:12,0
DA:14,0
DA:15,0
DA:16,0
DA:18,0
DA:19,0
DA:22,0
DA:23,0
DA:24,0
DA:26,0
DA:27,0
DA:29,0
DA:30,0
DA:31,0
DA:33,0
DA:34,0
DA:39,1
DA:40,0
DA:42,0
DA:43,0
DA:44,0
DA:45,0
DA:46,0
DA:47,0
DA:50,0
DA:51,0
DA:52,0
DA:54,0
DA:59,1
DA:60,0
DA:62,0
DA:63,0
DA:64,0
DA:66,0
DA:67,0
DA:68,0
DA:69,0
DA:70,0
DA:71,0
DA:72,0
DA:73,0
DA:74,0
DA:76,0
DA:77,0
DA:78,0
DA:79,0
DA:87,0
DA:89,0
DA:93,1
DA:95,0
DA:96,0
DA:97,0
DA:98,0
DA:99,0
DA:101,0
DA:102,0
DA:104,0
DA:105,0
DA:108,0
DA:109,0
DA:110,0
DA:112,0
DA:114,0
DA:115,0
DA:116,0
DA:118,0
DA:122,1
LF:71
LH:6
BRDA:10,0,0,0
BRDA:10,0,1,0
BRDA:11,1,0,0
BRDA:11,1,1,0
BRDA:18,2,0,0
BRDA:18,2,1,0
BRDA:43,3,0,0
BRDA:43,3,1,0
BRDA:46,4,0,0
BRDA:46,4,1,0
BRDA:46,5,0,0
BRDA:46,5,1,0
BRDA:63,6,0,0
BRDA:63,6,1,0
BRDA:69,7,0,0
BRDA:69,7,1,0
BRDA:70,8,0,0
BRDA:70,8,1,0
BRDA:95,9,0,0
BRDA:95,9,1,0
BRDA:96,10,0,0
BRDA:96,10,1,0
BRDA:101,11,0,0
BRDA:101,11,1,0
BRDA:104,12,0,0
BRDA:104,12,1,0
BRF:26
BRH:0
end_of_record
TN:
SF:C:\Users\kyloj\Documents\GitHub\pencil4life\server\src\routes\api\newsitem\newsitem.model.ts
FNF:0
FNH:0
DA:3,1
DA:15,1
DA:34,1
DA:36,1
LF:4
LH:4
BRF:0
BRH:0
end_of_record
TN:
SF:C:\Users\kyloj\Documents\GitHub\pencil4life\server\src\routes\api\newsitem\newsitem.router.ts
FNF:0
FNH:0
DA:3,1
DA:4,1
DA:5,1
DA:7,1
DA:9,1
DA:14,1
LF:6
LH:6
BRF:0
BRH:0
end_of_record
TN:
SF:C:\Users\kyloj\Documents\GitHub\pencil4life\server\src\routes\api\project\project.controller.ts
FN:5,ProjectController
FN:8,(anonymous_1)
FN:48,(anonymous_2)
FN:50,(anonymous_3)
FN:57,(anonymous_4)
FN:62,(anonymous_5)
FN:68,(anonymous_6)
FN:70,(anonymous_7)
FN:76,(anonymous_8)
FN:84,(anonymous_9)
FN:89,(anonymous_10)
FN:104,(anonymous_11)
FN:110,(anonymous_12)
FN:145,(anonymous_13)
FN:147,(anonymous_14)
FN:153,(anonymous_15)
FN:180,(anonymous_16)
FN:185,(anonymous_17)
FN:196,(anonymous_18)
FN:200,(anonymous_19)
FN:213,(anonymous_20)
FN:217,(anonymous_21)
FN:221,(anonymous_22)
FN:223,(anonymous_23)
FN:230,(anonymous_24)
FN:234,(anonymous_25)
FN:241,(anonymous_26)
FN:243,(anonymous_27)
FN:248,(anonymous_28)
FN:254,(anonymous_29)
FN:259,(anonymous_30)
FN:264,(anonymous_31)
FN:270,(anonymous_32)
FN:272,(anonymous_33)
FN:274,(anonymous_34)
FN:285,(anonymous_35)
FN:302,(anonymous_36)
FN:308,(anonymous_37)
FN:335,(anonymous_38)
FN:346,(anonymous_39)
FN:350,(anonymous_40)
FN:363,(anonymous_41)
FN:367,(anonymous_42)
FN:372,(anonymous_43)
FN:376,(anonymous_44)
FN:381,(anonymous_45)
FN:386,(anonymous_46)
FNF:47
FNH:0
FNDA:0,ProjectController
FNDA:0,(anonymous_1)
FNDA:0,(anonymous_2)
FNDA:0,(anonymous_3)
FNDA:0,(anonymous_4)
FNDA:0,(anonymous_5)
FNDA:0,(anonymous_6)
FNDA:0,(anonymous_7)
FNDA:0,(anonymous_8)
FNDA:0,(anonymous_9)
FNDA:0,(anonymous_10)
FNDA:0,(anonymous_11)
FNDA:0,(anonymous_12)
FNDA:0,(anonymous_13)
FNDA:0,(anonymous_14)
FNDA:0,(anonymous_15)
FNDA:0,(anonymous_16)
FNDA:0,(anonymous_17)
FNDA:0,(anonymous_18)
FNDA:0,(anonymous_19)
FNDA:0,(anonymous_20)
FNDA:0,(anonymous_21)
FNDA:0,(anonymous_22)
FNDA:0,(anonymous_23)
FNDA:0,(anonymous_24)
FNDA:0,(anonymous_25)
FNDA:0,(anonymous_26)
FNDA:0,(anonymous_27)
FNDA:0,(anonymous_28)
FNDA:0,(anonymous_29)
FNDA:0,(anonymous_30)
FNDA:0,(anonymous_31)
FNDA:0,(anonymous_32)
FNDA:0,(anonymous_33)
FNDA:0,(anonymous_34)
FNDA:0,(anonymous_35)
FNDA:0,(anonymous_36)
FNDA:0,(anonymous_37)
FNDA:0,(anonymous_38)
FNDA:0,(anonymous_39)
FNDA:0,(anonymous_40)
FNDA:0,(anonymous_41)
FNDA:0,(anonymous_42)
FNDA:0,(anonymous_43)
FNDA:0,(anonymous_44)
FNDA:0,(anonymous_45)
FNDA:0,(anonymous_46)
DA:3,1
DA:8,1
DA:10,0
DA:11,0
DA:18,0
DA:19,0
DA:21,0
DA:22,0
DA:23,0
DA:25,0
DA:26,0
DA:28,0
DA:29,0
DA:31,0
DA:32,0
DA:33,0
DA:35,0
DA:38,0
DA:39,0
DA:42,0
DA:43,0
DA:44,0
DA:47,0
DA:48,0
DA:49,0
DA:51,0
DA:52,0
DA:57,1
DA:58,0
DA:59,0
DA:60,0
DA:61,0
DA:62,0
DA:63,0
DA:64,0
DA:67,0
DA:68,0
DA:69,0
DA:71,0
DA:76,1
DA:77,0
DA:78,0
DA:79,0
DA:82,0
DA:83,0
DA:84,0
DA:85,0
DA:86,0
DA:87,0
DA:88,0
DA:89,0
DA:90,0
DA:92,0
DA:93,0
DA:94,0
DA:95,0
DA:103,0
DA:105,0
DA:110,1
DA:112,0
DA:113,0
DA:114,0
DA:115,0
DA:116,0
DA:117,0
DA:119,0
DA:120,0
DA:122,0
DA:123,0
DA:125,0
DA:126,0
DA:128,0
DA:129,0
DA:130,0
DA:132,0
DA:135,0
DA:136,0
DA:139,0
DA:140,0
DA:141,0
DA:144,0
DA:145,0
DA:146,0
DA:148,0
DA:153,1
DA:155,0
DA:156,0
DA:157,0
DA:158,0
DA:160,0
DA:161,0
DA:163,0
DA:164,0
DA:166,0
DA:167,0
DA:169,0
DA:170,0
DA:173,0
DA:174,0
DA:175,0
DA:178,0
DA:180,0
DA:182,0
DA:184,0
DA:185,0
DA:186,0
DA:188,0
DA:189,0
DA:190,0
DA:192,0
DA:193,0
DA:196,0
DA:197,0
DA:200,0
DA:201,0
DA:202,0
DA:203,0
DA:204,0
DA:205,0
DA:206,0
DA:208,0
DA:209,0
DA:213,0
DA:214,0
DA:217,0
DA:218,0
DA:219,0
DA:221,0
DA:222,0
DA:224,0
DA:225,0
DA:228,0
DA:231,0
DA:232,0
DA:235,0
DA:236,0
DA:241,1
DA:242,0
DA:243,0
DA:244,0
DA:245,0
DA:246,0
DA:247,0
DA:248,0
DA:249,0
DA:250,0
DA:254,0
DA:255,0
DA:257,0
DA:258,0
DA:259,0
DA:260,0
DA:263,0
DA:265,0
DA:270,1
DA:271,0
DA:272,0
DA:274,0
DA:275,0
DA:281,0
DA:282,0
DA:283,0
DA:284,0
DA:285,0
DA:286,0
DA:288,0
DA:289,0
DA:290,0
DA:291,0
DA:299,0
DA:301,0
DA:303,0
DA:308,1
DA:310,0
DA:311,0
DA:312,0
DA:313,0
DA:315,0
DA:316,0
DA:318,0
DA:319,0
DA:321,0
DA:322,0
DA:324,0
DA:325,0
DA:328,0
DA:329,0
DA:330,0
DA:334,0
DA:335,0
DA:336,0
DA:338,0
DA:339,0
DA:340,0
DA:342,0
DA:343,0
DA:346,0
DA:347,0
DA:350,0
DA:351,0
DA:352,0
DA:353,0
DA:354,0
DA:355,0
DA:356,0
DA:358,0
DA:359,0
DA:363,0
DA:364,0
DA:367,0
DA:368,0
DA:369,0
DA:372,0
DA:373,0
DA:376,0
DA:377,0
DA:378,0
DA:381,0
DA:382,0
DA:383,0
DA:387,0
DA:391,1
LF:222
LH:10
BRDA:10,0,0,0
BRDA:10,0,1,0
BRDA:18,1,0,0
BRDA:18,1,1,0
BRDA:25,2,0,0
BRDA:25,2,1,0
BRDA:28,3,0,0
BRDA:28,3,1,0
BRDA:31,4,0,0
BRDA:31,4,1,0
BRDA:33,5,0,0
BRDA:33,5,1,0
BRDA:38,6,0,0
BRDA:38,6,1,0
BRDA:60,7,0,0
BRDA:60,7,1,0
BRDA:63,8,0,0
BRDA:63,8,1,0
BRDA:63,9,0,0
BRDA:63,9,1,0
BRDA:78,10,0,0
BRDA:78,10,1,0
BRDA:85,11,0,0
BRDA:85,11,1,0
BRDA:86,12,0,0
BRDA:86,12,1,0
BRDA:112,13,0,0
BRDA:112,13,1,0
BRDA:114,14,0,0
BRDA:114,14,1,0
BRDA:119,15,0,0
BRDA:119,15,1,0
BRDA:122,16,0,0
BRDA:122,16,1,0
BRDA:125,17,0,0
BRDA:125,17,1,0
BRDA:128,18,0,0
BRDA:128,18,1,0
BRDA:130,19,0,0
BRDA:130,19,1,0
BRDA:135,20,0,0
BRDA:135,20,1,0
BRDA:155,21,0,0
BRDA:155,21,1,0
BRDA:157,22,0,0
BRDA:157,22,1,0
BRDA:160,23,0,0
BRDA:160,23,1,0
BRDA:163,24,0,0
BRDA:163,24,1,0
BRDA:166,25,0,0
BRDA:166,25,1,0
BRDA:169,26,0,0
BRDA:169,26,1,0
BRDA:186,27,0,0
BRDA:186,27,1,0
BRDA:189,28,0,0
BRDA:189,28,1,0
BRDA:192,29,0,0
BRDA:192,29,1,0
BRDA:201,30,0,0
BRDA:201,30,1,0
BRDA:204,31,0,0
BRDA:204,31,1,0
BRDA:245,32,0,0
BRDA:245,32,1,0
BRDA:249,33,0,0
BRDA:249,33,1,0
BRDA:249,34,0,0
BRDA:249,34,1,0
BRDA:281,35,0,0
BRDA:281,35,1,0
BRDA:282,36,0,0
BRDA:282,36,1,0
BRDA:310,37,0,0
BRDA:310,37,1,0
BRDA:312,38,0,0
BRDA:312,38,1,0
BRDA:315,39,0,0
BRDA:315,39,1,0
BRDA:318,40,0,0
BRDA:318,40,1,0
BRDA:321,41,0,0
BRDA:321,41,1,0
BRDA:324,42,0,0
BRDA:324,42,1,0
BRDA:338,43,0,0
BRDA:338,43,1,0
BRDA:339,44,0,0
BRDA:339,44,1,0
BRDA:342,45,0,0
BRDA:342,45,1,0
BRDA:351,46,0,0
BRDA:351,46,1,0
BRDA:354,47,0,0
BRDA:354,47,1,0
BRDA:354,48,0,0
BRDA:354,48,1,0
BRDA:354,48,2,0
BRDA:382,49,0,0
BRDA:382,49,1,0
BRF:101
BRH:0
end_of_record
TN:
SF:C:\Users\kyloj\Documents\GitHub\pencil4life\server\src\routes\api\project\project.model.ts
FNF:0
FNH:0
DA:4,1
DA:13,1
DA:31,1
DA:65,1
DA:86,1
DA:88,1
LF:6
LH:6
BRF:0
BRH:0
end_of_record
TN:
SF:C:\Users\kyloj\Documents\GitHub\pencil4life\server\src\routes\api\project\project.router.ts
FNF:0
FNH:0
DA:3,1
DA:4,1
DA:5,1
DA:7,1
DA:9,1
DA:18,1
LF:6
LH:6
BRF:0
BRH:0
end_of_record
TN:
SF:C:\Users\kyloj\Documents\GitHub\pencil4life\server\src\routes\api\shopitem\shopitem.controller.ts
FN:5,ShopItemController
FN:8,(anonymous_1)
FN:39,(anonymous_2)
FN:41,(anonymous_3)
FN:48,(anonymous_4)
FN:53,(anonymous_5)
FN:59,(anonymous_6)
FN:61,(anonymous_7)
FN:67,(anonymous_8)
FN:75,(anonymous_9)
FN:80,(anonymous_10)
FN:95,(anonymous_11)
FN:100,(anonymous_12)
FN:128,(anonymous_13)
FN:130,(anonymous_14)
FNF:15
FNH:0
FNDA:0,ShopItemController
FNDA:0,(anonymous_1)
FNDA:0,(anonymous_2)
FNDA:0,(anonymous_3)
FNDA:0,(anonymous_4)
FNDA:0,(anonymous_5)
FNDA:0,(anonymous_6)
FNDA:0,(anonymous_7)
FNDA:0,(anonymous_8)
FNDA:0,(anonymous_9)
FNDA:0,(anonymous_10)
FNDA:0,(anonymous_11)
FNDA:0,(anonymous_12)
FNDA:0,(anonymous_13)
FNDA:0,(anonymous_14)
DA:3,1
DA:8,1
DA:10,0
DA:11,0
DA:12,0
DA:14,0
DA:15,0
DA:16,0
DA:18,0
DA:19,0
DA:21,0
DA:22,0
DA:24,0
DA:25,0
DA:27,0
DA:28,0
DA:31,0
DA:32,0
DA:33,0
DA:35,0
DA:36,0
DA:38,0
DA:39,0
DA:40,0
DA:42,0
DA:43,0
DA:48,1
DA:49,0
DA:50,0
DA:51,0
DA:52,0
DA:53,0
DA:54,0
DA:55,0
DA:58,0
DA:59,0
DA:60,0
DA:62,0
DA:67,1
DA:68,0
DA:70,0
DA:74,0
DA:75,0
DA:76,0
DA:77,0
DA:78,0
DA:79,0
DA:80,0
DA:81,0
DA:83,0
DA:84,0
DA:85,0
DA:86,0
DA:94,0
DA:96,0
DA:100,1
DA:102,0
DA:103,0
DA:104,0
DA:105,0
DA:106,0
DA:108,0
DA:109,0
DA:111,0
DA:112,0
DA:114,0
DA:115,0
DA:117,0
DA:118,0
DA:121,0
DA:122,0
DA:123,0
DA:125,0
DA:127,0
DA:128,0
DA:129,0
DA:131,0
DA:135,1
LF:78
LH:6
BRDA:10,0,0,0
BRDA:10,0,1,0
BRDA:11,1,0,0
BRDA:11,1,1,0
BRDA:18,2,0,0
BRDA:18,2,1,0
BRDA:21,3,0,0
BRDA:21,3,1,0
BRDA:24,4,0,0
BRDA:24,4,1,0
BRDA:27,5,0,0
BRDA:27,5,1,0
BRDA:51,6,0,0
BRDA:51,6,1,0
BRDA:54,7,0,0
BRDA:54,7,1,0
BRDA:54,8,0,0
BRDA:54,8,1,0
BRDA:76,9,0,0
BRDA:76,9,1,0
BRDA:77,10,0,0
BRDA:77,10,1,0
BRDA:102,11,0,0
BRDA:102,11,1,0
BRDA:103,12,0,0
BRDA:103,12,1,0
BRDA:108,13,0,0
BRDA:108,13,1,0
BRDA:111,14,0,0
BRDA:111,14,1,0
BRDA:114,15,0,0
BRDA:114,15,1,0
BRDA:117,16,0,0
BRDA:117,16,1,0
BRF:34
BRH:0
end_of_record
TN:
SF:C:\Users\kyloj\Documents\GitHub\pencil4life\server\src\routes\api\shopitem\shopitem.model.ts
FN:27,(anonymous_0)
FN:28,(anonymous_1)
FN:34,(anonymous_2)
FN:35,(anonymous_3)
FN:41,(anonymous_4)
FN:42,(anonymous_5)
FNF:6
FNH:0
FNDA:0,(anonymous_0)
FNDA:0,(anonymous_1)
FNDA:0,(anonymous_2)
FNDA:0,(anonymous_3)
FNDA:0,(anonymous_4)
FNDA:0,(anonymous_5)
DA:3,1
DA:4,1
DA:19,1
DA:27,0
DA:28,0
DA:34,0
DA:35,0
DA:41,0
DA:42,0
DA:59,1
DA:61,1
DA:63,1
LF:12
LH:6
BRF:0
BRH:0
end_of_record
TN:
SF:C:\Users\kyloj\Documents\GitHub\pencil4life\server\src\routes\api\shopitem\shopitem.router.ts
FNF:0
FNH:0
DA:3,1
DA:4,1
DA:5,1
DA:7,1
DA:9,1
DA:15,1
LF:6
LH:6
BRF:0
BRH:0
end_of_record
TN:
SF:C:\Users\kyloj\Documents\GitHub\pencil4life\server\src\routes\api\user\user.controller.ts
FN:5,(anonymous_0)
FN:21,UserController
FN:24,(anonymous_2)
FN:26,(anonymous_3)
FN:31,(anonymous_4)
FN:35,(anonymous_5)
FN:43,(anonymous_6)
FN:50,(anonymous_7)
FN:52,(anonymous_8)
FN:60,(anonymous_9)
FN:61,(anonymous_10)
FN:64,(anonymous_11)
FN:76,(anonymous_12)
FN:84,(anonymous_13)
FN:90,(anonymous_14)
FN:93,(anonymous_15)
FN:94,(anonymous_16)
FN:101,(anonymous_17)
FN:107,(anonymous_18)
FN:108,(anonymous_19)
FN:119,(anonymous_20)
FN:127,(anonymous_21)
FN:130,(anonymous_22)
FN:136,(anonymous_23)
FN:137,(anonymous_24)
FN:145,(anonymous_25)
FN:165,(anonymous_26)
FN:172,(anonymous_27)
FN:179,(anonymous_28)
FN:181,(anonymous_29)
FN:186,(anonymous_30)
FN:201,(anonymous_31)
FN:204,(anonymous_32)
FN:216,(anonymous_33)
FN:222,(anonymous_34)
FN:223,(anonymous_35)
FN:234,(anonymous_36)
FN:236,(anonymous_37)
FN:241,(anonymous_38)
FN:247,(anonymous_39)
FN:254,(anonymous_40)
FN:261,(anonymous_41)
FN:263,(anonymous_42)
FN:274,(anonymous_43)
FN:277,(anonymous_44)
FNF:45
FNH:0
FNDA:0,(anonymous_0)
FNDA:0,UserController
FNDA:0,(anonymous_2)
FNDA:0,(anonymous_3)
FNDA:0,(anonymous_4)
FNDA:0,(anonymous_5)
FNDA:0,(anonymous_6)
FNDA:0,(anonymous_7)
FNDA:0,(anonymous_8)
FNDA:0,(anonymous_9)
FNDA:0,(anonymous_10)
FNDA:0,(anonymous_11)
FNDA:0,(anonymous_12)
FNDA:0,(anonymous_13)
FNDA:0,(anonymous_14)
FNDA:0,(anonymous_15)
FNDA:0,(anonymous_16)
FNDA:0,(anonymous_17)
FNDA:0,(anonymous_18)
FNDA:0,(anonymous_19)
FNDA:0,(anonymous_20)
FNDA:0,(anonymous_21)
FNDA:0,(anonymous_22)
FNDA:0,(anonymous_23)
FNDA:0,(anonymous_24)
FNDA:0,(anonymous_25)
FNDA:0,(anonymous_26)
FNDA:0,(anonymous_27)
FNDA:0,(anonymous_28)
FNDA:0,(anonymous_29)
FNDA:0,(anonymous_30)
FNDA:0,(anonymous_31)
FNDA:0,(anonymous_32)
FNDA:0,(anonymous_33)
FNDA:0,(anonymous_34)
FNDA:0,(anonymous_35)
FNDA:0,(anonymous_36)
FNDA:0,(anonymous_37)
FNDA:0,(anonymous_38)
FNDA:0,(anonymous_39)
FNDA:0,(anonymous_40)
FNDA:0,(anonymous_41)
FNDA:0,(anonymous_42)
FNDA:0,(anonymous_43)
FNDA:0,(anonymous_44)
DA:2,1
DA:3,1
DA:5,1
DA:6,0
DA:8,0
DA:9,0
DA:12,0
DA:24,1
DA:26,0
DA:27,0
DA:28,0
DA:31,0
DA:32,0
DA:33,0
DA:35,0
DA:37,0
DA:44,0
DA:45,0
DA:47,0
DA:51,0
DA:53,0
DA:60,1
DA:61,0
DA:62,0
DA:65,0
DA:66,0
DA:68,0
DA:69,0
DA:70,0
DA:73,0
DA:77,0
DA:78,0
DA:80,0
DA:81,0
DA:82,0
DA:85,0
DA:90,1
DA:91,0
DA:92,0
DA:93,0
DA:94,0
DA:95,0
DA:96,0
DA:98,0
DA:102,0
DA:103,0
DA:104,0
DA:105,0
DA:107,0
DA:108,0
DA:109,0
DA:110,0
DA:112,0
DA:113,0
DA:115,0
DA:120,0
DA:121,0
DA:123,0
DA:124,0
DA:125,0
DA:128,0
DA:131,0
DA:136,1
DA:137,0
DA:138,0
DA:139,0
DA:141,0
DA:145,1
DA:147,0
DA:148,0
DA:149,0
DA:151,0
DA:152,0
DA:154,0
DA:155,0
DA:157,0
DA:158,0
DA:161,0
DA:162,0
DA:163,0
DA:165,0
DA:166,0
DA:173,0
DA:174,0
DA:176,0
DA:180,0
DA:182,0
DA:186,1
DA:189,0
DA:190,0
DA:191,0
DA:193,0
DA:194,0
DA:197,0
DA:198,0
DA:199,0
DA:201,0
DA:202,0
DA:205,0
DA:206,0
DA:208,0
DA:209,0
DA:210,0
DA:213,0
DA:217,0
DA:218,0
DA:219,0
DA:220,0
DA:222,0
DA:223,0
DA:224,0
DA:225,0
DA:227,0
DA:228,0
DA:230,0
DA:235,0
DA:236,0
DA:237,0
DA:238,0
DA:241,0
DA:242,0
DA:243,0
DA:246,0
DA:247,0
DA:248,0
DA:255,0
DA:256,0
DA:258,0
DA:262,0
DA:264,0
DA:270,0
DA:271,0
DA:272,0
DA:275,0
DA:278,0
DA:282,1
LF:136
LH:10
BRDA:8,0,0,0
BRDA:8,0,1,0
BRDA:27,1,0,0
BRDA:27,1,1,0
BRDA:32,2,0,0
BRDA:32,2,1,0
BRDA:44,3,0,0
BRDA:44,3,1,0
BRDA:65,4,0,0
BRDA:65,4,1,0
BRDA:68,5,0,0
BRDA:68,5,1,0
BRDA:69,6,0,0
BRDA:69,6,1,0
BRDA:77,7,0,0
BRDA:77,7,1,0
BRDA:95,8,0,0
BRDA:95,8,1,0
BRDA:102,9,0,0
BRDA:102,9,1,0
BRDA:109,10,0,0
BRDA:109,10,1,0
BRDA:112,11,0,0
BRDA:112,11,1,0
BRDA:120,12,0,0
BRDA:120,12,1,0
BRDA:138,13,0,0
BRDA:138,13,1,0
BRDA:147,14,0,0
BRDA:147,14,1,0
BRDA:148,15,0,0
BRDA:148,15,1,0
BRDA:151,16,0,0
BRDA:151,16,1,0
BRDA:154,17,0,0
BRDA:154,17,1,0
BRDA:157,18,0,0
BRDA:157,18,1,0
BRDA:173,19,0,0
BRDA:173,19,1,0
BRDA:189,20,0,0
BRDA:189,20,1,0
BRDA:190,21,0,0
BRDA:190,21,1,0
BRDA:193,22,0,0
BRDA:193,22,1,0
BRDA:205,23,0,0
BRDA:205,23,1,0
BRDA:208,24,0,0
BRDA:208,24,1,0
BRDA:209,25,0,0
BRDA:209,25,1,0
BRDA:217,26,0,0
BRDA:217,26,1,0
BRDA:224,27,0,0
BRDA:224,27,1,0
BRDA:227,28,0,0
BRDA:227,28,1,0
BRDA:235,29,0,0
BRDA:235,29,1,0
BRDA:237,30,0,0
BRDA:237,30,1,0
BRDA:242,31,0,0
BRDA:242,31,1,0
BRDA:255,32,0,0
BRDA:255,32,1,0
BRF:66
BRH:0
end_of_record
TN:
SF:C:\Users\kyloj\Documents\GitHub\pencil4life\server\src\routes\api\user\user.middleware.ts
FN:4,(anonymous_0)
FN:11,(anonymous_1)
FN:19,(anonymous_2)
FN:22,(anonymous_3)
FN:27,(anonymous_4)
FNF:5
FNH:0
FNDA:0,(anonymous_0)
FNDA:0,(anonymous_1)
FNDA:0,(anonymous_2)
FNDA:0,(anonymous_3)
FNDA:0,(anonymous_4)
DA:2,1
DA:4,1
DA:5,0
DA:6,0
DA:7,0
DA:11,1
DA:12,0
DA:13,0
DA:15,0
DA:19,1
DA:20,0
DA:21,0
DA:22,0
DA:23,0
DA:24,0
DA:26,0
DA:28,0
DA:31,0
DA:34,1
LF:19
LH:5
BRDA:12,0,0,0
BRDA:12,0,1,0
BRDA:20,1,0,0
BRDA:20,1,1,0
BRDA:20,2,0,0
BRDA:20,2,1,0
BRDA:23,3,0,0
BRDA:23,3,1,0
BRDA:23,4,0,0
BRDA:23,4,1,0
BRF:10
BRH:0
end_of_record
TN:
SF:C:\Users\kyloj\Documents\GitHub\pencil4life\server\src\routes\api\user\user.model.ts
FN:53,(anonymous_0)
FN:54,(anonymous_1)
FNF:2
FNH:0
FNDA:0,(anonymous_0)
FNDA:0,(anonymous_1)
DA:1,1
DA:3,1
DA:4,1
DA:20,1
DA:53,1
DA:54,0
DA:55,0
DA:56,0
DA:57,0
DA:59,0
DA:63,1
DA:65,1
LF:12
LH:7
BRDA:55,0,0,0
BRDA:55,0,1,0
BRF:2
BRH:0
end_of_record
TN:
SF:C:\Users\kyloj\Documents\GitHub\pencil4life\server\src\routes\api\user\user.router.ts
FNF:0
FNH:0
DA:3,1
DA:4,1
DA:5,1
DA:7,1
DA:9,1
DA:17,1
LF:6
LH:6
BRF:0
BRH:0
end_of_record
TN:
SF:C:\Users\kyloj\Documents\GitHub\pencil4life\server\src\routes\main\main.controller.ts
FN:5,MainController
FN:8,(anonymous_1)
FNF:2
FNH:1
FNDA:0,MainController
FNDA:1,(anonymous_1)
DA:3,1
DA:8,1
DA:9,1
DA:12,1
LF:4
LH:4
BRF:0
BRH:0
end_of_record
TN:
SF:C:\Users\kyloj\Documents\GitHub\pencil4life\server\src\routes\main\main.router.ts
FNF:0
FNH:0
DA:3,1
DA:4,1
DA:5,1
DA:7,1
DA:9,1
DA:70,1
LF:6
LH:6
BRF:0
BRH:0
end_of_record
TN:
SF:C:\Users\kyloj\Documents\GitHub\pencil4life\server\src\routes\report-violation\report-violation.controller.ts
FN:5,ReportViolationController
FN:8,(anonymous_1)
FNF:2
FNH:0
FNDA:0,ReportViolationController
FNDA:0,(anonymous_1)
DA:3,1
DA:8,1
DA:9,0
DA:10,0
DA:11,0
DA:12,0
DA:13,0
DA:14,0
DA:16,0
DA:17,0
DA:19,0
DA:20,0
DA:22,0
DA:23,0
DA:25,0
DA:26,0
DA:30,0
DA:32,0
DA:35,1
LF:19
LH:3
BRDA:9,0,0,0
BRDA:9,0,1,0
BRDA:11,1,0,0
BRDA:11,1,1,0
BRDA:13,2,0,0
BRDA:13,2,1,0
BRDA:16,3,0,0
BRDA:16,3,1,0
BRDA:19,4,0,0
BRDA:19,4,1,0
BRDA:22,5,0,0
BRDA:22,5,1,0
BRDA:25,6,0,0
BRDA:25,6,1,0
BRF:14
BRH:0
end_of_record
TN:
SF:C:\Users\kyloj\Documents\GitHub\pencil4life\server\src\routes\report-violation\report-violation.router.ts
FNF:0
FNH:0
DA:3,1
DA:5,1
DA:7,1
DA:9,1
DA:11,1
LF:5
LH:5
BRF:0
BRH:0
end_of_record
TN:
SF:C:\Users\kyloj\Documents\GitHub\pencil4life\server\src\utilities\errorHandler.middleware.ts
FN:5,(anonymous_0)
FN:6,(anonymous_1)
FN:13,(anonymous_2)
FN:56,(anonymous_3)
FNF:4
FNH:1
FNDA:1,(anonymous_0)
FNDA:0,(anonymous_1)
FNDA:0,(anonymous_2)
FNDA:0,(anonymous_3)
DA:3,1
DA:5,1
DA:6,1
DA:7,0
DA:8,0
DA:10,0
DA:13,1
DA:14,0
DA:15,0
DA:18,0
DA:19,0
DA:20,0
DA:21,0
DA:24,0
DA:27,0
DA:28,0
DA:29,0
DA:33,0
DA:34,0
DA:38,0
DA:41,0
DA:42,0
DA:43,0
DA:46,0
DA:47,0
DA:48,0
DA:49,0
DA:51,0
DA:54,0
DA:56,1
DA:57,0
LF:31
LH:5
BRDA:7,0,0,0
BRDA:7,0,1,0
BRDA:14,1,0,0
BRDA:14,1,1,0
BRDA:18,2,0,0
BRDA:18,2,1,0
BRDA:19,3,0,0
BRDA:19,3,1,0
BRDA:20,4,0,0
BRDA:20,4,1,0
BRDA:27,5,0,0
BRDA:27,5,1,0
BRDA:28,6,0,0
BRDA:28,6,1,0
BRDA:33,7,0,0
BRDA:33,7,1,0
BRDA:41,8,0,0
BRDA:41,8,1,0
BRDA:48,9,0,0
BRDA:48,9,1,0
BRF:20
BRH:0
end_of_record
TN:
SF:C:\Users\kyloj\Documents\GitHub\pencil4life\server\src\utilities\logger.ts
FN:6,(anonymous_0)
FN:11,(anonymous_1)
FNF:2
FNH:0
FNDA:0,(anonymous_0)
FNDA:0,(anonymous_1)
DA:3,1
DA:4,1
DA:6,1
DA:7,0
DA:8,0
DA:11,1
DA:12,0
DA:13,0
DA:16,1
LF:9
LH:5
BRF:0
BRH:0
end_of_record
