TN:
SF:C:\Users\kyloj\Documents\GitHub\pencil4life\jest-setup.ts
FNF:0
FNH:0
DA:3,33
DA:4,33
DA:5,33
DA:7,33
DA:14,33
DA:16,33
LF:6
LH:6
BRF:0
BRH:0
end_of_record
TN:
SF:C:\Users\kyloj\Documents\GitHub\pencil4life\client\src\components\app.tsx
FN:15,(anonymous_5)
FN:18,(anonymous_6)
FN:18,(anonymous_7)
FN:23,(anonymous_8)
FN:23,(anonymous_9)
FN:28,(anonymous_10)
FN:28,(anonymous_11)
FN:33,(anonymous_12)
FN:33,(anonymous_13)
FN:37,(anonymous_14)
FN:38,(anonymous_16)
FNF:11
FNH:2
FNDA:0,(anonymous_5)
FNDA:0,(anonymous_6)
FNDA:0,(anonymous_7)
FNDA:0,(anonymous_8)
FNDA:0,(anonymous_9)
FNDA:0,(anonymous_10)
FNDA:0,(anonymous_11)
FNDA:0,(anonymous_12)
FNDA:0,(anonymous_13)
FNDA:2,(anonymous_14)
FNDA:1,(anonymous_16)
DA:3,1
DA:4,1
DA:5,1
DA:6,1
DA:7,1
DA:8,1
DA:11,1
DA:12,1
DA:13,1
DA:15,1
DA:17,1
DA:18,0
DA:22,1
DA:23,0
DA:27,1
DA:28,0
DA:32,1
DA:33,0
DA:37,1
DA:38,1
DA:39,1
DA:57,1
DA:59,1
LF:23
LH:19
BRF:0
BRH:0
end_of_record
TN:
SF:C:\Users\kyloj\Documents\GitHub\pencil4life\client\src\components\no-match.tsx
FN:5,(anonymous_5)
FN:6,(anonymous_7)
FNF:2
FNH:1
FNDA:4,(anonymous_5)
FNDA:0,(anonymous_7)
DA:3,4
DA:5,4
DA:6,4
DA:7,0
DA:15,4
DA:17,4
LF:6
LH:5
BRF:0
BRH:0
end_of_record
TN:
SF:C:\Users\kyloj\Documents\GitHub\pencil4life\client\src\components\routes.tsx
FN:9,(anonymous_5)
FN:12,(anonymous_6)
FN:12,(anonymous_7)
FN:17,(anonymous_8)
FN:17,(anonymous_9)
FN:22,(anonymous_10)
FN:22,(anonymous_11)
FN:27,(anonymous_12)
FN:27,(anonymous_13)
FN:32,(anonymous_14)
FN:32,(anonymous_15)
FN:37,(anonymous_16)
FN:37,(anonymous_17)
FN:42,(anonymous_18)
FN:42,(anonymous_19)
FN:47,(anonymous_20)
FN:47,(anonymous_21)
FN:52,(anonymous_22)
FN:52,(anonymous_23)
FN:57,(anonymous_24)
FN:57,(anonymous_25)
FN:62,(anonymous_26)
FN:62,(anonymous_27)
FN:67,(anonymous_28)
FN:67,(anonymous_29)
FN:72,(anonymous_30)
FN:72,(anonymous_31)
FN:77,(anonymous_32)
FN:77,(anonymous_33)
FN:82,(anonymous_34)
FN:82,(anonymous_35)
FN:86,(anonymous_36)
FN:87,(anonymous_38)
FNF:33
FNH:2
FNDA:0,(anonymous_5)
FNDA:0,(anonymous_6)
FNDA:0,(anonymous_7)
FNDA:0,(anonymous_8)
FNDA:0,(anonymous_9)
FNDA:0,(anonymous_10)
FNDA:0,(anonymous_11)
FNDA:0,(anonymous_12)
FNDA:0,(anonymous_13)
FNDA:0,(anonymous_14)
FNDA:0,(anonymous_15)
FNDA:0,(anonymous_16)
FNDA:0,(anonymous_17)
FNDA:0,(anonymous_18)
FNDA:0,(anonymous_19)
FNDA:0,(anonymous_20)
FNDA:0,(anonymous_21)
FNDA:0,(anonymous_22)
FNDA:0,(anonymous_23)
FNDA:0,(anonymous_24)
FNDA:0,(anonymous_25)
FNDA:0,(anonymous_26)
FNDA:0,(anonymous_27)
FNDA:0,(anonymous_28)
FNDA:0,(anonymous_29)
FNDA:0,(anonymous_30)
FNDA:0,(anonymous_31)
FNDA:0,(anonymous_32)
FNDA:0,(anonymous_33)
FNDA:0,(anonymous_34)
FNDA:0,(anonymous_35)
FNDA:3,(anonymous_36)
FNDA:1,(anonymous_38)
DA:3,2
DA:4,2
DA:5,2
DA:7,2
DA:9,2
DA:11,2
DA:12,0
DA:16,2
DA:17,0
DA:21,2
DA:22,0
DA:26,2
DA:27,0
DA:31,2
DA:32,0
DA:36,2
DA:37,0
DA:41,2
DA:42,0
DA:46,2
DA:47,0
DA:51,2
DA:52,0
DA:56,2
DA:57,0
DA:61,2
DA:62,0
DA:66,2
DA:67,0
DA:71,2
DA:72,0
DA:76,2
DA:77,0
DA:81,2
DA:82,0
DA:86,2
DA:87,2
DA:88,1
DA:111,2
DA:113,2
LF:40
LH:25
BRF:0
BRH:0
end_of_record
TN:
SF:C:\Users\kyloj\Documents\GitHub\pencil4life\client\src\components\event\event-item-edit.tsx
FN:39,(anonymous_5)
FN:40,EventItemEdit
FN:63,(anonymous_7)
FN:64,(anonymous_8)
FN:75,(anonymous_9)
FN:78,(anonymous_10)
FN:88,(anonymous_11)
FN:94,(anonymous_12)
FN:98,(anonymous_13)
FN:100,(anonymous_14)
FN:106,(anonymous_15)
FN:108,(anonymous_16)
FN:114,(anonymous_17)
FN:115,(anonymous_18)
FN:120,(anonymous_19)
FN:121,(anonymous_20)
FN:126,(anonymous_21)
FN:132,(anonymous_22)
FN:138,(anonymous_23)
FN:162,(anonymous_24)
FN:164,(anonymous_25)
FN:172,(anonymous_26)
FN:173,(anonymous_27)
FN:178,(anonymous_28)
FN:179,(anonymous_29)
FN:184,(anonymous_30)
FNF:26
FNH:1
FNDA:2,(anonymous_5)
FNDA:0,EventItemEdit
FNDA:0,(anonymous_7)
FNDA:0,(anonymous_8)
FNDA:0,(anonymous_9)
FNDA:0,(anonymous_10)
FNDA:0,(anonymous_11)
FNDA:0,(anonymous_12)
FNDA:0,(anonymous_13)
FNDA:0,(anonymous_14)
FNDA:0,(anonymous_15)
FNDA:0,(anonymous_16)
FNDA:0,(anonymous_17)
FNDA:0,(anonymous_18)
FNDA:0,(anonymous_19)
FNDA:0,(anonymous_20)
FNDA:0,(anonymous_21)
FNDA:0,(anonymous_22)
FNDA:0,(anonymous_23)
FNDA:0,(anonymous_24)
FNDA:0,(anonymous_25)
FNDA:0,(anonymous_26)
FNDA:0,(anonymous_27)
FNDA:0,(anonymous_28)
FNDA:0,(anonymous_29)
FNDA:0,(anonymous_30)
DA:3,2
DA:4,2
DA:5,2
DA:6,2
DA:7,2
DA:9,2
DA:10,2
DA:39,2
DA:41,0
DA:42,0
DA:52,0
DA:53,0
DA:54,0
DA:55,0
DA:56,0
DA:57,0
DA:58,0
DA:59,0
DA:60,0
DA:63,2
DA:64,0
DA:65,0
DA:75,2
DA:76,0
DA:77,0
DA:78,0
DA:79,0
DA:80,0
DA:81,0
DA:82,0
DA:83,0
DA:87,0
DA:88,0
DA:89,0
DA:94,2
DA:95,0
DA:98,2
DA:99,0
DA:100,0
DA:101,0
DA:102,0
DA:106,2
DA:107,0
DA:108,0
DA:109,0
DA:110,0
DA:114,2
DA:115,0
DA:116,0
DA:120,2
DA:121,0
DA:122,0
DA:126,2
DA:127,0
DA:128,0
DA:132,2
DA:133,0
DA:135,0
DA:137,0
DA:138,0
DA:139,0
DA:141,0
DA:143,0
DA:151,0
DA:152,0
DA:154,0
DA:155,0
DA:156,0
DA:159,0
DA:162,2
DA:163,0
DA:164,0
DA:165,0
DA:168,0
DA:172,2
DA:173,0
DA:174,0
DA:178,2
DA:179,0
DA:180,0
DA:184,2
DA:186,0
DA:187,0
DA:188,0
DA:189,0
DA:190,0
DA:192,0
DA:193,0
DA:196,0
DA:197,0
DA:201,0
DA:231,2
DA:233,2
LF:93
LH:23
BRDA:41,0,0,0
BRDA:41,0,1,0
BRDA:79,1,0,0
BRDA:79,1,1,0
BRDA:80,2,0,0
BRDA:80,2,1,0
BRDA:82,3,0,0
BRDA:82,3,1,0
BRDA:87,4,0,0
BRDA:87,4,1,0
BRDA:127,5,0,0
BRDA:127,5,1,0
BRDA:137,6,0,0
BRDA:137,6,1,0
BRDA:137,7,0,0
BRDA:137,7,1,0
BRDA:137,7,2,0
BRDA:137,7,3,0
BRDA:155,8,0,0
BRDA:155,8,1,0
BRDA:163,9,0,0
BRDA:163,9,1,0
BRDA:192,10,0,0
BRDA:192,10,1,0
BRDA:196,11,0,0
BRDA:196,11,1,0
BRDA:205,12,0,0
BRDA:205,12,1,0
BRDA:209,13,0,0
BRDA:209,13,1,0
BRDA:213,14,0,0
BRDA:213,14,1,0
BRF:32
BRH:0
end_of_record
TN:
SF:C:\Users\kyloj\Documents\GitHub\pencil4life\client\src\components\event\event-item.tsx
FN:15,(anonymous_5)
FN:16,EventItem
FN:20,(anonymous_7)
FN:24,(anonymous_8)
FNF:4
FNH:1
FNDA:2,(anonymous_5)
FNDA:0,EventItem
FNDA:0,(anonymous_7)
FNDA:0,(anonymous_8)
DA:3,2
DA:4,2
DA:5,2
DA:6,2
DA:7,2
DA:8,2
DA:15,2
DA:20,2
DA:21,0
DA:24,2
DA:25,0
DA:26,0
DA:27,0
DA:29,0
DA:30,0
DA:32,0
DA:41,0
DA:43,0
DA:45,0
DA:46,0
DA:48,0
DA:50,0
DA:51,0
DA:54,0
DA:55,0
DA:56,0
DA:57,0
DA:60,0
DA:62,0
DA:70,2
DA:72,2
LF:31
LH:11
BRDA:17,0,0,0
BRDA:17,0,1,0
BRDA:50,1,0,0
BRDA:50,1,1,0
BRDA:54,2,0,0
BRDA:54,2,1,0
BRDA:56,3,0,0
BRDA:56,3,1,0
BRDA:64,4,0,0
BRDA:64,4,1,0
BRF:10
BRH:0
end_of_record
TN:
SF:C:\Users\kyloj\Documents\GitHub\pencil4life\client\src\components\event\event-list-item.tsx
FN:16,(anonymous_5)
FN:17,EventListItem
FN:21,(anonymous_7)
FN:25,(anonymous_8)
FNF:4
FNH:1
FNDA:7,(anonymous_5)
FNDA:0,EventListItem
FNDA:0,(anonymous_7)
FNDA:0,(anonymous_8)
DA:3,7
DA:4,7
DA:5,7
DA:6,7
DA:7,7
DA:16,7
DA:21,7
DA:22,0
DA:25,7
DA:26,0
DA:27,0
DA:29,0
DA:30,0
DA:32,0
DA:41,0
DA:50,0
DA:51,0
DA:53,0
DA:55,0
DA:56,0
DA:59,0
DA:60,0
DA:61,0
DA:62,0
DA:66,0
DA:68,0
DA:70,0
DA:79,7
DA:86,7
LF:29
LH:10
BRDA:18,0,0,0
BRDA:18,0,1,0
BRDA:55,1,0,0
BRDA:55,1,1,0
BRDA:59,2,0,0
BRDA:59,2,1,0
BRDA:61,3,0,0
BRDA:61,3,1,0
BRDA:66,4,0,0
BRDA:66,4,1,0
BRDA:68,5,0,0
BRDA:68,5,1,0
BRF:12
BRH:0
end_of_record
TN:
SF:C:\Users\kyloj\Documents\GitHub\pencil4life\client\src\components\event\event-list.tsx
FN:20,(anonymous_5)
FN:27,EventList
FN:31,(anonymous_7)
FN:38,(anonymous_8)
FN:57,(anonymous_9)
FN:65,(anonymous_10)
FNF:6
FNH:1
FNDA:5,(anonymous_5)
FNDA:0,EventList
FNDA:0,(anonymous_7)
FNDA:0,(anonymous_8)
FNDA:0,(anonymous_9)
FNDA:0,(anonymous_10)
DA:3,5
DA:4,5
DA:5,5
DA:6,5
DA:7,5
DA:20,5
DA:21,5
DA:31,5
DA:32,0
DA:35,0
DA:38,5
DA:39,0
DA:40,0
DA:41,0
DA:43,0
DA:44,0
DA:47,0
DA:48,0
DA:52,0
DA:57,5
DA:58,0
DA:59,0
DA:60,0
DA:63,0
DA:64,0
DA:65,0
DA:66,0
DA:69,0
DA:83,5
DA:85,5
LF:30
LH:12
BRDA:28,0,0,0
BRDA:28,0,1,0
BRDA:43,1,0,0
BRDA:43,1,1,0
BRDA:47,2,0,0
BRDA:47,2,1,0
BRDA:50,3,0,0
BRDA:50,3,1,0
BRDA:64,4,0,0
BRDA:64,4,1,0
BRDA:72,5,0,0
BRDA:72,5,1,0
BRF:12
BRH:0
end_of_record
TN:
SF:C:\Users\kyloj\Documents\GitHub\pencil4life\client\src\components\event\event-new-item.tsx
FN:37,(anonymous_5)
FN:38,EventNewItem
FN:57,(anonymous_7)
FN:63,(anonymous_8)
FN:64,(anonymous_9)
FN:69,(anonymous_10)
FN:70,(anonymous_11)
FN:75,(anonymous_12)
FN:82,(anonymous_13)
FN:89,(anonymous_14)
FN:105,(anonymous_15)
FN:110,(anonymous_16)
FN:112,(anonymous_17)
FN:116,(anonymous_18)
FN:122,(anonymous_19)
FN:123,(anonymous_20)
FN:130,(anonymous_21)
FNF:17
FNH:1
FNDA:1,(anonymous_5)
FNDA:0,EventNewItem
FNDA:0,(anonymous_7)
FNDA:0,(anonymous_8)
FNDA:0,(anonymous_9)
FNDA:0,(anonymous_10)
FNDA:0,(anonymous_11)
FNDA:0,(anonymous_12)
FNDA:0,(anonymous_13)
FNDA:0,(anonymous_14)
FNDA:0,(anonymous_15)
FNDA:0,(anonymous_16)
FNDA:0,(anonymous_17)
FNDA:0,(anonymous_18)
FNDA:0,(anonymous_19)
FNDA:0,(anonymous_20)
FNDA:0,(anonymous_21)
DA:3,1
DA:4,1
DA:5,1
DA:6,1
DA:7,1
DA:10,1
DA:37,1
DA:39,0
DA:40,0
DA:49,0
DA:50,0
DA:51,0
DA:52,0
DA:53,0
DA:54,0
DA:57,1
DA:58,0
DA:59,0
DA:63,1
DA:64,0
DA:65,0
DA:69,1
DA:70,0
DA:71,0
DA:75,1
DA:76,0
DA:77,0
DA:78,0
DA:79,0
DA:80,0
DA:81,0
DA:82,0
DA:83,0
DA:85,0
DA:88,0
DA:89,0
DA:90,0
DA:93,0
DA:96,0
DA:103,0
DA:105,0
DA:106,0
DA:110,1
DA:111,0
DA:112,0
DA:113,0
DA:116,0
DA:117,0
DA:122,1
DA:123,0
DA:124,0
DA:128,0
DA:130,1
DA:131,0
DA:132,0
DA:133,0
DA:136,0
DA:137,0
DA:139,0
DA:140,0
DA:143,0
DA:168,1
DA:170,1
LF:63
LH:16
BRDA:39,0,0,0
BRDA:39,0,1,0
BRDA:58,1,0,0
BRDA:58,1,1,0
BRDA:81,2,0,0
BRDA:81,2,1,0
BRDA:81,3,0,0
BRDA:81,3,1,0
BRDA:81,3,2,0
BRDA:88,4,0,0
BRDA:88,4,1,0
BRDA:111,5,0,0
BRDA:111,5,1,0
BRDA:136,6,0,0
BRDA:136,6,1,0
BRDA:139,7,0,0
BRDA:139,7,1,0
BRDA:147,8,0,0
BRDA:147,8,1,0
BRDA:151,9,0,0
BRDA:151,9,1,0
BRDA:155,10,0,0
BRDA:155,10,1,0
BRF:23
BRH:0
end_of_record
TN:
SF:C:\Users\kyloj\Documents\GitHub\pencil4life\client\src\components\event\event-page.tsx
FN:19,(anonymous_5)
FN:20,EventPage
FN:29,(anonymous_7)
FN:32,(anonymous_8)
FN:38,(anonymous_9)
FNF:5
FNH:1
FNDA:2,(anonymous_5)
FNDA:0,EventPage
FNDA:0,(anonymous_7)
FNDA:0,(anonymous_8)
FNDA:0,(anonymous_9)
DA:3,2
DA:4,2
DA:5,2
DA:19,2
DA:21,0
DA:22,0
DA:26,0
DA:29,2
DA:30,0
DA:32,0
DA:33,0
DA:34,0
DA:38,2
DA:39,0
DA:40,0
DA:41,0
DA:43,0
DA:50,0
DA:57,2
DA:59,2
LF:20
LH:8
BRDA:21,0,0,0
BRDA:21,0,1,0
BRDA:44,1,0,0
BRDA:44,1,1,0
BRF:4
BRH:0
end_of_record
TN:
SF:C:\Users\kyloj\Documents\GitHub\pencil4life\client\src\components\event\event-provider.tsx
FN:13,(anonymous_6)
FN:16,(anonymous_7)
FN:19,(anonymous_8)
FN:22,(anonymous_9)
FN:85,(anonymous_10)
FN:97,EventWrapper
FN:106,(anonymous_12)
FN:135,(anonymous_13)
FN:138,(anonymous_14)
FN:139,(anonymous_15)
FN:150,(anonymous_16)
FN:151,(anonymous_17)
FN:164,(anonymous_18)
FN:187,(anonymous_19)
FN:195,(anonymous_20)
FN:198,(anonymous_21)
FN:201,(anonymous_22)
FN:253,(anonymous_23)
FN:258,(anonymous_24)
FN:278,(anonymous_25)
FN:286,(anonymous_26)
FN:289,(anonymous_27)
FN:292,(anonymous_28)
FN:297,(anonymous_29)
FN:330,(anonymous_30)
FN:338,(anonymous_31)
FN:341,(anonymous_32)
FN:347,(anonymous_33)
FN:381,(anonymous_34)
FN:382,(anonymous_35)
FN:383,(anonymous_37)
FN:407,(anonymous_38)
FN:408,(anonymous_39)
FN:409,(anonymous_41)
FN:418,(anonymous_42)
FNF:35
FNH:10
FNDA:0,(anonymous_6)
FNDA:0,(anonymous_7)
FNDA:0,(anonymous_8)
FNDA:0,(anonymous_9)
FNDA:10,(anonymous_10)
FNDA:10,EventWrapper
FNDA:0,(anonymous_12)
FNDA:0,(anonymous_13)
FNDA:0,(anonymous_14)
FNDA:0,(anonymous_15)
FNDA:0,(anonymous_16)
FNDA:0,(anonymous_17)
FNDA:0,(anonymous_18)
FNDA:0,(anonymous_19)
FNDA:0,(anonymous_20)
FNDA:0,(anonymous_21)
FNDA:0,(anonymous_22)
FNDA:0,(anonymous_23)
FNDA:0,(anonymous_24)
FNDA:0,(anonymous_25)
FNDA:0,(anonymous_26)
FNDA:0,(anonymous_27)
FNDA:0,(anonymous_28)
FNDA:0,(anonymous_29)
FNDA:0,(anonymous_30)
FNDA:0,(anonymous_31)
FNDA:0,(anonymous_32)
FNDA:10,(anonymous_33)
FNDA:11,(anonymous_34)
FNDA:21,(anonymous_35)
FNDA:10,(anonymous_37)
FNDA:25,(anonymous_38)
FNDA:35,(anonymous_39)
FNDA:10,(anonymous_41)
FNDA:7,(anonymous_42)
DA:3,10
DA:4,10
DA:5,10
DA:12,10
DA:14,0
DA:17,0
DA:20,0
DA:23,0
DA:34,10
DA:85,10
DA:86,10
DA:98,10
DA:99,10
DA:100,10
DA:101,10
DA:102,10
DA:103,10
DA:106,10
DA:107,0
DA:111,0
DA:112,0
DA:113,0
DA:115,0
DA:116,0
DA:119,0
DA:122,0
DA:123,0
DA:125,0
DA:134,0
DA:136,0
DA:139,0
DA:140,0
DA:151,0
DA:152,0
DA:164,10
DA:165,0
DA:176,0
DA:178,0
DA:187,0
DA:188,0
DA:189,0
DA:190,0
DA:191,0
DA:193,0
DA:196,0
DA:199,0
DA:201,0
DA:202,0
DA:204,0
DA:205,0
DA:207,0
DA:215,0
DA:216,0
DA:218,0
DA:219,0
DA:221,0
DA:222,0
DA:223,0
DA:225,0
DA:227,0
DA:228,0
DA:229,0
DA:230,0
DA:232,0
DA:234,0
DA:235,0
DA:238,0
DA:240,0
DA:250,0
DA:254,0
DA:258,10
DA:259,0
DA:267,0
DA:268,0
DA:277,0
DA:279,0
DA:280,0
DA:281,0
DA:282,0
DA:284,0
DA:287,0
DA:290,0
DA:293,0
DA:297,10
DA:299,0
DA:303,0
DA:304,0
DA:306,0
DA:307,0
DA:309,0
DA:310,0
DA:312,0
DA:313,0
DA:315,0
DA:316,0
DA:319,0
DA:329,0
DA:331,0
DA:332,0
DA:333,0
DA:334,0
DA:336,0
DA:339,0
DA:342,0
DA:343,0
DA:347,10
DA:348,10
DA:349,10
DA:351,10
DA:365,10
DA:371,10
DA:373,10
DA:381,10
DA:382,11
DA:383,11
DA:384,10
DA:385,10
DA:386,7
DA:387,7
DA:390,10
DA:396,11
DA:398,11
DA:407,10
DA:408,25
DA:409,25
DA:410,10
DA:411,10
DA:412,0
DA:413,0
DA:416,10
DA:419,7
DA:420,7
DA:430,7
DA:431,7
DA:443,7
DA:450,25
DA:452,25
LF:137
LH:47
BRDA:98,0,0,10
BRDA:98,0,1,10
BRDA:111,1,0,0
BRDA:111,1,1,0
BRDA:112,2,0,0
BRDA:112,2,1,0
BRDA:115,3,0,0
BRDA:115,3,1,0
BRDA:123,4,0,0
BRDA:123,4,1,0
BRDA:176,5,0,0
BRDA:176,5,1,0
BRDA:188,6,0,0
BRDA:188,6,1,0
BRDA:188,7,0,0
BRDA:188,7,1,0
BRDA:222,8,0,0
BRDA:222,8,1,0
BRDA:222,9,0,0
BRDA:222,9,1,0
BRDA:227,10,0,0
BRDA:227,10,1,0
BRDA:229,11,0,0
BRDA:229,11,1,0
BRDA:229,12,0,0
BRDA:229,12,1,0
BRDA:234,13,0,0
BRDA:234,13,1,0
BRDA:279,14,0,0
BRDA:279,14,1,0
BRDA:279,15,0,0
BRDA:279,15,1,0
BRDA:303,16,0,0
BRDA:303,16,1,0
BRDA:306,17,0,0
BRDA:306,17,1,0
BRDA:309,18,0,0
BRDA:309,18,1,0
BRDA:312,19,0,0
BRDA:312,19,1,0
BRDA:315,20,0,0
BRDA:315,20,1,0
BRDA:331,21,0,0
BRDA:331,21,1,0
BRDA:331,22,0,0
BRDA:331,22,1,0
BRDA:385,23,0,7
BRDA:385,23,1,3
BRDA:386,24,0,7
BRDA:386,24,1,0
BRDA:411,25,0,0
BRDA:411,25,1,10
BRDA:412,26,0,0
BRDA:412,26,1,0
BRDA:419,27,0,7
BRDA:419,27,1,0
BRDA:430,28,0,7
BRDA:430,28,1,0
BRDA:433,29,0,7
BRDA:433,29,1,0
BRDA:434,30,0,7
BRDA:434,30,1,0
BRDA:435,31,0,7
BRDA:435,31,1,0
BRDA:436,32,0,7
BRDA:436,32,1,0
BRDA:437,33,0,7
BRDA:437,33,1,0
BRDA:438,34,0,7
BRDA:438,34,1,0
BRF:70
BRH:14
end_of_record
TN:
SF:C:\Users\kyloj\Documents\GitHub\pencil4life\client\src\components\event\event-switch.tsx
FN:13,(anonymous_5)
FN:14,EventSwitch
FN:19,(anonymous_7)
FNF:3
FNH:1
FNDA:1,(anonymous_5)
FNDA:0,EventSwitch
FNDA:0,(anonymous_7)
DA:3,1
DA:4,1
DA:5,1
DA:6,1
DA:7,1
DA:8,1
DA:9,1
DA:10,1
DA:11,1
DA:13,1
DA:15,0
DA:16,0
DA:19,1
DA:20,0
DA:35,1
DA:37,1
LF:16
LH:13
BRDA:15,0,0,0
BRDA:15,0,1,0
BRF:2
BRH:0
end_of_record
TN:
SF:C:\Users\kyloj\Documents\GitHub\pencil4life\client\src\components\event-listener\event-listener.tsx
FN:16,(anonymous_7)
FN:20,(anonymous_8)
FN:56,(anonymous_9)
FN:57,EventListenerWrapper
FN:76,(anonymous_11)
FN:77,(anonymous_12)
FN:77,(anonymous_13)
FN:80,(anonymous_14)
FN:81,(anonymous_15)
FN:81,(anonymous_16)
FN:84,(anonymous_17)
FN:85,(anonymous_18)
FN:85,(anonymous_19)
FN:88,(anonymous_20)
FN:92,(anonymous_21)
FN:96,(anonymous_22)
FN:98,(anonymous_23)
FN:103,(anonymous_24)
FN:123,(anonymous_25)
FN:125,(anonymous_26)
FN:130,(anonymous_27)
FN:142,(anonymous_28)
FN:164,(anonymous_29)
FN:165,(anonymous_30)
FN:166,(anonymous_32)
FN:178,(anonymous_33)
FN:179,(anonymous_34)
FN:180,(anonymous_36)
FN:183,(anonymous_37)
FNF:29
FNH:22
FNDA:0,(anonymous_7)
FNDA:0,(anonymous_8)
FNDA:2,(anonymous_9)
FNDA:9,EventListenerWrapper
FNDA:2,(anonymous_11)
FNDA:8,(anonymous_12)
FNDA:4,(anonymous_13)
FNDA:2,(anonymous_14)
FNDA:4,(anonymous_15)
FNDA:2,(anonymous_16)
FNDA:0,(anonymous_17)
FNDA:0,(anonymous_18)
FNDA:0,(anonymous_19)
FNDA:9,(anonymous_20)
FNDA:0,(anonymous_21)
FNDA:14,(anonymous_22)
FNDA:14,(anonymous_23)
FNDA:19,(anonymous_24)
FNDA:2,(anonymous_25)
FNDA:2,(anonymous_26)
FNDA:3,(anonymous_27)
FNDA:15,(anonymous_28)
FNDA:2,(anonymous_29)
FNDA:4,(anonymous_30)
FNDA:2,(anonymous_32)
FNDA:1,(anonymous_33)
FNDA:2,(anonymous_34)
FNDA:1,(anonymous_36)
FNDA:0,(anonymous_37)
DA:3,2
DA:4,2
DA:15,2
DA:17,0
DA:18,0
DA:21,0
DA:22,0
DA:26,2
DA:46,2
DA:56,2
DA:58,9
DA:59,9
DA:67,9
DA:68,9
DA:69,9
DA:70,9
DA:71,9
DA:74,9
DA:76,2
DA:77,8
DA:80,2
DA:81,4
DA:84,2
DA:85,0
DA:88,2
DA:89,9
DA:92,2
DA:93,0
DA:96,2
DA:97,14
DA:98,14
DA:99,14
DA:100,14
DA:101,0
DA:103,14
DA:104,19
DA:105,0
DA:107,19
DA:109,14
DA:110,0
DA:112,14
DA:113,14
DA:118,14
DA:120,14
DA:123,2
DA:124,2
DA:125,2
DA:126,2
DA:127,2
DA:128,0
DA:130,3
DA:131,2
DA:132,0
DA:134,2
DA:135,2
DA:137,2
DA:139,2
DA:142,2
DA:143,15
DA:144,15
DA:149,15
DA:159,2
DA:161,2
DA:164,2
DA:165,2
DA:166,2
DA:167,2
DA:173,2
DA:175,2
DA:178,2
DA:179,1
DA:180,1
DA:181,1
DA:185,0
DA:192,1
DA:194,1
LF:76
LH:64
BRDA:46,0,0,2
BRDA:46,0,1,2
BRDA:58,1,0,9
BRDA:58,1,1,9
BRDA:100,2,0,0
BRDA:100,2,1,14
BRDA:104,3,0,0
BRDA:104,3,1,19
BRDA:104,4,0,19
BRDA:104,4,1,0
BRDA:109,5,0,0
BRDA:109,5,1,14
BRDA:112,6,0,14
BRDA:112,6,1,0
BRDA:127,7,0,0
BRDA:127,7,1,2
BRDA:131,8,0,0
BRDA:131,8,1,2
BRDA:134,9,0,2
BRDA:134,9,1,0
BRF:20
BRH:12
end_of_record
TN:
SF:C:\Users\kyloj\Documents\GitHub\pencil4life\client\src\components\footer\footer.tsx
FN:47,(anonymous_6)
FN:48,(anonymous_8)
FNF:2
FNH:2
FNDA:2,(anonymous_6)
FNDA:1,(anonymous_8)
DA:3,1
DA:4,1
DA:5,1
DA:6,1
DA:7,1
DA:9,1
DA:11,1
DA:47,1
DA:48,1
DA:49,1
DA:69,1
DA:71,1
LF:12
LH:12
BRDA:11,0,0,1
BRDA:11,0,1,1
BRF:2
BRH:2
end_of_record
TN:
SF:C:\Users\kyloj\Documents\GitHub\pencil4life\client\src\components\header\header.tsx
FN:50,(anonymous_6)
FN:79,(anonymous_7)
FN:80,(anonymous_8)
FN:90,(anonymous_9)
FN:106,(anonymous_10)
FN:114,(anonymous_11)
FN:122,(anonymous_12)
FN:150,(anonymous_13)
FN:151,Header
FN:159,(anonymous_15)
FN:163,(anonymous_16)
FNF:11
FNH:1
FNDA:0,(anonymous_6)
FNDA:0,(anonymous_7)
FNDA:0,(anonymous_8)
FNDA:0,(anonymous_9)
FNDA:0,(anonymous_10)
FNDA:0,(anonymous_11)
FNDA:0,(anonymous_12)
FNDA:1,(anonymous_13)
FNDA:0,Header
FNDA:0,(anonymous_15)
FNDA:0,(anonymous_16)
DA:3,1
DA:4,1
DA:5,1
DA:6,1
DA:7,1
DA:8,1
DA:9,1
DA:10,1
DA:11,1
DA:12,1
DA:13,1
DA:15,1
DA:17,1
DA:50,0
DA:79,0
DA:80,0
DA:90,0
DA:106,0
DA:114,0
DA:122,0
DA:150,1
DA:152,0
DA:153,0
DA:156,0
DA:159,1
DA:160,0
DA:163,1
DA:164,0
DA:166,0
DA:167,0
DA:168,0
DA:169,0
DA:172,0
DA:177,0
DA:179,0
DA:180,0
DA:181,0
DA:182,0
DA:185,0
DA:191,0
DA:193,0
DA:209,0
DA:210,0
DA:211,0
DA:212,0
DA:213,0
DA:216,0
DA:241,1
DA:243,1
LF:49
LH:18
BRDA:17,0,0,1
BRDA:17,0,1,1
BRDA:152,1,0,0
BRDA:152,1,1,0
BRDA:168,2,0,0
BRDA:168,2,1,0
BRDA:173,3,0,0
BRDA:173,3,1,0
BRDA:181,4,0,0
BRDA:181,4,1,0
BRDA:186,5,0,0
BRDA:186,5,1,0
BRDA:194,6,0,0
BRDA:194,6,1,0
BRDA:212,7,0,0
BRDA:212,7,1,0
BRF:16
BRH:2
end_of_record
TN:
SF:C:\Users\kyloj\Documents\GitHub\pencil4life\client\src\components\home\home-event.tsx
FN:8,(anonymous_5)
FN:9,HomeEvent
FN:14,(anonymous_7)
FNF:3
FNH:1
FNDA:2,(anonymous_5)
FNDA:0,HomeEvent
FNDA:0,(anonymous_7)
DA:3,2
DA:4,2
DA:5,2
DA:6,2
DA:8,2
DA:10,0
DA:11,0
DA:14,2
DA:15,0
DA:23,2
DA:25,2
LF:11
LH:8
BRDA:10,0,0,0
BRDA:10,0,1,0
BRF:2
BRH:0
end_of_record
TN:
SF:C:\Users\kyloj\Documents\GitHub\pencil4life\client\src\components\home\home-news.tsx
FN:7,(anonymous_5)
FN:8,HomeNews
FN:12,(anonymous_7)
FNF:3
FNH:3
FNDA:2,(anonymous_5)
FNDA:1,HomeNews
FNDA:1,(anonymous_7)
DA:3,2
DA:4,2
DA:5,2
DA:7,2
DA:12,2
DA:13,1
DA:21,2
DA:23,2
LF:8
LH:8
BRDA:9,0,0,1
BRDA:9,0,1,1
BRF:2
BRH:2
end_of_record
TN:
SF:C:\Users\kyloj\Documents\GitHub\pencil4life\client\src\components\home\home-twitch.tsx
FN:17,(anonymous_5)
FN:18,TwitchIframe
FN:27,(anonymous_7)
FN:31,(anonymous_8)
FN:37,(anonymous_9)
FN:40,(anonymous_10)
FN:48,(anonymous_11)
FNF:7
FNH:5
FNDA:2,(anonymous_5)
FNDA:1,TwitchIframe
FNDA:1,(anonymous_7)
FNDA:1,(anonymous_8)
FNDA:0,(anonymous_9)
FNDA:0,(anonymous_10)
FNDA:1,(anonymous_11)
DA:3,2
DA:17,2
DA:19,1
DA:20,1
DA:24,1
DA:27,2
DA:28,1
DA:31,2
DA:32,1
DA:35,1
DA:37,2
DA:38,0
DA:40,0
DA:46,1
DA:48,2
DA:49,1
DA:56,2
DA:58,2
LF:18
LH:16
BRDA:19,0,0,1
BRDA:19,0,1,1
BRF:2
BRH:2
end_of_record
TN:
SF:C:\Users\kyloj\Documents\GitHub\pencil4life\client\src\components\home\homepage.tsx
FN:8,(anonymous_5)
FN:9,HomePage
FN:14,(anonymous_7)
FNF:3
FNH:3
FNDA:1,(anonymous_5)
FNDA:1,HomePage
FNDA:1,(anonymous_7)
DA:3,1
DA:4,1
DA:5,1
DA:6,1
DA:8,1
DA:10,1
DA:11,1
DA:14,1
DA:15,1
DA:27,1
DA:29,1
LF:11
LH:11
BRDA:10,0,0,1
BRDA:10,0,1,1
BRF:2
BRH:2
end_of_record
TN:
SF:C:\Users\kyloj\Documents\GitHub\pencil4life\client\src\components\image\image-edit.tsx
FN:38,(anonymous_5)
FN:42,ImageEdit
FN:63,(anonymous_7)
FN:65,(anonymous_8)
FN:74,(anonymous_9)
FN:77,(anonymous_10)
FN:88,(anonymous_11)
FN:92,(anonymous_12)
FN:98,(anonymous_13)
FN:100,(anonymous_14)
FN:106,(anonymous_15)
FN:111,(anonymous_16)
FN:118,(anonymous_17)
FN:123,(anonymous_18)
FN:125,(anonymous_19)
FN:135,(anonymous_20)
FN:137,(anonymous_21)
FN:142,(anonymous_22)
FN:144,(anonymous_23)
FN:150,(anonymous_24)
FN:151,(anonymous_25)
FN:156,(anonymous_26)
FNF:22
FNH:1
FNDA:1,(anonymous_5)
FNDA:0,ImageEdit
FNDA:0,(anonymous_7)
FNDA:0,(anonymous_8)
FNDA:0,(anonymous_9)
FNDA:0,(anonymous_10)
FNDA:0,(anonymous_11)
FNDA:0,(anonymous_12)
FNDA:0,(anonymous_13)
FNDA:0,(anonymous_14)
FNDA:0,(anonymous_15)
FNDA:0,(anonymous_16)
FNDA:0,(anonymous_17)
FNDA:0,(anonymous_18)
FNDA:0,(anonymous_19)
FNDA:0,(anonymous_20)
FNDA:0,(anonymous_21)
FNDA:0,(anonymous_22)
FNDA:0,(anonymous_23)
FNDA:0,(anonymous_24)
FNDA:0,(anonymous_25)
FNDA:0,(anonymous_26)
DA:3,1
DA:4,1
DA:5,1
DA:6,1
DA:7,1
DA:38,1
DA:39,1
DA:43,0
DA:44,0
DA:54,0
DA:55,0
DA:56,0
DA:57,0
DA:58,0
DA:59,0
DA:60,0
DA:63,1
DA:64,0
DA:65,0
DA:66,0
DA:74,1
DA:75,0
DA:76,0
DA:77,0
DA:78,0
DA:79,0
DA:80,0
DA:83,0
DA:84,0
DA:88,1
DA:89,0
DA:92,1
DA:93,0
DA:94,0
DA:98,1
DA:99,0
DA:100,0
DA:101,0
DA:102,0
DA:106,1
DA:107,0
DA:108,0
DA:110,0
DA:111,0
DA:112,0
DA:114,0
DA:117,0
DA:118,0
DA:119,0
DA:123,1
DA:124,0
DA:125,0
DA:126,0
DA:129,0
DA:130,0
DA:135,1
DA:136,0
DA:137,0
DA:138,0
DA:142,1
DA:143,0
DA:144,0
DA:145,0
DA:146,0
DA:150,1
DA:151,0
DA:152,0
DA:156,1
DA:157,0
DA:158,0
DA:159,0
DA:160,0
DA:161,0
DA:162,0
DA:164,0
DA:165,0
DA:168,0
DA:179,0
DA:210,1
DA:212,1
LF:80
LH:20
BRDA:43,0,0,0
BRDA:43,0,1,0
BRDA:78,1,0,0
BRDA:78,1,1,0
BRDA:79,2,0,0
BRDA:79,2,1,0
BRDA:83,3,0,0
BRDA:83,3,1,0
BRDA:93,4,0,0
BRDA:93,4,1,0
BRDA:110,5,0,0
BRDA:110,5,1,0
BRDA:124,6,0,0
BRDA:124,6,1,0
BRDA:129,7,0,0
BRDA:129,7,1,0
BRDA:161,8,0,0
BRDA:161,8,1,0
BRDA:164,9,0,0
BRDA:164,9,1,0
BRDA:169,10,0,0
BRDA:169,10,1,0
BRDA:174,11,0,0
BRDA:174,11,1,0
BRDA:191,12,0,0
BRDA:191,12,1,0
BRDA:199,13,0,0
BRDA:199,13,1,0
BRF:28
BRH:0
end_of_record
TN:
SF:C:\Users\kyloj\Documents\GitHub\pencil4life\client\src\components\image\image-new.tsx
FN:45,(anonymous_5)
FN:46,ImageNew
FN:66,(anonymous_7)
FN:72,(anonymous_8)
FN:74,(anonymous_9)
FN:80,(anonymous_10)
FN:85,(anonymous_11)
FN:100,(anonymous_12)
FN:105,(anonymous_13)
FN:107,(anonymous_14)
FN:111,(anonymous_15)
FN:117,(anonymous_16)
FN:118,(anonymous_17)
FN:126,(anonymous_18)
FN:127,(anonymous_19)
FN:137,(anonymous_20)
FN:138,(anonymous_21)
FN:143,(anonymous_22)
FNF:18
FNH:1
FNDA:1,(anonymous_5)
FNDA:0,ImageNew
FNDA:0,(anonymous_7)
FNDA:0,(anonymous_8)
FNDA:0,(anonymous_9)
FNDA:0,(anonymous_10)
FNDA:0,(anonymous_11)
FNDA:0,(anonymous_12)
FNDA:0,(anonymous_13)
FNDA:0,(anonymous_14)
FNDA:0,(anonymous_15)
FNDA:0,(anonymous_16)
FNDA:0,(anonymous_17)
FNDA:0,(anonymous_18)
FNDA:0,(anonymous_19)
FNDA:0,(anonymous_20)
FNDA:0,(anonymous_21)
FNDA:0,(anonymous_22)
DA:3,1
DA:4,1
DA:5,1
DA:6,1
DA:7,1
DA:45,1
DA:47,0
DA:48,0
DA:57,0
DA:58,0
DA:59,0
DA:60,0
DA:61,0
DA:62,0
DA:63,0
DA:66,1
DA:67,0
DA:68,0
DA:72,1
DA:73,0
DA:74,0
DA:75,0
DA:76,0
DA:80,1
DA:81,0
DA:82,0
DA:84,0
DA:85,0
DA:86,0
DA:88,0
DA:91,0
DA:98,0
DA:99,0
DA:100,0
DA:101,0
DA:105,1
DA:106,0
DA:107,0
DA:108,0
DA:111,0
DA:112,0
DA:117,1
DA:118,0
DA:119,0
DA:120,0
DA:122,0
DA:126,1
DA:127,0
DA:128,0
DA:137,1
DA:138,0
DA:139,0
DA:143,1
DA:144,0
DA:145,0
DA:146,0
DA:147,0
DA:149,0
DA:150,0
DA:152,0
DA:153,0
DA:156,0
DA:157,0
DA:158,0
DA:159,0
DA:162,0
DA:163,0
DA:164,0
DA:165,0
DA:166,0
DA:168,0
DA:175,0
DA:205,1
DA:207,1
LF:74
LH:16
BRDA:47,0,0,0
BRDA:47,0,1,0
BRDA:67,1,0,0
BRDA:67,1,1,0
BRDA:84,2,0,0
BRDA:84,2,1,0
BRDA:84,3,0,0
BRDA:84,3,1,0
BRDA:98,4,0,0
BRDA:98,4,1,0
BRDA:106,5,0,0
BRDA:106,5,1,0
BRDA:119,6,0,0
BRDA:119,6,1,0
BRDA:146,7,0,0
BRDA:146,7,1,0
BRDA:149,8,0,0
BRDA:149,8,1,0
BRDA:152,9,0,0
BRDA:152,9,1,0
BRDA:156,10,0,0
BRDA:156,10,1,0
BRDA:157,11,0,0
BRDA:157,11,1,0
BRDA:158,12,0,0
BRDA:158,12,1,0
BRDA:159,13,0,0
BRDA:159,13,1,0
BRDA:162,14,0,0
BRDA:162,14,1,0
BRDA:163,15,0,0
BRDA:163,15,1,0
BRDA:164,16,0,0
BRDA:164,16,1,0
BRDA:165,17,0,0
BRDA:165,17,1,0
BRDA:166,18,0,0
BRDA:166,18,1,0
BRDA:169,19,0,0
BRDA:169,19,1,0
BRDA:188,20,0,0
BRDA:188,20,1,0
BRDA:196,21,0,0
BRDA:196,21,1,0
BRF:44
BRH:0
end_of_record
TN:
SF:C:\Users\kyloj\Documents\GitHub\pencil4life\client\src\components\image\image-provider.tsx
FN:12,(anonymous_6)
FN:15,(anonymous_7)
FN:18,(anonymous_8)
FN:21,(anonymous_9)
FN:84,(anonymous_10)
FN:96,ImageWrapper
FN:104,(anonymous_12)
FN:132,(anonymous_13)
FN:140,(anonymous_14)
FN:143,(anonymous_15)
FN:144,(anonymous_16)
FN:155,(anonymous_17)
FN:156,(anonymous_18)
FN:169,(anonymous_19)
FN:192,(anonymous_20)
FN:200,(anonymous_21)
FN:203,(anonymous_22)
FN:205,(anonymous_23)
FN:216,(anonymous_24)
FN:222,(anonymous_25)
FN:234,(anonymous_26)
FN:242,(anonymous_27)
FN:245,(anonymous_28)
FN:248,(anonymous_29)
FN:253,(anonymous_30)
FN:257,(anonymous_31)
FN:277,(anonymous_32)
FN:285,(anonymous_33)
FN:288,(anonymous_34)
FN:293,(anonymous_35)
FN:324,(anonymous_36)
FN:325,(anonymous_37)
FN:326,(anonymous_39)
FN:344,(anonymous_40)
FN:345,(anonymous_41)
FN:346,(anonymous_43)
FN:355,(anonymous_44)
FNF:37
FNH:3
FNDA:0,(anonymous_6)
FNDA:0,(anonymous_7)
FNDA:0,(anonymous_8)
FNDA:0,(anonymous_9)
FNDA:4,(anonymous_10)
FNDA:0,ImageWrapper
FNDA:0,(anonymous_12)
FNDA:0,(anonymous_13)
FNDA:0,(anonymous_14)
FNDA:0,(anonymous_15)
FNDA:0,(anonymous_16)
FNDA:0,(anonymous_17)
FNDA:0,(anonymous_18)
FNDA:0,(anonymous_19)
FNDA:0,(anonymous_20)
FNDA:0,(anonymous_21)
FNDA:0,(anonymous_22)
FNDA:0,(anonymous_23)
FNDA:0,(anonymous_24)
FNDA:0,(anonymous_25)
FNDA:0,(anonymous_26)
FNDA:0,(anonymous_27)
FNDA:0,(anonymous_28)
FNDA:0,(anonymous_29)
FNDA:0,(anonymous_30)
FNDA:0,(anonymous_31)
FNDA:0,(anonymous_32)
FNDA:0,(anonymous_33)
FNDA:0,(anonymous_34)
FNDA:0,(anonymous_35)
FNDA:0,(anonymous_36)
FNDA:0,(anonymous_37)
FNDA:0,(anonymous_39)
FNDA:5,(anonymous_40)
FNDA:5,(anonymous_41)
FNDA:0,(anonymous_43)
FNDA:0,(anonymous_44)
DA:3,4
DA:4,4
DA:6,4
DA:11,4
DA:13,0
DA:16,0
DA:19,0
DA:22,0
DA:33,4
DA:84,4
DA:85,4
DA:97,0
DA:98,0
DA:99,0
DA:100,0
DA:101,0
DA:104,4
DA:105,0
DA:108,0
DA:109,0
DA:110,0
DA:112,0
DA:113,0
DA:116,0
DA:119,0
DA:120,0
DA:122,0
DA:131,0
DA:133,0
DA:134,0
DA:135,0
DA:136,0
DA:138,0
DA:141,0
DA:144,0
DA:145,0
DA:156,0
DA:157,0
DA:169,4
DA:170,0
DA:180,0
DA:182,0
DA:191,0
DA:193,0
DA:194,0
DA:195,0
DA:196,0
DA:198,0
DA:201,0
DA:204,0
DA:205,0
DA:206,0
DA:213,0
DA:217,0
DA:222,4
DA:223,0
DA:224,0
DA:225,0
DA:226,0
DA:228,0
DA:233,0
DA:235,0
DA:236,0
DA:237,0
DA:238,0
DA:240,0
DA:243,0
DA:246,0
DA:249,0
DA:253,4
DA:254,0
DA:255,0
DA:256,0
DA:257,0
DA:258,0
DA:259,0
DA:260,0
DA:262,0
DA:263,0
DA:271,0
DA:276,0
DA:278,0
DA:279,0
DA:280,0
DA:281,0
DA:283,0
DA:286,0
DA:289,0
DA:293,4
DA:294,0
DA:295,0
DA:296,0
DA:309,0
DA:315,4
DA:318,4
DA:324,4
DA:325,0
DA:326,0
DA:327,0
DA:328,0
DA:329,0
DA:330,0
DA:333,0
DA:339,0
DA:341,0
DA:344,4
DA:345,5
DA:346,5
DA:347,0
DA:348,0
DA:349,0
DA:350,0
DA:353,0
DA:356,0
DA:357,0
DA:365,0
DA:366,0
DA:375,0
DA:382,5
DA:383,5
LF:120
LH:20
BRDA:97,0,0,0
BRDA:97,0,1,0
BRDA:108,1,0,0
BRDA:108,1,1,0
BRDA:109,2,0,0
BRDA:109,2,1,0
BRDA:112,3,0,0
BRDA:112,3,1,0
BRDA:120,4,0,0
BRDA:120,4,1,0
BRDA:133,5,0,0
BRDA:133,5,1,0
BRDA:133,6,0,0
BRDA:133,6,1,0
BRDA:180,7,0,0
BRDA:180,7,1,0
BRDA:193,8,0,0
BRDA:193,8,1,0
BRDA:193,9,0,0
BRDA:193,9,1,0
BRDA:235,10,0,0
BRDA:235,10,1,0
BRDA:235,11,0,0
BRDA:235,11,1,0
BRDA:258,12,0,0
BRDA:258,12,1,0
BRDA:259,13,0,0
BRDA:259,13,1,0
BRDA:262,14,0,0
BRDA:262,14,1,0
BRDA:278,15,0,0
BRDA:278,15,1,0
BRDA:278,16,0,0
BRDA:278,16,1,0
BRDA:328,17,0,0
BRDA:328,17,1,0
BRDA:329,18,0,0
BRDA:329,18,1,0
BRDA:348,19,0,0
BRDA:348,19,1,0
BRDA:349,20,0,0
BRDA:349,20,1,0
BRDA:356,21,0,0
BRDA:356,21,1,0
BRDA:365,22,0,0
BRDA:365,22,1,0
BRDA:368,23,0,0
BRDA:368,23,1,0
BRDA:369,24,0,0
BRDA:369,24,1,0
BRDA:370,25,0,0
BRDA:370,25,1,0
BRDA:371,26,0,0
BRDA:371,26,1,0
BRF:54
BRH:0
end_of_record
TN:
SF:C:\Users\kyloj\Documents\GitHub\pencil4life\client\src\components\image\image-tag.tsx
FN:11,(anonymous_5)
FN:12,ImageTag
FN:16,(anonymous_7)
FN:20,(anonymous_8)
FNF:4
FNH:1
FNDA:3,(anonymous_5)
FNDA:0,ImageTag
FNDA:0,(anonymous_7)
FNDA:0,(anonymous_8)
DA:3,3
DA:4,3
DA:11,3
DA:16,3
DA:17,0
DA:20,3
DA:21,0
DA:22,0
DA:26,3
DA:28,3
LF:10
LH:7
BRDA:13,0,0,0
BRDA:13,0,1,0
BRF:2
BRH:0
end_of_record
TN:
SF:C:\Users\kyloj\Documents\GitHub\pencil4life\client\src\components\login\login-page.tsx
FN:27,(anonymous_5)
FN:28,LoginPage
FN:43,(anonymous_7)
FN:49,(anonymous_8)
FN:75,(anonymous_9)
FN:83,(anonymous_10)
FN:88,(anonymous_11)
FN:92,(anonymous_12)
FN:98,(anonymous_13)
FNF:9
FNH:1
FNDA:1,(anonymous_5)
FNDA:0,LoginPage
FNDA:0,(anonymous_7)
FNDA:0,(anonymous_8)
FNDA:0,(anonymous_9)
FNDA:0,(anonymous_10)
FNDA:0,(anonymous_11)
FNDA:0,(anonymous_12)
FNDA:0,(anonymous_13)
DA:3,1
DA:5,1
DA:6,1
DA:7,1
DA:10,1
DA:27,1
DA:29,0
DA:30,0
DA:34,0
DA:35,0
DA:36,0
DA:39,0
DA:41,0
DA:43,1
DA:44,0
DA:45,0
DA:49,1
DA:50,0
DA:52,0
DA:54,0
DA:55,0
DA:57,0
DA:58,0
DA:63,0
DA:64,0
DA:66,0
DA:67,0
DA:72,0
DA:73,0
DA:74,0
DA:75,0
DA:76,0
DA:78,0
DA:81,0
DA:83,0
DA:84,0
DA:88,1
DA:89,0
DA:90,0
DA:91,0
DA:92,0
DA:93,0
DA:98,1
DA:99,0
DA:100,0
DA:101,0
DA:105,0
DA:106,0
DA:107,0
DA:108,0
DA:111,0
DA:114,0
DA:137,1
DA:139,1
LF:54
LH:12
BRDA:29,0,0,0
BRDA:29,0,1,0
BRDA:44,1,0,0
BRDA:44,1,1,0
BRDA:54,2,0,0
BRDA:54,2,1,0
BRDA:57,3,0,0
BRDA:57,3,1,0
BRDA:63,4,0,0
BRDA:63,4,1,0
BRDA:66,5,0,0
BRDA:66,5,1,0
BRDA:72,6,0,0
BRDA:72,6,1,0
BRDA:89,7,0,0
BRDA:89,7,1,0
BRDA:105,8,0,0
BRDA:105,8,1,0
BRDA:105,9,0,0
BRDA:105,9,1,0
BRDA:106,10,0,0
BRDA:106,10,1,0
BRDA:107,11,0,0
BRDA:107,11,1,0
BRDA:123,12,0,0
BRDA:123,12,1,0
BRDA:128,13,0,0
BRDA:128,13,1,0
BRF:28
BRH:0
end_of_record
TN:
SF:C:\Users\kyloj\Documents\GitHub\pencil4life\client\src\components\news\news-item-edit.tsx
FN:33,(anonymous_5)
FN:34,NewsItemEdit
FN:52,(anonymous_7)
FN:53,(anonymous_8)
FN:61,(anonymous_9)
FN:64,(anonymous_10)
FN:74,(anonymous_11)
FN:80,(anonymous_12)
FN:84,(anonymous_13)
FN:90,(anonymous_14)
FN:96,(anonymous_15)
FN:115,(anonymous_16)
FN:117,(anonymous_17)
FN:125,(anonymous_18)
FN:126,(anonymous_19)
FN:131,(anonymous_20)
FN:134,(anonymous_21)
FN:140,(anonymous_22)
FN:141,(anonymous_23)
FN:146,(anonymous_24)
FNF:20
FNH:1
FNDA:2,(anonymous_5)
FNDA:0,NewsItemEdit
FNDA:0,(anonymous_7)
FNDA:0,(anonymous_8)
FNDA:0,(anonymous_9)
FNDA:0,(anonymous_10)
FNDA:0,(anonymous_11)
FNDA:0,(anonymous_12)
FNDA:0,(anonymous_13)
FNDA:0,(anonymous_14)
FNDA:0,(anonymous_15)
FNDA:0,(anonymous_16)
FNDA:0,(anonymous_17)
FNDA:0,(anonymous_18)
FNDA:0,(anonymous_19)
FNDA:0,(anonymous_20)
FNDA:0,(anonymous_21)
FNDA:0,(anonymous_22)
FNDA:0,(anonymous_23)
FNDA:0,(anonymous_24)
DA:3,2
DA:4,2
DA:5,2
DA:6,2
DA:7,2
DA:33,2
DA:35,0
DA:36,0
DA:43,0
DA:44,0
DA:45,0
DA:46,0
DA:47,0
DA:48,0
DA:49,0
DA:52,2
DA:53,0
DA:54,0
DA:61,2
DA:62,0
DA:63,0
DA:64,0
DA:65,0
DA:66,0
DA:67,0
DA:68,0
DA:69,0
DA:73,0
DA:74,0
DA:75,0
DA:80,2
DA:81,0
DA:84,2
DA:85,0
DA:86,0
DA:87,0
DA:90,2
DA:91,0
DA:92,0
DA:96,2
DA:97,0
DA:98,0
DA:99,0
DA:101,0
DA:102,0
DA:103,0
DA:104,0
DA:107,0
DA:108,0
DA:112,0
DA:115,2
DA:116,0
DA:117,0
DA:118,0
DA:121,0
DA:125,2
DA:126,0
DA:127,0
DA:131,2
DA:132,0
DA:134,0
DA:135,0
DA:136,0
DA:140,2
DA:141,0
DA:142,0
DA:146,2
DA:148,0
DA:149,0
DA:150,0
DA:151,0
DA:152,0
DA:154,0
DA:155,0
DA:158,0
DA:159,0
DA:161,0
DA:179,2
DA:181,2
LF:79
LH:19
BRDA:35,0,0,0
BRDA:35,0,1,0
BRDA:65,1,0,0
BRDA:65,1,1,0
BRDA:66,2,0,0
BRDA:66,2,1,0
BRDA:68,3,0,0
BRDA:68,3,1,0
BRDA:73,4,0,0
BRDA:73,4,1,0
BRDA:91,5,0,0
BRDA:91,5,1,0
BRDA:103,6,0,0
BRDA:103,6,1,0
BRDA:107,7,0,0
BRDA:107,7,1,0
BRDA:116,8,0,0
BRDA:116,8,1,0
BRDA:154,9,0,0
BRDA:154,9,1,0
BRDA:158,10,0,0
BRDA:158,10,1,0
BRDA:165,11,0,0
BRDA:165,11,1,0
BRF:24
BRH:0
end_of_record
TN:
SF:C:\Users\kyloj\Documents\GitHub\pencil4life\client\src\components\news\news-item.tsx
FN:14,(anonymous_5)
FN:15,NewsItem
FN:19,(anonymous_7)
FN:23,(anonymous_8)
FNF:4
FNH:1
FNDA:2,(anonymous_5)
FNDA:0,NewsItem
FNDA:0,(anonymous_7)
FNDA:0,(anonymous_8)
DA:3,2
DA:4,2
DA:5,2
DA:6,2
DA:7,2
DA:14,2
DA:19,2
DA:20,0
DA:23,2
DA:24,0
DA:32,2
DA:34,2
LF:12
LH:10
BRDA:16,0,0,0
BRDA:16,0,1,0
BRDA:28,1,0,0
BRDA:28,1,1,0
BRF:4
BRH:0
end_of_record
TN:
SF:C:\Users\kyloj\Documents\GitHub\pencil4life\client\src\components\news\news-list-item.tsx
FN:13,(anonymous_5)
FN:14,NewsListItem
FN:19,(anonymous_7)
FN:23,(anonymous_8)
FNF:4
FNH:1
FNDA:6,(anonymous_5)
FNDA:0,NewsListItem
FNDA:0,(anonymous_7)
FNDA:0,(anonymous_8)
DA:3,6
DA:4,6
DA:5,6
DA:6,6
DA:13,6
DA:15,0
DA:16,0
DA:19,6
DA:20,0
DA:23,6
DA:24,0
DA:25,0
DA:34,6
DA:36,6
LF:14
LH:9
BRDA:15,0,0,0
BRDA:15,0,1,0
BRF:2
BRH:0
end_of_record
TN:
SF:C:\Users\kyloj\Documents\GitHub\pencil4life\client\src\components\news\news-list.tsx
FN:19,(anonymous_5)
FN:24,NewsList
FN:29,(anonymous_7)
FN:33,(anonymous_8)
FN:53,(anonymous_9)
FN:57,(anonymous_10)
FNF:6
FNH:1
FNDA:5,(anonymous_5)
FNDA:0,NewsList
FNDA:0,(anonymous_7)
FNDA:0,(anonymous_8)
FNDA:0,(anonymous_9)
FNDA:0,(anonymous_10)
DA:3,5
DA:4,5
DA:5,5
DA:6,5
DA:7,5
DA:19,5
DA:20,5
DA:25,0
DA:26,0
DA:29,5
DA:30,0
DA:33,5
DA:34,0
DA:36,0
DA:37,0
DA:40,0
DA:41,0
DA:44,0
DA:45,0
DA:49,0
DA:53,5
DA:54,0
DA:55,0
DA:56,0
DA:57,0
DA:58,0
DA:61,0
DA:75,5
DA:77,5
LF:29
LH:12
BRDA:25,0,0,0
BRDA:25,0,1,0
BRDA:36,1,0,0
BRDA:36,1,1,0
BRDA:40,2,0,0
BRDA:40,2,1,0
BRDA:44,3,0,0
BRDA:44,3,1,0
BRDA:56,4,0,0
BRDA:56,4,1,0
BRDA:64,5,0,0
BRDA:64,5,1,0
BRF:12
BRH:0
end_of_record
TN:
SF:C:\Users\kyloj\Documents\GitHub\pencil4life\client\src\components\news\news-new-item.tsx
FN:28,(anonymous_5)
FN:29,NewsNewItem
FN:42,(anonymous_7)
FN:46,(anonymous_8)
FN:52,(anonymous_9)
FN:57,(anonymous_10)
FN:59,(anonymous_11)
FN:63,(anonymous_12)
FN:69,(anonymous_13)
FN:70,(anonymous_14)
FN:75,(anonymous_15)
FNF:11
FNH:1
FNDA:2,(anonymous_5)
FNDA:0,NewsNewItem
FNDA:0,(anonymous_7)
FNDA:0,(anonymous_8)
FNDA:0,(anonymous_9)
FNDA:0,(anonymous_10)
FNDA:0,(anonymous_11)
FNDA:0,(anonymous_12)
FNDA:0,(anonymous_13)
FNDA:0,(anonymous_14)
FNDA:0,(anonymous_15)
DA:3,2
DA:4,2
DA:5,2
DA:6,2
DA:7,2
DA:28,2
DA:30,0
DA:31,0
DA:37,0
DA:38,0
DA:39,0
DA:42,2
DA:43,0
DA:44,0
DA:45,0
DA:46,0
DA:47,0
DA:49,0
DA:51,0
DA:52,0
DA:53,0
DA:57,2
DA:58,0
DA:59,0
DA:60,0
DA:63,0
DA:64,0
DA:69,2
DA:70,0
DA:71,0
DA:75,2
DA:76,0
DA:77,0
DA:79,0
DA:80,0
DA:83,0
DA:95,2
DA:97,2
LF:38
LH:12
BRDA:30,0,0,0
BRDA:30,0,1,0
BRDA:45,1,0,0
BRDA:45,1,1,0
BRDA:58,2,0,0
BRDA:58,2,1,0
BRDA:76,3,0,0
BRDA:76,3,1,0
BRDA:79,4,0,0
BRDA:79,4,1,0
BRDA:87,5,0,0
BRDA:87,5,1,0
BRF:12
BRH:0
end_of_record
TN:
SF:C:\Users\kyloj\Documents\GitHub\pencil4life\client\src\components\news\news-page.tsx
FN:19,(anonymous_5)
FN:20,NewsPage
FN:29,(anonymous_7)
FN:31,(anonymous_8)
FN:37,(anonymous_9)
FNF:5
FNH:1
FNDA:2,(anonymous_5)
FNDA:0,NewsPage
FNDA:0,(anonymous_7)
FNDA:0,(anonymous_8)
FNDA:0,(anonymous_9)
DA:3,2
DA:4,2
DA:5,2
DA:19,2
DA:21,0
DA:22,0
DA:26,0
DA:29,2
DA:30,0
DA:31,0
DA:32,0
DA:33,0
DA:37,2
DA:38,0
DA:45,0
DA:52,2
DA:54,2
LF:17
LH:8
BRDA:21,0,0,0
BRDA:21,0,1,0
BRDA:39,1,0,0
BRDA:39,1,1,0
BRF:4
BRH:0
end_of_record
TN:
SF:C:\Users\kyloj\Documents\GitHub\pencil4life\client\src\components\news\news-provider.tsx
FN:11,(anonymous_6)
FN:14,(anonymous_7)
FN:17,(anonymous_8)
FN:20,(anonymous_9)
FN:76,(anonymous_10)
FN:88,NewsWrapper
FN:95,(anonymous_12)
FN:124,(anonymous_13)
FN:132,(anonymous_14)
FN:135,(anonymous_15)
FN:136,(anonymous_16)
FN:147,(anonymous_17)
FN:152,(anonymous_18)
FN:172,(anonymous_19)
FN:180,(anonymous_20)
FN:183,(anonymous_21)
FN:185,(anonymous_22)
FN:230,(anonymous_23)
FN:235,(anonymous_24)
FN:249,(anonymous_25)
FN:257,(anonymous_26)
FN:260,(anonymous_27)
FN:263,(anonymous_28)
FN:268,(anonymous_29)
FN:291,(anonymous_30)
FN:299,(anonymous_31)
FN:302,(anonymous_32)
FN:307,(anonymous_33)
FN:338,(anonymous_34)
FN:339,(anonymous_35)
FN:340,(anonymous_37)
FN:358,(anonymous_38)
FN:359,(anonymous_39)
FN:360,(anonymous_41)
FN:369,(anonymous_42)
FNF:35
FNH:9
FNDA:0,(anonymous_6)
FNDA:0,(anonymous_7)
FNDA:0,(anonymous_8)
FNDA:0,(anonymous_9)
FNDA:11,(anonymous_10)
FNDA:2,NewsWrapper
FNDA:0,(anonymous_12)
FNDA:0,(anonymous_13)
FNDA:0,(anonymous_14)
FNDA:0,(anonymous_15)
FNDA:0,(anonymous_16)
FNDA:0,(anonymous_17)
FNDA:0,(anonymous_18)
FNDA:0,(anonymous_19)
FNDA:0,(anonymous_20)
FNDA:0,(anonymous_21)
FNDA:0,(anonymous_22)
FNDA:0,(anonymous_23)
FNDA:0,(anonymous_24)
FNDA:0,(anonymous_25)
FNDA:0,(anonymous_26)
FNDA:0,(anonymous_27)
FNDA:0,(anonymous_28)
FNDA:0,(anonymous_29)
FNDA:0,(anonymous_30)
FNDA:0,(anonymous_31)
FNDA:0,(anonymous_32)
FNDA:2,(anonymous_33)
FNDA:2,(anonymous_34)
FNDA:4,(anonymous_35)
FNDA:2,(anonymous_37)
FNDA:18,(anonymous_38)
FNDA:20,(anonymous_39)
FNDA:2,(anonymous_41)
FNDA:0,(anonymous_42)
DA:3,11
DA:4,11
DA:5,11
DA:10,11
DA:12,0
DA:15,0
DA:18,0
DA:21,0
DA:32,11
DA:76,11
DA:77,11
DA:89,2
DA:90,2
DA:91,2
DA:92,2
DA:95,11
DA:97,0
DA:100,0
DA:101,0
DA:102,0
DA:104,0
DA:105,0
DA:108,0
DA:111,0
DA:112,0
DA:114,0
DA:123,0
DA:125,0
DA:126,0
DA:127,0
DA:128,0
DA:130,0
DA:133,0
DA:136,0
DA:137,0
DA:148,0
DA:152,11
DA:153,0
DA:160,0
DA:162,0
DA:171,0
DA:173,0
DA:174,0
DA:175,0
DA:176,0
DA:178,0
DA:181,0
DA:184,0
DA:185,0
DA:186,0
DA:187,0
DA:189,0
DA:198,0
DA:199,0
DA:201,0
DA:202,0
DA:204,0
DA:205,0
DA:206,0
DA:208,0
DA:210,0
DA:211,0
DA:212,0
DA:213,0
DA:215,0
DA:217,0
DA:218,0
DA:221,0
DA:227,0
DA:231,0
DA:235,11
DA:236,0
DA:239,0
DA:248,0
DA:250,0
DA:251,0
DA:252,0
DA:253,0
DA:255,0
DA:258,0
DA:261,0
DA:264,0
DA:268,11
DA:270,0
DA:274,0
DA:275,0
DA:277,0
DA:278,0
DA:281,0
DA:290,0
DA:292,0
DA:293,0
DA:294,0
DA:295,0
DA:297,0
DA:300,0
DA:303,0
DA:307,11
DA:308,2
DA:309,2
DA:310,2
DA:323,2
DA:329,11
DA:332,11
DA:338,11
DA:339,2
DA:340,2
DA:341,2
DA:342,2
DA:343,0
DA:344,0
DA:347,2
DA:353,2
DA:355,2
DA:358,11
DA:359,18
DA:360,18
DA:361,2
DA:362,2
DA:363,0
DA:364,0
DA:367,2
DA:370,0
DA:371,0
DA:378,0
DA:379,0
DA:387,0
DA:394,18
DA:396,18
LF:129
LH:38
BRDA:89,0,0,2
BRDA:89,0,1,2
BRDA:100,1,0,0
BRDA:100,1,1,0
BRDA:101,2,0,0
BRDA:101,2,1,0
BRDA:104,3,0,0
BRDA:104,3,1,0
BRDA:112,4,0,0
BRDA:112,4,1,0
BRDA:125,5,0,0
BRDA:125,5,1,0
BRDA:125,6,0,0
BRDA:125,6,1,0
BRDA:160,7,0,0
BRDA:160,7,1,0
BRDA:173,8,0,0
BRDA:173,8,1,0
BRDA:173,9,0,0
BRDA:173,9,1,0
BRDA:205,10,0,0
BRDA:205,10,1,0
BRDA:205,11,0,0
BRDA:205,11,1,0
BRDA:210,12,0,0
BRDA:210,12,1,0
BRDA:212,13,0,0
BRDA:212,13,1,0
BRDA:212,14,0,0
BRDA:212,14,1,0
BRDA:217,15,0,0
BRDA:217,15,1,0
BRDA:250,16,0,0
BRDA:250,16,1,0
BRDA:250,17,0,0
BRDA:250,17,1,0
BRDA:274,18,0,0
BRDA:274,18,1,0
BRDA:277,19,0,0
BRDA:277,19,1,0
BRDA:292,20,0,0
BRDA:292,20,1,0
BRDA:292,21,0,0
BRDA:292,21,1,0
BRDA:342,22,0,0
BRDA:342,22,1,2
BRDA:343,23,0,0
BRDA:343,23,1,0
BRDA:362,24,0,0
BRDA:362,24,1,2
BRDA:363,25,0,0
BRDA:363,25,1,0
BRDA:370,26,0,0
BRDA:370,26,1,0
BRDA:378,27,0,0
BRDA:378,27,1,0
BRDA:381,28,0,0
BRDA:381,28,1,0
BRDA:382,29,0,0
BRDA:382,29,1,0
BRDA:383,30,0,0
BRDA:383,30,1,0
BRF:62
BRH:4
end_of_record
TN:
SF:C:\Users\kyloj\Documents\GitHub\pencil4life\client\src\components\news\news-switch.tsx
FN:13,(anonymous_5)
FN:14,NewsSwitch
FN:18,(anonymous_7)
FNF:3
FNH:3
FNDA:1,(anonymous_5)
FNDA:1,NewsSwitch
FNDA:1,(anonymous_7)
DA:3,1
DA:4,1
DA:5,1
DA:7,1
DA:8,1
DA:9,1
DA:10,1
DA:11,1
DA:13,1
DA:18,1
DA:19,1
DA:34,1
DA:36,1
LF:13
LH:13
BRDA:15,0,0,1
BRDA:15,0,1,1
BRF:2
BRH:2
end_of_record
TN:
SF:C:\Users\kyloj\Documents\GitHub\pencil4life\client\src\components\project\project-provider.tsx
FN:13,(anonymous_6)
FN:16,(anonymous_7)
FN:19,(anonymous_8)
FN:22,(anonymous_9)
FN:107,(anonymous_10)
FN:119,ProjectWrapper
FN:127,(anonymous_12)
FN:155,(anonymous_13)
FN:163,(anonymous_14)
FN:166,(anonymous_15)
FN:167,(anonymous_16)
FN:178,(anonymous_17)
FN:179,(anonymous_18)
FN:192,(anonymous_19)
FN:215,(anonymous_20)
FN:223,(anonymous_21)
FN:226,(anonymous_22)
FN:232,(anonymous_23)
FN:244,(anonymous_24)
FN:250,(anonymous_25)
FN:271,(anonymous_26)
FN:279,(anonymous_27)
FN:282,(anonymous_28)
FN:285,(anonymous_29)
FN:290,(anonymous_30)
FN:325,(anonymous_31)
FN:333,(anonymous_32)
FN:336,(anonymous_33)
FN:341,(anonymous_34)
FN:372,(anonymous_35)
FN:373,(anonymous_36)
FN:374,(anonymous_38)
FN:392,(anonymous_39)
FN:393,(anonymous_40)
FN:394,(anonymous_42)
FN:403,(anonymous_43)
FNF:36
FNH:3
FNDA:0,(anonymous_6)
FNDA:0,(anonymous_7)
FNDA:0,(anonymous_8)
FNDA:0,(anonymous_9)
FNDA:1,(anonymous_10)
FNDA:0,ProjectWrapper
FNDA:0,(anonymous_12)
FNDA:0,(anonymous_13)
FNDA:0,(anonymous_14)
FNDA:0,(anonymous_15)
FNDA:0,(anonymous_16)
FNDA:0,(anonymous_17)
FNDA:0,(anonymous_18)
FNDA:0,(anonymous_19)
FNDA:0,(anonymous_20)
FNDA:0,(anonymous_21)
FNDA:0,(anonymous_22)
FNDA:0,(anonymous_23)
FNDA:0,(anonymous_24)
FNDA:0,(anonymous_25)
FNDA:0,(anonymous_26)
FNDA:0,(anonymous_27)
FNDA:0,(anonymous_28)
FNDA:0,(anonymous_29)
FNDA:0,(anonymous_30)
FNDA:0,(anonymous_31)
FNDA:0,(anonymous_32)
FNDA:0,(anonymous_33)
FNDA:0,(anonymous_34)
FNDA:0,(anonymous_35)
FNDA:0,(anonymous_36)
FNDA:0,(anonymous_38)
FNDA:1,(anonymous_39)
FNDA:1,(anonymous_40)
FNDA:0,(anonymous_42)
FNDA:0,(anonymous_43)
DA:3,1
DA:4,1
DA:5,1
DA:7,1
DA:12,1
DA:14,0
DA:17,0
DA:20,0
DA:23,0
DA:34,1
DA:107,1
DA:108,1
DA:120,0
DA:121,0
DA:122,0
DA:123,0
DA:124,0
DA:127,1
DA:128,0
DA:131,0
DA:132,0
DA:133,0
DA:135,0
DA:136,0
DA:139,0
DA:142,0
DA:143,0
DA:145,0
DA:154,0
DA:156,0
DA:157,0
DA:158,0
DA:159,0
DA:161,0
DA:164,0
DA:167,0
DA:168,0
DA:179,0
DA:180,0
DA:192,1
DA:193,0
DA:203,0
DA:205,0
DA:214,0
DA:216,0
DA:217,0
DA:218,0
DA:219,0
DA:221,0
DA:224,0
DA:227,0
DA:228,0
DA:229,0
DA:230,0
DA:232,0
DA:233,0
DA:241,0
DA:245,0
DA:250,1
DA:251,0
DA:257,0
DA:258,0
DA:261,0
DA:270,0
DA:272,0
DA:273,0
DA:274,0
DA:275,0
DA:277,0
DA:280,0
DA:283,0
DA:286,0
DA:290,1
DA:292,0
DA:296,0
DA:297,0
DA:299,0
DA:300,0
DA:302,0
DA:303,0
DA:305,0
DA:306,0
DA:307,0
DA:308,0
DA:311,0
DA:312,0
DA:315,0
DA:324,0
DA:326,0
DA:327,0
DA:328,0
DA:329,0
DA:331,0
DA:334,0
DA:337,0
DA:341,1
DA:342,0
DA:343,0
DA:344,0
DA:357,0
DA:363,1
DA:366,1
DA:372,1
DA:373,0
DA:374,0
DA:375,0
DA:376,0
DA:377,0
DA:378,0
DA:381,0
DA:387,0
DA:389,0
DA:392,1
DA:393,1
DA:394,1
DA:395,0
DA:396,0
DA:397,0
DA:398,0
DA:401,0
DA:404,0
DA:405,0
DA:414,0
DA:416,0
DA:417,0
DA:427,0
DA:434,1
DA:435,1
LF:128
LH:21
BRDA:120,0,0,0
BRDA:120,0,1,0
BRDA:131,1,0,0
BRDA:131,1,1,0
BRDA:132,2,0,0
BRDA:132,2,1,0
BRDA:135,3,0,0
BRDA:135,3,1,0
BRDA:143,4,0,0
BRDA:143,4,1,0
BRDA:156,5,0,0
BRDA:156,5,1,0
BRDA:156,6,0,0
BRDA:156,6,1,0
BRDA:203,7,0,0
BRDA:203,7,1,0
BRDA:216,8,0,0
BRDA:216,8,1,0
BRDA:216,9,0,0
BRDA:216,9,1,0
BRDA:229,10,0,0
BRDA:229,10,1,0
BRDA:257,11,0,0
BRDA:257,11,1,0
BRDA:272,12,0,0
BRDA:272,12,1,0
BRDA:272,13,0,0
BRDA:272,13,1,0
BRDA:296,14,0,0
BRDA:296,14,1,0
BRDA:299,15,0,0
BRDA:299,15,1,0
BRDA:302,16,0,0
BRDA:302,16,1,0
BRDA:305,17,0,0
BRDA:305,17,1,0
BRDA:306,18,0,0
BRDA:306,18,1,0
BRDA:307,19,0,0
BRDA:307,19,1,0
BRDA:311,20,0,0
BRDA:311,20,1,0
BRDA:326,21,0,0
BRDA:326,21,1,0
BRDA:326,22,0,0
BRDA:326,22,1,0
BRDA:376,23,0,0
BRDA:376,23,1,0
BRDA:377,24,0,0
BRDA:377,24,1,0
BRDA:396,25,0,0
BRDA:396,25,1,0
BRDA:397,26,0,0
BRDA:397,26,1,0
BRDA:404,27,0,0
BRDA:404,27,1,0
BRDA:414,28,0,0
BRDA:414,28,1,0
BRDA:419,29,0,0
BRDA:419,29,1,0
BRDA:420,30,0,0
BRDA:420,30,1,0
BRDA:421,31,0,0
BRDA:421,31,1,0
BRDA:422,32,0,0
BRDA:422,32,1,0
BRDA:422,33,0,0
BRDA:422,33,1,0
BRDA:423,34,0,0
BRDA:423,34,1,0
BRF:70
BRH:0
end_of_record
TN:
SF:C:\Users\kyloj\Documents\GitHub\pencil4life\client\src\components\project\project.tsx
FN:40,(anonymous_6)
FN:41,Project
FN:50,(anonymous_8)
FN:52,(anonymous_9)
FN:58,(anonymous_10)
FN:62,(anonymous_11)
FNF:6
FNH:4
FNDA:1,(anonymous_6)
FNDA:1,Project
FNDA:0,(anonymous_8)
FNDA:0,(anonymous_9)
FNDA:1,(anonymous_10)
FNDA:1,(anonymous_11)
DA:3,1
DA:4,1
DA:5,1
DA:6,1
DA:7,1
DA:8,1
DA:9,1
DA:10,1
DA:11,1
DA:12,1
DA:13,1
DA:14,1
DA:15,1
DA:17,1
DA:40,1
DA:42,1
DA:43,1
DA:47,1
DA:50,1
DA:51,0
DA:52,0
DA:53,0
DA:54,0
DA:58,1
DA:59,1
DA:62,1
DA:63,1
DA:64,1
DA:65,1
DA:66,1
DA:68,1
DA:69,1
DA:70,1
DA:71,1
DA:95,1
DA:98,1
DA:100,1
LF:37
LH:33
BRDA:17,0,0,1
BRDA:17,0,1,1
BRDA:42,1,0,1
BRDA:42,1,1,1
BRDA:69,2,0,0
BRDA:69,2,1,1
BRDA:73,3,0,0
BRDA:73,3,1,1
BRDA:79,4,0,0
BRDA:79,4,1,1
BRDA:81,5,0,0
BRDA:81,5,1,1
BRF:12
BRH:8
end_of_record
TN:
SF:C:\Users\kyloj\Documents\GitHub\pencil4life\client\src\components\project\page\project-page-changer.tsx
FN:20,(anonymous_6)
FN:21,ProjectPageChanger
FN:25,(anonymous_8)
FN:30,(anonymous_9)
FN:36,(anonymous_10)
FN:38,(anonymous_11)
FN:98,(anonymous_12)
FN:99,BackArrow
FN:103,(anonymous_14)
FN:108,(anonymous_15)
FN:112,(anonymous_16)
FN:114,(anonymous_17)
FN:133,(anonymous_18)
FN:134,NextArrow
FN:138,(anonymous_20)
FN:143,(anonymous_21)
FN:147,(anonymous_22)
FN:149,(anonymous_23)
FNF:18
FNH:3
FNDA:1,(anonymous_6)
FNDA:0,ProjectPageChanger
FNDA:0,(anonymous_8)
FNDA:0,(anonymous_9)
FNDA:0,(anonymous_10)
FNDA:0,(anonymous_11)
FNDA:1,(anonymous_12)
FNDA:0,BackArrow
FNDA:0,(anonymous_14)
FNDA:0,(anonymous_15)
FNDA:0,(anonymous_16)
FNDA:0,(anonymous_17)
FNDA:1,(anonymous_18)
FNDA:0,NextArrow
FNDA:0,(anonymous_20)
FNDA:0,(anonymous_21)
FNDA:0,(anonymous_22)
FNDA:0,(anonymous_23)
DA:3,1
DA:4,1
DA:5,1
DA:6,1
DA:7,1
DA:8,1
DA:9,1
DA:10,1
DA:11,1
DA:13,1
DA:20,1
DA:25,1
DA:26,0
DA:27,0
DA:30,1
DA:31,0
DA:32,0
DA:33,0
DA:34,0
DA:36,0
DA:37,0
DA:38,0
DA:40,0
DA:62,1
DA:64,1
DA:66,1
DA:67,1
DA:73,1
DA:98,1
DA:103,1
DA:104,0
DA:105,0
DA:108,1
DA:109,0
DA:110,0
DA:112,0
DA:113,0
DA:114,0
DA:116,0
DA:124,1
DA:126,1
DA:127,1
DA:133,1
DA:138,1
DA:139,0
DA:140,0
DA:143,1
DA:144,0
DA:145,0
DA:147,0
DA:148,0
DA:149,0
DA:151,0
DA:159,1
DA:161,1
DA:162,1
LF:56
LH:30
BRDA:22,0,0,0
BRDA:22,0,1,0
BRDA:33,1,0,0
BRDA:33,1,1,0
BRDA:38,2,0,0
BRDA:38,2,1,0
BRDA:42,3,0,0
BRDA:42,3,1,0
BRDA:73,4,0,1
BRDA:73,4,1,1
BRDA:100,5,0,0
BRDA:100,5,1,0
BRDA:114,6,0,0
BRDA:114,6,1,0
BRDA:135,7,0,0
BRDA:135,7,1,0
BRDA:149,8,0,0
BRDA:149,8,1,0
BRF:18
BRH:2
end_of_record
TN:
SF:C:\Users\kyloj\Documents\GitHub\pencil4life\client\src\components\project\page\project-page-edit.tsx
FN:42,(anonymous_5)
FN:43,ProjectPageEdit
FN:66,(anonymous_7)
FN:68,(anonymous_8)
FN:74,(anonymous_9)
FN:76,(anonymous_10)
FN:82,(anonymous_11)
FN:88,(anonymous_12)
FN:104,(anonymous_13)
FN:112,(anonymous_14)
FN:117,(anonymous_15)
FN:119,(anonymous_16)
FN:127,(anonymous_17)
FN:128,(anonymous_18)
FN:133,(anonymous_19)
FN:134,(anonymous_20)
FN:139,(anonymous_21)
FN:141,(anonymous_22)
FN:145,(anonymous_23)
FN:154,(anonymous_24)
FN:157,(anonymous_25)
FN:168,(anonymous_26)
FN:171,(anonymous_27)
FN:186,(anonymous_28)
FN:190,(anonymous_29)
FNF:25
FNH:1
FNDA:1,(anonymous_5)
FNDA:0,ProjectPageEdit
FNDA:0,(anonymous_7)
FNDA:0,(anonymous_8)
FNDA:0,(anonymous_9)
FNDA:0,(anonymous_10)
FNDA:0,(anonymous_11)
FNDA:0,(anonymous_12)
FNDA:0,(anonymous_13)
FNDA:0,(anonymous_14)
FNDA:0,(anonymous_15)
FNDA:0,(anonymous_16)
FNDA:0,(anonymous_17)
FNDA:0,(anonymous_18)
FNDA:0,(anonymous_19)
FNDA:0,(anonymous_20)
FNDA:0,(anonymous_21)
FNDA:0,(anonymous_22)
FNDA:0,(anonymous_23)
FNDA:0,(anonymous_24)
FNDA:0,(anonymous_25)
FNDA:0,(anonymous_26)
FNDA:0,(anonymous_27)
FNDA:0,(anonymous_28)
FNDA:0,(anonymous_29)
DA:3,1
DA:4,1
DA:5,1
DA:7,1
DA:8,1
DA:9,1
DA:10,1
DA:12,1
DA:42,1
DA:44,0
DA:45,0
DA:56,0
DA:57,0
DA:58,0
DA:59,0
DA:60,0
DA:61,0
DA:62,0
DA:63,0
DA:66,1
DA:67,0
DA:68,0
DA:69,0
DA:70,0
DA:74,1
DA:75,0
DA:76,0
DA:77,0
DA:78,0
DA:82,1
DA:83,0
DA:84,0
DA:88,1
DA:89,0
DA:91,0
DA:93,0
DA:101,0
DA:102,0
DA:104,0
DA:105,0
DA:106,0
DA:110,0
DA:112,0
DA:113,0
DA:117,1
DA:118,0
DA:119,0
DA:120,0
DA:123,0
DA:127,1
DA:128,0
DA:129,0
DA:133,1
DA:134,0
DA:135,0
DA:139,1
DA:140,0
DA:141,0
DA:142,0
DA:145,0
DA:146,0
DA:154,1
DA:155,0
DA:157,0
DA:158,0
DA:168,1
DA:169,0
DA:170,0
DA:171,0
DA:172,0
DA:173,0
DA:174,0
DA:175,0
DA:177,0
DA:181,0
DA:182,0
DA:186,1
DA:187,0
DA:190,1
DA:191,0
DA:192,0
DA:193,0
DA:194,0
DA:195,0
DA:196,0
DA:199,0
DA:200,0
DA:203,0
DA:204,0
DA:207,0
DA:239,1
DA:241,1
LF:92
LH:23
BRDA:44,0,0,0
BRDA:44,0,1,0
BRDA:83,1,0,0
BRDA:83,1,1,0
BRDA:105,2,0,0
BRDA:105,2,1,0
BRDA:118,3,0,0
BRDA:118,3,1,0
BRDA:140,4,0,0
BRDA:140,4,1,0
BRDA:172,5,0,0
BRDA:172,5,1,0
BRDA:173,6,0,0
BRDA:173,6,1,0
BRDA:174,7,0,0
BRDA:174,7,1,0
BRDA:181,8,0,0
BRDA:181,8,1,0
BRDA:199,9,0,0
BRDA:199,9,1,0
BRDA:203,10,0,0
BRDA:203,10,1,0
BRDA:211,11,0,0
BRDA:211,11,1,0
BRDA:216,12,0,0
BRDA:216,12,1,0
BRDA:218,13,0,0
BRDA:218,13,1,0
BRF:28
BRH:0
end_of_record
TN:
SF:C:\Users\kyloj\Documents\GitHub\pencil4life\client\src\components\project\page\project-page-list-item.tsx
FN:14,(anonymous_5)
FN:15,ProjectPageListItem
FN:19,(anonymous_7)
FN:23,(anonymous_8)
FNF:4
FNH:4
FNDA:3,(anonymous_5)
FNDA:1,ProjectPageListItem
FNDA:1,(anonymous_7)
FNDA:1,(anonymous_8)
DA:3,3
DA:4,3
DA:6,3
DA:7,3
DA:14,3
DA:19,3
DA:20,1
DA:23,3
DA:24,1
DA:25,1
DA:26,1
DA:28,1
DA:38,3
DA:40,3
DA:41,3
LF:15
LH:15
BRDA:16,0,0,1
BRDA:16,0,1,1
BRDA:26,1,0,0
BRDA:26,1,1,1
BRF:4
BRH:3
end_of_record
TN:
SF:C:\Users\kyloj\Documents\GitHub\pencil4life\client\src\components\project\page\project-page-list.tsx
FN:18,(anonymous_5)
FN:24,ProjectPageList
FN:28,(anonymous_7)
FN:36,(anonymous_8)
FN:55,(anonymous_9)
FN:61,(anonymous_10)
FNF:6
FNH:4
FNDA:2,(anonymous_5)
FNDA:1,ProjectPageList
FNDA:1,(anonymous_7)
FNDA:0,(anonymous_8)
FNDA:1,(anonymous_9)
FNDA:0,(anonymous_10)
DA:3,2
DA:5,2
DA:6,2
DA:7,2
DA:18,2
DA:19,2
DA:28,2
DA:29,1
DA:30,1
DA:31,1
DA:33,1
DA:36,2
DA:37,0
DA:38,0
DA:39,0
DA:41,0
DA:42,0
DA:45,0
DA:46,0
DA:50,0
DA:55,2
DA:56,1
DA:57,1
DA:59,1
DA:60,1
DA:61,1
DA:62,0
DA:65,1
DA:73,2
DA:75,2
DA:76,2
LF:31
LH:22
BRDA:25,0,0,1
BRDA:25,0,1,1
BRDA:30,1,0,1
BRDA:30,1,1,0
BRDA:41,2,0,0
BRDA:41,2,1,0
BRDA:45,3,0,0
BRDA:45,3,1,0
BRDA:60,4,0,1
BRDA:60,4,1,0
BRF:10
BRH:4
end_of_record
TN:
SF:C:\Users\kyloj\Documents\GitHub\pencil4life\client\src\components\project\page\project-page-new.tsx
FN:38,(anonymous_5)
FN:39,ProjectPageNew
FN:93,(anonymous_7)
FN:95,(anonymous_8)
FN:99,(anonymous_9)
FN:105,(anonymous_10)
FN:106,(anonymous_11)
FN:111,(anonymous_12)
FN:113,(anonymous_13)
FN:117,(anonymous_14)
FN:58,(anonymous_15)
FN:64,(anonymous_16)
FN:71,(anonymous_17)
FN:88,(anonymous_18)
FN:126,(anonymous_19)
FNF:15
FNH:1
FNDA:1,(anonymous_5)
FNDA:0,ProjectPageNew
FNDA:0,(anonymous_7)
FNDA:0,(anonymous_8)
FNDA:0,(anonymous_9)
FNDA:0,(anonymous_10)
FNDA:0,(anonymous_11)
FNDA:0,(anonymous_12)
FNDA:0,(anonymous_13)
FNDA:0,(anonymous_14)
FNDA:0,(anonymous_15)
FNDA:0,(anonymous_16)
FNDA:0,(anonymous_17)
FNDA:0,(anonymous_18)
FNDA:0,(anonymous_19)
DA:3,1
DA:4,1
DA:5,1
DA:6,1
DA:7,1
DA:8,1
DA:10,1
DA:11,1
DA:38,1
DA:40,0
DA:41,0
DA:51,0
DA:52,0
DA:53,0
DA:54,0
DA:55,0
DA:58,1
DA:59,0
DA:60,0
DA:64,1
DA:65,0
DA:68,0
DA:69,0
DA:71,1
DA:72,0
DA:73,0
DA:74,0
DA:75,0
DA:77,0
DA:83,0
DA:84,0
DA:86,0
DA:88,0
DA:89,0
DA:93,0
DA:94,0
DA:95,0
DA:96,0
DA:99,0
DA:100,0
DA:105,0
DA:106,0
DA:107,0
DA:111,0
DA:112,0
DA:113,0
DA:114,0
DA:117,0
DA:118,0
DA:126,1
DA:127,0
DA:128,0
DA:129,0
DA:130,0
DA:131,0
DA:132,0
DA:136,0
DA:137,0
DA:139,0
DA:140,0
DA:143,0
DA:171,1
DA:173,1
LF:63
LH:15
BRDA:40,0,0,0
BRDA:40,0,1,0
BRDA:94,1,0,0
BRDA:94,1,1,0
BRDA:112,2,0,0
BRDA:112,2,1,0
BRDA:59,3,0,0
BRDA:59,3,1,0
BRDA:83,4,0,0
BRDA:83,4,1,0
BRDA:136,5,0,0
BRDA:136,5,1,0
BRDA:139,6,0,0
BRDA:139,6,1,0
BRDA:147,7,0,0
BRDA:147,7,1,0
BRDA:151,8,0,0
BRDA:151,8,1,0
BRDA:153,9,0,0
BRDA:153,9,1,0
BRF:20
BRH:0
end_of_record
TN:
SF:C:\Users\kyloj\Documents\GitHub\pencil4life\client\src\components\project\page\project-page-provider.tsx
FN:12,(anonymous_6)
FN:15,(anonymous_7)
FN:18,(anonymous_8)
FN:21,(anonymous_9)
FN:89,(anonymous_10)
FN:102,ProjectPageWrapper
FN:110,(anonymous_12)
FN:138,(anonymous_13)
FN:146,(anonymous_14)
FN:149,(anonymous_15)
FN:150,(anonymous_16)
FN:161,(anonymous_17)
FN:162,(anonymous_18)
FN:175,(anonymous_19)
FN:198,(anonymous_20)
FN:206,(anonymous_21)
FN:209,(anonymous_22)
FN:212,(anonymous_23)
FN:224,(anonymous_24)
FN:230,(anonymous_25)
FN:251,(anonymous_26)
FN:259,(anonymous_27)
FN:262,(anonymous_28)
FN:265,(anonymous_29)
FN:270,(anonymous_30)
FN:299,(anonymous_31)
FN:307,(anonymous_32)
FN:310,(anonymous_33)
FN:315,(anonymous_34)
FN:346,(anonymous_35)
FN:347,(anonymous_36)
FN:348,(anonymous_38)
FN:375,(anonymous_39)
FN:378,(anonymous_40)
FN:379,(anonymous_42)
FN:397,(anonymous_43)
FNF:36
FNH:5
FNDA:0,(anonymous_6)
FNDA:0,(anonymous_7)
FNDA:0,(anonymous_8)
FNDA:0,(anonymous_9)
FNDA:3,(anonymous_10)
FNDA:0,ProjectPageWrapper
FNDA:0,(anonymous_12)
FNDA:0,(anonymous_13)
FNDA:0,(anonymous_14)
FNDA:0,(anonymous_15)
FNDA:0,(anonymous_16)
FNDA:0,(anonymous_17)
FNDA:0,(anonymous_18)
FNDA:0,(anonymous_19)
FNDA:0,(anonymous_20)
FNDA:0,(anonymous_21)
FNDA:0,(anonymous_22)
FNDA:0,(anonymous_23)
FNDA:0,(anonymous_24)
FNDA:0,(anonymous_25)
FNDA:0,(anonymous_26)
FNDA:0,(anonymous_27)
FNDA:0,(anonymous_28)
FNDA:0,(anonymous_29)
FNDA:0,(anonymous_30)
FNDA:0,(anonymous_31)
FNDA:0,(anonymous_32)
FNDA:0,(anonymous_33)
FNDA:0,(anonymous_34)
FNDA:1,(anonymous_35)
FNDA:1,(anonymous_36)
FNDA:0,(anonymous_38)
FNDA:12,(anonymous_39)
FNDA:12,(anonymous_40)
FNDA:0,(anonymous_42)
FNDA:0,(anonymous_43)
DA:3,3
DA:4,3
DA:5,3
DA:11,3
DA:13,0
DA:16,0
DA:19,0
DA:22,0
DA:33,3
DA:89,3
DA:90,3
DA:103,0
DA:104,0
DA:105,0
DA:106,0
DA:107,0
DA:110,3
DA:111,0
DA:114,0
DA:115,0
DA:116,0
DA:118,0
DA:119,0
DA:122,0
DA:125,0
DA:126,0
DA:128,0
DA:137,0
DA:139,0
DA:140,0
DA:141,0
DA:142,0
DA:144,0
DA:147,0
DA:150,0
DA:151,0
DA:162,0
DA:163,0
DA:175,3
DA:176,0
DA:186,0
DA:188,0
DA:197,0
DA:199,0
DA:200,0
DA:201,0
DA:202,0
DA:204,0
DA:207,0
DA:210,0
DA:212,0
DA:213,0
DA:221,0
DA:225,0
DA:230,3
DA:231,0
DA:237,0
DA:238,0
DA:241,0
DA:250,0
DA:252,0
DA:253,0
DA:254,0
DA:255,0
DA:257,0
DA:260,0
DA:263,0
DA:266,0
DA:270,3
DA:271,0
DA:273,0
DA:274,0
DA:276,0
DA:277,0
DA:279,0
DA:280,0
DA:282,0
DA:283,0
DA:285,0
DA:286,0
DA:289,0
DA:298,0
DA:300,0
DA:301,0
DA:302,0
DA:303,0
DA:305,0
DA:308,0
DA:311,0
DA:315,3
DA:316,0
DA:317,0
DA:318,0
DA:331,0
DA:337,3
DA:340,3
DA:346,3
DA:347,1
DA:348,1
DA:349,0
DA:350,0
DA:351,0
DA:352,0
DA:355,0
DA:361,1
DA:363,1
DA:375,3
DA:378,12
DA:379,12
DA:381,0
DA:382,0
DA:383,0
DA:385,0
DA:386,0
DA:389,0
DA:390,0
DA:392,0
DA:393,0
DA:395,0
DA:398,0
DA:399,0
DA:408,0
DA:409,0
DA:411,0
DA:421,0
DA:422,0
DA:425,0
DA:432,12
DA:434,12
LF:129
LH:24
BRDA:103,0,0,0
BRDA:103,0,1,0
BRDA:114,1,0,0
BRDA:114,1,1,0
BRDA:115,2,0,0
BRDA:115,2,1,0
BRDA:118,3,0,0
BRDA:118,3,1,0
BRDA:126,4,0,0
BRDA:126,4,1,0
BRDA:139,5,0,0
BRDA:139,5,1,0
BRDA:139,6,0,0
BRDA:139,6,1,0
BRDA:186,7,0,0
BRDA:186,7,1,0
BRDA:199,8,0,0
BRDA:199,8,1,0
BRDA:199,9,0,0
BRDA:199,9,1,0
BRDA:237,10,0,0
BRDA:237,10,1,0
BRDA:252,11,0,0
BRDA:252,11,1,0
BRDA:252,12,0,0
BRDA:252,12,1,0
BRDA:273,13,0,0
BRDA:273,13,1,0
BRDA:276,14,0,0
BRDA:276,14,1,0
BRDA:279,15,0,0
BRDA:279,15,1,0
BRDA:282,16,0,0
BRDA:282,16,1,0
BRDA:285,17,0,0
BRDA:285,17,1,0
BRDA:300,18,0,0
BRDA:300,18,1,0
BRDA:300,19,0,0
BRDA:300,19,1,0
BRDA:350,20,0,0
BRDA:350,20,1,0
BRDA:351,21,0,0
BRDA:351,21,1,0
BRDA:381,22,0,0
BRDA:381,22,1,0
BRDA:382,23,0,0
BRDA:382,23,1,0
BRDA:385,24,0,0
BRDA:385,24,1,0
BRDA:389,25,0,0
BRDA:389,25,1,0
BRDA:392,26,0,0
BRDA:392,26,1,0
BRDA:398,27,0,0
BRDA:398,27,1,0
BRDA:408,28,0,0
BRDA:408,28,1,0
BRDA:413,29,0,0
BRDA:413,29,1,0
BRDA:414,30,0,0
BRDA:414,30,1,0
BRDA:415,31,0,0
BRDA:415,31,1,0
BRDA:416,32,0,0
BRDA:416,32,1,0
BRDA:417,33,0,0
BRDA:417,33,1,0
BRDA:421,34,0,0
BRDA:421,34,1,0
BRF:70
BRH:0
end_of_record
TN:
SF:C:\Users\kyloj\Documents\GitHub\pencil4life\client\src\components\project\page\project-page.tsx
FN:89,(anonymous_6)
FN:90,ProjectPage
FN:94,(anonymous_8)
FN:101,(anonymous_9)
FN:109,(anonymous_10)
FNF:5
FNH:1
FNDA:1,(anonymous_6)
FNDA:0,ProjectPage
FNDA:0,(anonymous_8)
FNDA:0,(anonymous_9)
FNDA:0,(anonymous_10)
DA:3,1
DA:4,1
DA:5,1
DA:6,1
DA:7,1
DA:8,1
DA:9,1
DA:10,1
DA:11,1
DA:13,1
DA:89,1
DA:94,1
DA:95,0
DA:96,0
DA:97,0
DA:101,1
DA:102,0
DA:103,0
DA:104,0
DA:105,0
DA:109,1
DA:110,0
DA:111,0
DA:112,0
DA:114,0
DA:116,0
DA:134,1
DA:136,1
LF:28
LH:16
BRDA:13,0,0,1
BRDA:13,0,1,1
BRDA:91,1,0,0
BRDA:91,1,1,0
BRDA:104,2,0,0
BRDA:104,2,1,0
BRDA:114,3,0,0
BRDA:114,3,1,0
BRDA:119,4,0,0
BRDA:119,4,1,0
BRDA:124,5,0,0
BRDA:124,5,1,0
BRDA:124,6,0,0
BRDA:124,6,1,0
BRDA:125,7,0,0
BRDA:125,7,1,0
BRDA:126,8,0,0
BRDA:126,8,1,0
BRF:18
BRH:2
end_of_record
TN:
SF:C:\Users\kyloj\Documents\GitHub\pencil4life\client\src\components\signup\signup-page.tsx
FN:26,(anonymous_5)
FN:27,LoginPage
FN:45,(anonymous_7)
FN:51,(anonymous_8)
FN:127,(anonymous_9)
FN:142,(anonymous_10)
FN:147,(anonymous_11)
FN:151,(anonymous_12)
FN:157,(anonymous_13)
FNF:9
FNH:1
FNDA:1,(anonymous_5)
FNDA:0,LoginPage
FNDA:0,(anonymous_7)
FNDA:0,(anonymous_8)
FNDA:0,(anonymous_9)
FNDA:0,(anonymous_10)
FNDA:0,(anonymous_11)
FNDA:0,(anonymous_12)
FNDA:0,(anonymous_13)
DA:3,1
DA:4,1
DA:5,1
DA:6,1
DA:9,1
DA:26,1
DA:28,0
DA:29,0
DA:33,0
DA:34,0
DA:35,0
DA:38,0
DA:39,0
DA:40,0
DA:41,0
DA:42,0
DA:43,0
DA:45,1
DA:46,0
DA:47,0
DA:51,1
DA:52,0
DA:54,0
DA:56,0
DA:57,0
DA:59,0
DA:60,0
DA:66,0
DA:67,0
DA:69,0
DA:70,0
DA:76,0
DA:77,0
DA:79,0
DA:80,0
DA:86,0
DA:87,0
DA:89,0
DA:90,0
DA:91,0
DA:94,0
DA:99,0
DA:100,0
DA:106,0
DA:107,0
DA:109,0
DA:110,0
DA:116,0
DA:117,0
DA:119,0
DA:120,0
DA:125,0
DA:126,0
DA:127,0
DA:128,0
DA:130,0
DA:132,0
DA:140,0
DA:142,0
DA:143,0
DA:147,1
DA:148,0
DA:149,0
DA:150,0
DA:151,0
DA:152,0
DA:157,1
DA:158,0
DA:159,0
DA:160,0
DA:164,0
DA:165,0
DA:166,0
DA:167,0
DA:170,0
DA:173,0
DA:216,1
DA:218,1
LF:78
LH:12
BRDA:28,0,0,0
BRDA:28,0,1,0
BRDA:46,1,0,0
BRDA:46,1,1,0
BRDA:56,2,0,0
BRDA:56,2,1,0
BRDA:59,3,0,0
BRDA:59,3,1,0
BRDA:66,4,0,0
BRDA:66,4,1,0
BRDA:69,5,0,0
BRDA:69,5,1,0
BRDA:76,6,0,0
BRDA:76,6,1,0
BRDA:79,7,0,0
BRDA:79,7,1,0
BRDA:86,8,0,0
BRDA:86,8,1,0
BRDA:89,9,0,0
BRDA:89,9,1,0
BRDA:90,10,0,0
BRDA:90,10,1,0
BRDA:99,11,0,0
BRDA:99,11,1,0
BRDA:106,12,0,0
BRDA:106,12,1,0
BRDA:109,13,0,0
BRDA:109,13,1,0
BRDA:116,14,0,0
BRDA:116,14,1,0
BRDA:119,15,0,0
BRDA:119,15,1,0
BRDA:125,16,0,0
BRDA:125,16,1,0
BRDA:148,17,0,0
BRDA:148,17,1,0
BRDA:164,18,0,0
BRDA:164,18,1,0
BRDA:164,19,0,0
BRDA:164,19,1,0
BRDA:165,20,0,0
BRDA:165,20,1,0
BRDA:166,21,0,0
BRDA:166,21,1,0
BRDA:182,22,0,0
BRDA:182,22,1,0
BRDA:187,23,0,0
BRDA:187,23,1,0
BRDA:192,24,0,0
BRDA:192,24,1,0
BRDA:197,25,0,0
BRDA:197,25,1,0
BRDA:202,26,0,0
BRDA:202,26,1,0
BRDA:207,27,0,0
BRDA:207,27,1,0
BRF:56
BRH:0
end_of_record
TN:
SF:C:\Users\kyloj\Documents\GitHub\pencil4life\client\src\components\user\user-provider.tsx
FN:9,(anonymous_6)
FN:12,(anonymous_7)
FN:15,(anonymous_8)
FN:18,(anonymous_9)
FN:21,(anonymous_10)
FN:24,(anonymous_11)
FN:74,(anonymous_12)
FN:85,UserWrapper
FN:96,(anonymous_14)
FN:106,(anonymous_15)
FN:115,(anonymous_16)
FN:124,(anonymous_17)
FN:128,(anonymous_18)
FN:133,(anonymous_19)
FN:154,(anonymous_20)
FN:157,(anonymous_21)
FN:166,(anonymous_22)
FN:171,(anonymous_23)
FN:177,(anonymous_24)
FN:194,(anonymous_25)
FN:203,(anonymous_26)
FN:212,(anonymous_27)
FN:217,(anonymous_28)
FN:223,(anonymous_29)
FN:234,(anonymous_30)
FN:244,(anonymous_31)
FN:251,(anonymous_32)
FN:256,(anonymous_33)
FN:275,(anonymous_34)
FN:278,(anonymous_35)
FN:288,(anonymous_36)
FN:293,(anonymous_37)
FN:301,(anonymous_38)
FN:318,(anonymous_39)
FN:321,(anonymous_40)
FN:331,(anonymous_41)
FN:336,(anonymous_42)
FN:343,(anonymous_43)
FN:374,(anonymous_44)
FN:375,(anonymous_45)
FN:376,(anonymous_47)
FN:394,(anonymous_48)
FN:395,(anonymous_49)
FN:396,(anonymous_51)
FN:399,(anonymous_52)
FNF:45
FNH:30
FNDA:0,(anonymous_6)
FNDA:0,(anonymous_7)
FNDA:0,(anonymous_8)
FNDA:0,(anonymous_9)
FNDA:0,(anonymous_10)
FNDA:0,(anonymous_11)
FNDA:21,(anonymous_12)
FNDA:32,UserWrapper
FNDA:6,(anonymous_14)
FNDA:6,(anonymous_15)
FNDA:6,(anonymous_16)
FNDA:6,(anonymous_17)
FNDA:0,(anonymous_18)
FNDA:6,(anonymous_19)
FNDA:6,(anonymous_20)
FNDA:6,(anonymous_21)
FNDA:6,(anonymous_22)
FNDA:0,(anonymous_23)
FNDA:6,(anonymous_24)
FNDA:6,(anonymous_25)
FNDA:6,(anonymous_26)
FNDA:6,(anonymous_27)
FNDA:0,(anonymous_28)
FNDA:6,(anonymous_29)
FNDA:6,(anonymous_30)
FNDA:6,(anonymous_31)
FNDA:0,(anonymous_32)
FNDA:6,(anonymous_33)
FNDA:6,(anonymous_34)
FNDA:6,(anonymous_35)
FNDA:6,(anonymous_36)
FNDA:6,(anonymous_37)
FNDA:0,(anonymous_38)
FNDA:0,(anonymous_39)
FNDA:0,(anonymous_40)
FNDA:0,(anonymous_41)
FNDA:0,(anonymous_42)
FNDA:62,(anonymous_43)
FNDA:7,(anonymous_44)
FNDA:39,(anonymous_45)
FNDA:32,(anonymous_47)
FNDA:46,(anonymous_48)
FNDA:88,(anonymous_49)
FNDA:42,(anonymous_51)
FNDA:60,(anonymous_52)
DA:3,21
DA:8,21
DA:10,0
DA:13,0
DA:16,0
DA:19,0
DA:22,0
DA:25,0
DA:35,21
DA:74,21
DA:75,21
DA:86,32
DA:87,32
DA:88,32
DA:89,32
DA:90,32
DA:91,32
DA:92,32
DA:93,32
DA:96,21
DA:97,6
DA:105,6
DA:107,6
DA:108,6
DA:110,0
DA:111,0
DA:112,0
DA:116,6
DA:124,6
DA:125,6
DA:129,0
DA:133,21
DA:135,6
DA:143,6
DA:153,6
DA:155,6
DA:158,6
DA:166,6
DA:167,6
DA:169,6
DA:172,0
DA:173,0
DA:177,21
DA:178,6
DA:183,6
DA:193,6
DA:195,6
DA:196,6
DA:198,0
DA:199,0
DA:200,0
DA:204,6
DA:212,6
DA:213,6
DA:215,6
DA:218,0
DA:219,0
DA:223,21
DA:224,6
DA:233,6
DA:235,6
DA:236,6
DA:244,6
DA:245,6
DA:248,0
DA:252,0
DA:256,21
DA:257,6
DA:258,6
DA:259,6
DA:260,6
DA:261,6
DA:263,6
DA:264,6
DA:274,6
DA:276,6
DA:279,6
DA:288,6
DA:289,6
DA:291,6
DA:294,6
DA:295,0
DA:301,21
DA:302,0
DA:306,0
DA:307,0
DA:317,0
DA:319,0
DA:322,0
DA:331,0
DA:332,0
DA:334,0
DA:337,0
DA:338,0
DA:343,21
DA:344,62
DA:345,62
DA:359,62
DA:365,21
DA:368,21
DA:374,21
DA:375,7
DA:376,7
DA:377,32
DA:378,32
DA:379,6
DA:380,6
DA:383,32
DA:389,7
DA:391,7
DA:394,21
DA:395,46
DA:396,46
DA:397,42
DA:401,60
DA:408,46
DA:410,46
LF:117
LH:86
BRDA:86,0,0,32
BRDA:86,0,1,32
BRDA:107,1,0,6
BRDA:107,1,1,0
BRDA:195,2,0,6
BRDA:195,2,1,0
BRDA:235,3,0,6
BRDA:235,3,1,0
BRDA:258,4,0,6
BRDA:258,4,1,0
BRDA:259,5,0,6
BRDA:259,5,1,0
BRDA:260,6,0,6
BRDA:260,6,1,0
BRDA:261,7,0,6
BRDA:261,7,1,0
BRDA:263,8,0,6
BRDA:263,8,1,0
BRDA:306,9,0,0
BRDA:306,9,1,0
BRDA:378,10,0,6
BRDA:378,10,1,26
BRDA:379,11,0,6
BRDA:379,11,1,0
BRF:24
BRH:13
end_of_record
TN:
SF:C:\Users\kyloj\Documents\GitHub\pencil4life\client\src\components\utilities\dropdown.tsx
FN:16,(anonymous_5)
FN:17,Dropdown
FN:31,(anonymous_7)
FN:36,(anonymous_8)
FN:41,(anonymous_9)
FN:43,(anonymous_10)
FN:49,(anonymous_11)
FN:51,(anonymous_12)
FN:60,(anonymous_13)
FN:61,(anonymous_14)
FN:66,(anonymous_15)
FN:67,(anonymous_16)
FN:72,(anonymous_17)
FN:73,(anonymous_18)
FN:78,(anonymous_19)
FN:79,(anonymous_20)
FN:84,(anonymous_21)
FNF:17
FNH:4
FNDA:2,(anonymous_5)
FNDA:1,Dropdown
FNDA:1,(anonymous_7)
FNDA:0,(anonymous_8)
FNDA:0,(anonymous_9)
FNDA:0,(anonymous_10)
FNDA:0,(anonymous_11)
FNDA:0,(anonymous_12)
FNDA:0,(anonymous_13)
FNDA:0,(anonymous_14)
FNDA:0,(anonymous_15)
FNDA:0,(anonymous_16)
FNDA:0,(anonymous_17)
FNDA:0,(anonymous_18)
FNDA:0,(anonymous_19)
FNDA:0,(anonymous_20)
FNDA:1,(anonymous_21)
DA:3,2
DA:16,2
DA:18,1
DA:19,1
DA:23,1
DA:24,1
DA:25,1
DA:26,1
DA:27,1
DA:28,1
DA:31,2
DA:33,1
DA:36,2
DA:38,0
DA:41,2
DA:42,0
DA:43,0
DA:44,0
DA:49,2
DA:50,0
DA:51,0
DA:52,0
DA:53,0
DA:55,0
DA:60,2
DA:61,0
DA:62,0
DA:66,2
DA:67,0
DA:68,0
DA:72,2
DA:73,0
DA:74,0
DA:78,2
DA:79,0
DA:80,0
DA:84,2
DA:85,1
DA:86,1
DA:90,1
DA:91,1
DA:92,1
DA:93,1
DA:99,1
DA:100,0
DA:102,1
DA:105,1
DA:117,2
DA:119,2
LF:49
LH:31
BRDA:18,0,0,1
BRDA:18,0,1,1
BRDA:42,1,0,0
BRDA:42,1,1,0
BRDA:52,2,0,0
BRDA:52,2,1,0
BRDA:90,3,0,0
BRDA:90,3,1,1
BRDA:91,4,0,0
BRDA:91,4,1,1
BRDA:92,5,0,0
BRDA:92,5,1,1
BRDA:93,6,0,0
BRDA:93,6,1,1
BRDA:99,7,0,0
BRDA:99,7,1,1
BRF:16
BRH:7
end_of_record
TN:
SF:C:\Users\kyloj\Documents\GitHub\pencil4life\client\src\components\utilities\dropzone.tsx
FN:30,(anonymous_5)
FN:34,Dropzone
FN:53,(anonymous_7)
FN:58,(anonymous_8)
FN:62,(anonymous_9)
FN:66,(anonymous_10)
FN:70,(anonymous_11)
FN:75,(anonymous_12)
FN:80,(anonymous_13)
FN:88,(anonymous_14)
FN:106,(anonymous_15)
FN:113,(anonymous_16)
FN:131,(anonymous_17)
FN:132,(anonymous_18)
FN:137,(anonymous_19)
FN:138,(anonymous_20)
FN:144,(anonymous_21)
FN:147,(anonymous_22)
FN:148,(anonymous_23)
FNF:19
FNH:1
FNDA:1,(anonymous_5)
FNDA:0,Dropzone
FNDA:0,(anonymous_7)
FNDA:0,(anonymous_8)
FNDA:0,(anonymous_9)
FNDA:0,(anonymous_10)
FNDA:0,(anonymous_11)
FNDA:0,(anonymous_12)
FNDA:0,(anonymous_13)
FNDA:0,(anonymous_14)
FNDA:0,(anonymous_15)
FNDA:0,(anonymous_16)
FNDA:0,(anonymous_17)
FNDA:0,(anonymous_18)
FNDA:0,(anonymous_19)
FNDA:0,(anonymous_20)
FNDA:0,(anonymous_21)
FNDA:0,(anonymous_22)
FNDA:0,(anonymous_23)
DA:3,1
DA:4,1
DA:30,1
DA:31,1
DA:35,0
DA:36,0
DA:42,0
DA:43,0
DA:44,0
DA:45,0
DA:46,0
DA:47,0
DA:48,0
DA:49,0
DA:50,0
DA:53,1
DA:54,0
DA:55,0
DA:58,1
DA:59,0
DA:62,1
DA:63,0
DA:66,1
DA:67,0
DA:70,1
DA:71,0
DA:72,0
DA:75,1
DA:76,0
DA:77,0
DA:78,0
DA:80,0
DA:81,0
DA:87,0
DA:88,0
DA:89,0
DA:90,0
DA:91,0
DA:93,0
DA:94,0
DA:96,0
DA:97,0
DA:98,0
DA:103,0
DA:104,0
DA:106,0
DA:107,0
DA:113,1
DA:114,0
DA:115,0
DA:116,0
DA:117,0
DA:121,0
DA:122,0
DA:124,0
DA:125,0
DA:126,0
DA:128,0
DA:131,1
DA:132,0
DA:133,0
DA:137,1
DA:138,0
DA:139,0
DA:140,0
DA:144,1
DA:145,0
DA:146,0
DA:147,0
DA:148,0
DA:149,0
DA:151,0
DA:159,0
DA:174,1
DA:176,1
LF:75
LH:16
BRDA:35,0,0,0
BRDA:35,0,1,0
BRDA:89,1,0,0
BRDA:89,1,1,0
BRDA:90,2,0,0
BRDA:90,2,1,0
BRDA:93,3,0,0
BRDA:93,3,1,0
BRDA:103,4,0,0
BRDA:103,4,1,0
BRDA:115,5,0,0
BRDA:115,5,1,0
BRDA:116,6,0,0
BRDA:116,6,1,0
BRDA:121,7,0,0
BRDA:121,7,1,0
BRDA:163,8,0,0
BRDA:163,8,1,0
BRDA:168,9,0,0
BRDA:168,9,1,0
BRF:20
BRH:0
end_of_record
TN:
SF:C:\Users\kyloj\Documents\GitHub\pencil4life\client\src\components\utilities\styled.components.tsx
FNF:0
FNH:0
DA:16,2
DA:19,2
DA:20,2
DA:21,2
DA:22,2
DA:23,2
DA:24,2
DA:27,2
DA:28,2
DA:29,2
DA:39,2
LF:11
LH:11
BRDA:39,0,0,2
BRDA:39,0,1,2
BRF:2
BRH:2
end_of_record
TN:
SF:C:\Users\kyloj\Documents\GitHub\pencil4life\server\src\app.ts
FNF:0
FNH:0
DA:3,1
DA:4,1
DA:5,1
DA:6,1
DA:7,1
DA:8,1
DA:10,1
DA:12,1
DA:13,1
DA:14,1
DA:15,1
DA:17,1
LF:12
LH:12
BRF:0
BRH:0
end_of_record
TN:
SF:C:\Users\kyloj\Documents\GitHub\pencil4life\server\src\config\config.express.ts
FN:14,(anonymous_0)
FNF:1
FNH:1
FNDA:1,(anonymous_0)
DA:4,1
DA:5,1
DA:6,1
DA:7,1
DA:8,1
DA:9,1
DA:10,1
DA:12,1
DA:14,1
DA:15,1
DA:38,1
LF:11
LH:11
BRF:0
BRH:0
end_of_record
TN:
SF:C:\Users\kyloj\Documents\GitHub\pencil4life\server\src\config\config.statics.ts
FN:6,(anonymous_0)
FNF:1
FNH:1
FNDA:1,(anonymous_0)
DA:3,1
DA:4,1
DA:6,1
DA:7,1
DA:13,1
LF:5
LH:5
BRF:0
BRH:0
end_of_record
TN:
SF:C:\Users\kyloj\Documents\GitHub\pencil4life\server\src\config\mongoose.connection.ts
FN:8,(anonymous_0)
FN:12,(anonymous_1)
FN:17,(anonymous_2)
FN:21,(anonymous_3)
FN:25,(anonymous_4)
FN:28,(anonymous_5)
FNF:6
FNH:1
FNDA:1,(anonymous_0)
FNDA:0,(anonymous_1)
FNDA:0,(anonymous_2)
FNDA:0,(anonymous_3)
FNDA:0,(anonymous_4)
FNDA:0,(anonymous_5)
DA:3,1
DA:4,1
DA:6,1
DA:8,1
DA:9,1
DA:12,1
DA:13,0
DA:14,0
DA:17,1
DA:18,0
DA:21,1
DA:22,0
DA:25,1
DA:26,0
DA:28,1
DA:29,0
DA:30,0
DA:31,0
DA:38,1
LF:19
LH:11
BRF:0
BRH:0
end_of_record
TN:
SF:C:\Users\kyloj\Documents\GitHub\pencil4life\server\src\config\routes.express.ts
FN:7,(anonymous_0)
FNF:1
FNH:1
FNDA:1,(anonymous_0)
DA:3,1
DA:4,1
DA:5,1
DA:7,1
DA:8,1
LF:5
LH:5
BRF:0
BRH:0
end_of_record
TN:
SF:C:\Users\kyloj\Documents\GitHub\pencil4life\server\src\config\variables.express.ts
FNF:0
FNH:0
DA:3,1
DA:4,1
DA:6,1
DA:8,1
DA:9,0
DA:12,1
DA:13,1
DA:14,1
DA:15,1
DA:16,1
DA:17,1
DA:18,1
DA:19,1
DA:20,1
DA:21,1
DA:22,1
DA:23,1
DA:24,1
DA:25,1
DA:26,1
DA:27,1
DA:29,1
LF:22
LH:21
BRDA:8,0,0,0
BRDA:8,0,1,1
BRDA:14,1,0,1
BRDA:14,1,1,0
BRDA:15,2,0,1
BRDA:15,2,1,1
BRDA:17,3,0,1
BRDA:17,3,1,1
BRDA:18,4,0,1
BRDA:18,4,1,1
BRDA:19,5,0,1
BRDA:19,5,1,0
BRDA:20,6,0,1
BRDA:20,6,1,1
BRDA:21,7,0,1
BRDA:21,7,1,1
BRDA:22,8,0,1
BRDA:22,8,1,1
BRDA:23,9,0,1
BRDA:23,9,1,1
BRDA:24,10,0,1
BRDA:24,10,1,1
BRDA:25,11,0,1
BRDA:25,11,1,1
BRDA:26,12,0,1
BRDA:26,12,1,1
BRDA:27,13,0,1
BRDA:27,13,1,1
BRF:28
BRH:25
end_of_record
TN:
SF:C:\Users\kyloj\Documents\GitHub\pencil4life\server\src\routes\api\api.router.ts
FNF:0
FNH:0
DA:3,1
DA:5,1
DA:6,1
DA:7,1
DA:8,1
DA:9,1
DA:10,1
DA:11,1
DA:13,1
DA:15,1
DA:25,1
LF:11
LH:11
BRF:0
BRH:0
end_of_record
TN:
SF:C:\Users\kyloj\Documents\GitHub\pencil4life\server\src\routes\api\commissions\commissions.controller.ts
FN:18,(anonymous_0)
FN:20,(anonymous_1)
FN:22,(anonymous_2)
FN:28,(anonymous_3)
FN:46,(anonymous_4)
FN:48,(anonymous_5)
FN:51,(anonymous_6)
FN:58,(anonymous_7)
FN:93,(anonymous_8)
FN:103,(anonymous_9)
FN:123,(anonymous_10)
FN:125,(anonymous_11)
FN:129,(anonymous_12)
FN:134,(anonymous_13)
FN:138,(anonymous_14)
FN:144,(anonymous_15)
FN:174,(anonymous_16)
FN:176,(anonymous_17)
FN:178,(anonymous_18)
FN:183,(anonymous_19)
FN:185,(anonymous_20)
FN:187,(anonymous_21)
FNF:22
FNH:0
FNDA:0,(anonymous_0)
FNDA:0,(anonymous_1)
FNDA:0,(anonymous_2)
FNDA:0,(anonymous_3)
FNDA:0,(anonymous_4)
FNDA:0,(anonymous_5)
FNDA:0,(anonymous_6)
FNDA:0,(anonymous_7)
FNDA:0,(anonymous_8)
FNDA:0,(anonymous_9)
FNDA:0,(anonymous_10)
FNDA:0,(anonymous_11)
FNDA:0,(anonymous_12)
FNDA:0,(anonymous_13)
FNDA:0,(anonymous_14)
FNDA:0,(anonymous_15)
FNDA:0,(anonymous_16)
FNDA:0,(anonymous_17)
FNDA:0,(anonymous_18)
FNDA:0,(anonymous_19)
FNDA:0,(anonymous_20)
FNDA:0,(anonymous_21)
DA:3,1
DA:4,1
DA:5,1
DA:18,1
DA:19,0
DA:21,0
DA:22,0
DA:23,0
DA:24,0
DA:27,0
DA:29,0
DA:30,0
DA:31,0
DA:33,0
DA:35,0
DA:36,0
DA:38,0
DA:39,0
DA:41,0
DA:46,1
DA:47,0
DA:49,0
DA:52,0
DA:58,1
DA:63,0
DA:64,0
DA:65,0
DA:66,0
DA:68,0
DA:69,0
DA:70,0
DA:72,0
DA:73,0
DA:75,0
DA:76,0
DA:77,0
DA:79,0
DA:80,0
DA:82,0
DA:83,0
DA:84,0
DA:87,0
DA:88,0
DA:89,0
DA:92,0
DA:94,0
DA:95,0
DA:99,0
DA:101,0
DA:104,0
DA:110,0
DA:124,0
DA:126,0
DA:127,0
DA:128,0
DA:129,0
DA:130,0
DA:133,0
DA:135,0
DA:139,0
DA:140,0
DA:144,1
DA:151,0
DA:152,0
DA:153,0
DA:154,0
DA:156,0
DA:157,0
DA:159,0
DA:160,0
DA:162,0
DA:163,0
DA:165,0
DA:166,0
DA:169,0
DA:170,0
DA:171,0
DA:173,0
DA:175,0
DA:177,0
DA:179,0
DA:183,1
DA:184,0
DA:186,0
DA:188,0
LF:85
LH:8
BRDA:21,0,0,0
BRDA:21,0,1,0
BRDA:23,1,0,0
BRDA:23,1,1,0
BRDA:29,2,0,0
BRDA:29,2,1,0
BRDA:30,3,0,0
BRDA:30,3,1,0
BRDA:35,4,0,0
BRDA:35,4,1,0
BRDA:38,5,0,0
BRDA:38,5,1,0
BRDA:64,6,0,0
BRDA:64,6,1,0
BRDA:65,7,0,0
BRDA:65,7,1,0
BRDA:72,8,0,0
BRDA:72,8,1,0
BRDA:79,9,0,0
BRDA:79,9,1,0
BRDA:94,10,0,0
BRDA:94,10,1,0
BRDA:126,11,0,0
BRDA:126,11,1,0
BRDA:139,12,0,0
BRDA:139,12,1,0
BRDA:152,13,0,0
BRDA:152,13,1,0
BRDA:153,14,0,0
BRDA:153,14,1,0
BRDA:156,15,0,0
BRDA:156,15,1,0
BRDA:159,16,0,0
BRDA:159,16,1,0
BRDA:162,17,0,0
BRDA:162,17,1,0
BRDA:165,18,0,0
BRDA:165,18,1,0
BRF:38
BRH:0
end_of_record
TN:
SF:C:\Users\kyloj\Documents\GitHub\pencil4life\server\src\routes\api\commissions\commissions.model.ts
FNF:0
FNH:0
DA:3,1
DA:15,1
DA:34,1
DA:36,1
DA:53,1
DA:76,1
LF:6
LH:6
BRF:0
BRH:0
end_of_record
TN:
SF:C:\Users\kyloj\Documents\GitHub\pencil4life\server\src\routes\api\commissions\commissions.router.ts
FNF:0
FNH:0
DA:3,1
DA:4,1
DA:5,1
DA:7,1
DA:9,1
DA:15,1
LF:6
LH:6
BRF:0
BRH:0
end_of_record
TN:
SF:C:\Users\kyloj\Documents\GitHub\pencil4life\server\src\routes\api\event\event.controller.ts
FN:5,EventItemController
FN:8,(anonymous_1)
FN:41,(anonymous_2)
FN:43,(anonymous_3)
FN:50,(anonymous_4)
FN:55,(anonymous_5)
FN:61,(anonymous_6)
FN:63,(anonymous_7)
FN:69,(anonymous_8)
FN:78,(anonymous_9)
FN:83,(anonymous_10)
FN:98,(anonymous_11)
FN:103,(anonymous_12)
FN:134,(anonymous_13)
FN:136,(anonymous_14)
FNF:15
FNH:0
FNDA:0,EventItemController
FNDA:0,(anonymous_1)
FNDA:0,(anonymous_2)
FNDA:0,(anonymous_3)
FNDA:0,(anonymous_4)
FNDA:0,(anonymous_5)
FNDA:0,(anonymous_6)
FNDA:0,(anonymous_7)
FNDA:0,(anonymous_8)
FNDA:0,(anonymous_9)
FNDA:0,(anonymous_10)
FNDA:0,(anonymous_11)
FNDA:0,(anonymous_12)
FNDA:0,(anonymous_13)
FNDA:0,(anonymous_14)
DA:3,1
DA:8,1
DA:9,0
DA:14,0
DA:15,0
DA:16,0
DA:18,0
DA:19,0
DA:20,0
DA:22,0
DA:23,0
DA:25,0
DA:26,0
DA:28,0
DA:29,0
DA:31,0
DA:32,0
DA:35,0
DA:36,0
DA:37,0
DA:40,0
DA:41,0
DA:42,0
DA:44,0
DA:45,0
DA:50,1
DA:51,0
DA:52,0
DA:53,0
DA:54,0
DA:55,0
DA:56,0
DA:57,0
DA:60,0
DA:61,0
DA:62,0
DA:64,0
DA:69,1
DA:70,0
DA:71,0
DA:72,0
DA:74,0
DA:75,0
DA:77,0
DA:78,0
DA:79,0
DA:80,0
DA:81,0
DA:82,0
DA:83,0
DA:84,0
DA:86,0
DA:87,0
DA:88,0
DA:89,0
DA:97,0
DA:99,0
DA:103,1
DA:104,0
DA:105,0
DA:106,0
DA:107,0
DA:108,0
DA:109,0
DA:111,0
DA:112,0
DA:114,0
DA:115,0
DA:117,0
DA:118,0
DA:120,0
DA:121,0
DA:122,0
DA:124,0
DA:125,0
DA:128,0
DA:129,0
DA:130,0
DA:133,0
DA:134,0
DA:135,0
DA:137,0
DA:141,1
LF:83
LH:6
BRDA:14,0,0,0
BRDA:14,0,1,0
BRDA:15,1,0,0
BRDA:15,1,1,0
BRDA:22,2,0,0
BRDA:22,2,1,0
BRDA:25,3,0,0
BRDA:25,3,1,0
BRDA:28,4,0,0
BRDA:28,4,1,0
BRDA:31,5,0,0
BRDA:31,5,1,0
BRDA:53,6,0,0
BRDA:53,6,1,0
BRDA:56,7,0,0
BRDA:56,7,1,0
BRDA:56,8,0,0
BRDA:56,8,1,0
BRDA:71,9,0,0
BRDA:71,9,1,0
BRDA:74,10,0,0
BRDA:74,10,1,0
BRDA:79,11,0,0
BRDA:79,11,1,0
BRDA:80,12,0,0
BRDA:80,12,1,0
BRDA:105,13,0,0
BRDA:105,13,1,0
BRDA:106,14,0,0
BRDA:106,14,1,0
BRDA:111,15,0,0
BRDA:111,15,1,0
BRDA:114,16,0,0
BRDA:114,16,1,0
BRDA:117,17,0,0
BRDA:117,17,1,0
BRDA:121,18,0,0
BRDA:121,18,1,0
BRDA:124,19,0,0
BRDA:124,19,1,0
BRF:40
BRH:0
end_of_record
TN:
SF:C:\Users\kyloj\Documents\GitHub\pencil4life\server\src\routes\api\event\event.model.ts
FNF:0
FNH:0
DA:3,1
DA:16,1
DA:39,1
DA:41,1
LF:4
LH:4
BRF:0
BRH:0
end_of_record
TN:
SF:C:\Users\kyloj\Documents\GitHub\pencil4life\server\src\routes\api\event\event.router.ts
FNF:0
FNH:0
DA:3,1
DA:4,1
DA:5,1
DA:7,1
DA:9,1
DA:14,1
LF:6
LH:6
BRF:0
BRH:0
end_of_record
TN:
SF:C:\Users\kyloj\Documents\GitHub\pencil4life\server\src\routes\api\image\image.controller.ts
FN:10,ImageController
FN:13,(anonymous_1)
FN:64,(anonymous_2)
FN:76,(anonymous_3)
FN:82,(anonymous_4)
FN:89,(anonymous_5)
FN:94,(anonymous_6)
FN:100,(anonymous_7)
FN:102,(anonymous_8)
FN:108,(anonymous_9)
FN:114,(anonymous_10)
FN:119,(anonymous_11)
FN:134,(anonymous_12)
FN:140,(anonymous_13)
FN:185,(anonymous_14)
FN:196,(anonymous_15)
FN:208,(anonymous_16)
FN:219,(anonymous_17)
FNF:18
FNH:0
FNDA:0,ImageController
FNDA:0,(anonymous_1)
FNDA:0,(anonymous_2)
FNDA:0,(anonymous_3)
FNDA:0,(anonymous_4)
FNDA:0,(anonymous_5)
FNDA:0,(anonymous_6)
FNDA:0,(anonymous_7)
FNDA:0,(anonymous_8)
FNDA:0,(anonymous_9)
FNDA:0,(anonymous_10)
FNDA:0,(anonymous_11)
FNDA:0,(anonymous_12)
FNDA:0,(anonymous_13)
FNDA:0,(anonymous_14)
FNDA:0,(anonymous_15)
FNDA:0,(anonymous_16)
FNDA:0,(anonymous_17)
DA:4,1
DA:5,1
DA:6,1
DA:7,1
DA:13,1
DA:19,0
DA:21,0
DA:22,0
DA:23,0
DA:25,0
DA:26,0
DA:27,0
DA:29,0
DA:30,0
DA:32,0
DA:33,0
DA:36,0
DA:37,0
DA:38,0
DA:41,0
DA:42,0
DA:43,0
DA:44,0
DA:45,0
DA:46,0
DA:47,0
DA:48,0
DA:49,0
DA:52,0
DA:53,0
DA:54,0
DA:57,0
DA:58,0
DA:59,0
DA:62,0
DA:64,0
DA:66,0
DA:67,0
DA:69,0
DA:71,0
DA:73,0
DA:76,0
DA:77,0
DA:78,0
DA:80,0
DA:83,0
DA:84,0
DA:89,1
DA:90,0
DA:91,0
DA:92,0
DA:93,0
DA:94,0
DA:95,0
DA:96,0
DA:99,0
DA:100,0
DA:101,0
DA:103,0
DA:108,1
DA:109,0
DA:110,0
DA:111,0
DA:113,0
DA:114,0
DA:115,0
DA:116,0
DA:117,0
DA:118,0
DA:119,0
DA:120,0
DA:122,0
DA:123,0
DA:124,0
DA:125,0
DA:133,0
DA:135,0
DA:140,1
DA:146,0
DA:147,0
DA:148,0
DA:149,0
DA:150,0
DA:151,0
DA:153,0
DA:154,0
DA:156,0
DA:157,0
DA:159,0
DA:160,0
DA:163,0
DA:164,0
DA:165,0
DA:168,0
DA:169,0
DA:170,0
DA:171,0
DA:172,0
DA:173,0
DA:174,0
DA:175,0
DA:176,0
DA:177,0
DA:178,0
DA:184,0
DA:185,0
DA:186,0
DA:187,0
DA:190,0
DA:191,0
DA:192,0
DA:193,0
DA:194,0
DA:195,0
DA:196,0
DA:197,0
DA:198,0
DA:201,0
DA:203,0
DA:205,0
DA:208,0
DA:209,0
DA:210,0
DA:212,0
DA:218,0
DA:220,0
DA:224,1
LF:127
LH:9
BRDA:21,0,0,0
BRDA:21,0,1,0
BRDA:22,1,0,0
BRDA:22,1,1,0
BRDA:29,2,0,0
BRDA:29,2,1,0
BRDA:32,3,0,0
BRDA:32,3,1,0
BRDA:41,4,0,0
BRDA:41,4,1,0
BRDA:42,5,0,0
BRDA:42,5,1,0
BRDA:46,6,0,0
BRDA:46,6,1,0
BRDA:77,7,0,0
BRDA:77,7,1,0
BRDA:92,8,0,0
BRDA:92,8,1,0
BRDA:95,9,0,0
BRDA:95,9,1,0
BRDA:95,10,0,0
BRDA:95,10,1,0
BRDA:110,11,0,0
BRDA:110,11,1,0
BRDA:115,12,0,0
BRDA:115,12,1,0
BRDA:116,13,0,0
BRDA:116,13,1,0
BRDA:147,14,0,0
BRDA:147,14,1,0
BRDA:148,15,0,0
BRDA:148,15,1,0
BRDA:153,16,0,0
BRDA:153,16,1,0
BRDA:156,17,0,0
BRDA:156,17,1,0
BRDA:159,18,0,0
BRDA:159,18,1,0
BRDA:168,19,0,0
BRDA:168,19,1,0
BRDA:169,20,0,0
BRDA:169,20,1,0
BRDA:170,21,0,0
BRDA:170,21,1,0
BRDA:175,22,0,0
BRDA:175,22,1,0
BRDA:186,23,0,0
BRDA:186,23,1,0
BRDA:190,24,0,0
BRDA:190,24,1,0
BRDA:191,25,0,0
BRDA:191,25,1,0
BRDA:192,26,0,0
BRDA:192,26,1,0
BRDA:197,27,0,0
BRDA:197,27,1,0
BRDA:209,28,0,0
BRDA:209,28,1,0
BRF:58
BRH:0
end_of_record
TN:
SF:C:\Users\kyloj\Documents\GitHub\pencil4life\server\src\routes\api\image\image.model.ts
FN:73,(anonymous_0)
FN:79,(anonymous_1)
FN:80,(anonymous_2)
FNF:3
FNH:0
FNDA:0,(anonymous_0)
FNDA:0,(anonymous_1)
FNDA:0,(anonymous_2)
DA:3,1
DA:13,1
DA:25,1
DA:42,1
DA:73,1
DA:74,0
DA:75,0
DA:76,0
DA:79,1
DA:80,0
DA:81,0
DA:82,0
DA:83,0
DA:84,0
DA:89,1
LF:15
LH:7
BRDA:74,0,0,0
BRDA:74,0,1,0
BRDA:76,1,0,0
BRDA:76,1,1,0
BRDA:81,2,0,0
BRDA:81,2,1,0
BRF:6
BRH:0
end_of_record
TN:
SF:C:\Users\kyloj\Documents\GitHub\pencil4life\server\src\routes\api\image\image.router.ts
FNF:0
FNH:0
DA:3,1
DA:4,1
DA:5,1
DA:7,1
DA:9,1
DA:14,1
LF:6
LH:6
BRF:0
BRH:0
end_of_record
TN:
SF:C:\Users\kyloj\Documents\GitHub\pencil4life\server\src\routes\api\newsitem\newsitem.controller.ts
FN:5,NewsItemController
FN:8,(anonymous_1)
FN:30,(anonymous_2)
FN:32,(anonymous_3)
FN:39,(anonymous_4)
FN:45,(anonymous_5)
FN:51,(anonymous_6)
FN:53,(anonymous_7)
FN:59,(anonymous_8)
FN:68,(anonymous_9)
FN:73,(anonymous_10)
FN:88,(anonymous_11)
FN:93,(anonymous_12)
FN:115,(anonymous_13)
FN:117,(anonymous_14)
FNF:15
FNH:0
FNDA:0,NewsItemController
FNDA:0,(anonymous_1)
FNDA:0,(anonymous_2)
FNDA:0,(anonymous_3)
FNDA:0,(anonymous_4)
FNDA:0,(anonymous_5)
FNDA:0,(anonymous_6)
FNDA:0,(anonymous_7)
FNDA:0,(anonymous_8)
FNDA:0,(anonymous_9)
FNDA:0,(anonymous_10)
FNDA:0,(anonymous_11)
FNDA:0,(anonymous_12)
FNDA:0,(anonymous_13)
FNDA:0,(anonymous_14)
DA:3,1
DA:8,1
DA:9,0
DA:10,0
DA:11,0
DA:12,0
DA:14,0
DA:15,0
DA:16,0
DA:18,0
DA:19,0
DA:22,0
DA:23,0
DA:24,0
DA:26,0
DA:27,0
DA:29,0
DA:30,0
DA:31,0
DA:33,0
DA:34,0
DA:39,1
DA:40,0
DA:42,0
DA:43,0
DA:44,0
DA:45,0
DA:46,0
DA:47,0
DA:50,0
DA:51,0
DA:52,0
DA:54,0
DA:59,1
DA:60,0
DA:62,0
DA:63,0
DA:64,0
DA:66,0
DA:67,0
DA:68,0
DA:69,0
DA:70,0
DA:71,0
DA:72,0
DA:73,0
DA:74,0
DA:76,0
DA:77,0
DA:78,0
DA:79,0
DA:87,0
DA:89,0
DA:93,1
DA:94,0
DA:95,0
DA:96,0
DA:97,0
DA:98,0
DA:99,0
DA:101,0
DA:102,0
DA:104,0
DA:105,0
DA:108,0
DA:109,0
DA:110,0
DA:112,0
DA:114,0
DA:115,0
DA:116,0
DA:118,0
DA:122,1
LF:73
LH:6
BRDA:10,0,0,0
BRDA:10,0,1,0
BRDA:11,1,0,0
BRDA:11,1,1,0
BRDA:18,2,0,0
BRDA:18,2,1,0
BRDA:43,3,0,0
BRDA:43,3,1,0
BRDA:46,4,0,0
BRDA:46,4,1,0
BRDA:46,5,0,0
BRDA:46,5,1,0
BRDA:63,6,0,0
BRDA:63,6,1,0
BRDA:69,7,0,0
BRDA:69,7,1,0
BRDA:70,8,0,0
BRDA:70,8,1,0
BRDA:95,9,0,0
BRDA:95,9,1,0
BRDA:96,10,0,0
BRDA:96,10,1,0
BRDA:101,11,0,0
BRDA:101,11,1,0
BRDA:104,12,0,0
BRDA:104,12,1,0
BRF:26
BRH:0
end_of_record
TN:
SF:C:\Users\kyloj\Documents\GitHub\pencil4life\server\src\routes\api\newsitem\newsitem.model.ts
FNF:0
FNH:0
DA:3,1
DA:15,1
DA:34,1
DA:36,1
LF:4
LH:4
BRF:0
BRH:0
end_of_record
TN:
SF:C:\Users\kyloj\Documents\GitHub\pencil4life\server\src\routes\api\newsitem\newsitem.router.ts
FNF:0
FNH:0
DA:3,1
DA:4,1
DA:5,1
DA:7,1
DA:9,1
DA:14,1
LF:6
LH:6
BRF:0
BRH:0
end_of_record
TN:
SF:C:\Users\kyloj\Documents\GitHub\pencil4life\server\src\routes\api\project\project.controller.ts
FN:6,ProjectController
FN:19,(anonymous_1)
FN:57,(anonymous_2)
FN:59,(anonymous_3)
FN:66,(anonymous_4)
FN:71,(anonymous_5)
FN:77,(anonymous_6)
FN:79,(anonymous_7)
FN:85,(anonymous_8)
FN:93,(anonymous_9)
FN:98,(anonymous_10)
FN:113,(anonymous_11)
FN:119,(anonymous_12)
FN:154,(anonymous_13)
FN:156,(anonymous_14)
FN:162,(anonymous_15)
FN:195,(anonymous_16)
FN:200,(anonymous_17)
FN:211,(anonymous_18)
FN:215,(anonymous_19)
FN:228,(anonymous_20)
FN:232,(anonymous_21)
FN:236,(anonymous_22)
FN:238,(anonymous_23)
FN:245,(anonymous_24)
FN:249,(anonymous_25)
FN:256,(anonymous_26)
FN:258,(anonymous_27)
FN:262,(anonymous_28)
FN:268,(anonymous_29)
FN:273,(anonymous_30)
FN:278,(anonymous_31)
FN:284,(anonymous_32)
FN:286,(anonymous_33)
FN:287,(anonymous_34)
FN:300,(anonymous_35)
FN:317,(anonymous_36)
FN:323,(anonymous_37)
FN:355,(anonymous_38)
FN:366,(anonymous_39)
FN:372,(anonymous_40)
FN:377,(anonymous_41)
FN:381,(anonymous_42)
FN:386,(anonymous_43)
FN:391,(anonymous_44)
FNF:45
FNH:0
FNDA:0,ProjectController
FNDA:0,(anonymous_1)
FNDA:0,(anonymous_2)
FNDA:0,(anonymous_3)
FNDA:0,(anonymous_4)
FNDA:0,(anonymous_5)
FNDA:0,(anonymous_6)
FNDA:0,(anonymous_7)
FNDA:0,(anonymous_8)
FNDA:0,(anonymous_9)
FNDA:0,(anonymous_10)
FNDA:0,(anonymous_11)
FNDA:0,(anonymous_12)
FNDA:0,(anonymous_13)
FNDA:0,(anonymous_14)
FNDA:0,(anonymous_15)
FNDA:0,(anonymous_16)
FNDA:0,(anonymous_17)
FNDA:0,(anonymous_18)
FNDA:0,(anonymous_19)
FNDA:0,(anonymous_20)
FNDA:0,(anonymous_21)
FNDA:0,(anonymous_22)
FNDA:0,(anonymous_23)
FNDA:0,(anonymous_24)
FNDA:0,(anonymous_25)
FNDA:0,(anonymous_26)
FNDA:0,(anonymous_27)
FNDA:0,(anonymous_28)
FNDA:0,(anonymous_29)
FNDA:0,(anonymous_30)
FNDA:0,(anonymous_31)
FNDA:0,(anonymous_32)
FNDA:0,(anonymous_33)
FNDA:0,(anonymous_34)
FNDA:0,(anonymous_35)
FNDA:0,(anonymous_36)
FNDA:0,(anonymous_37)
FNDA:0,(anonymous_38)
FNDA:0,(anonymous_39)
FNDA:0,(anonymous_40)
FNDA:0,(anonymous_41)
FNDA:0,(anonymous_42)
FNDA:0,(anonymous_43)
FNDA:0,(anonymous_44)
DA:3,1
DA:19,1
DA:20,0
DA:21,0
DA:22,0
DA:23,0
DA:24,0
DA:26,0
DA:27,0
DA:28,0
DA:30,0
DA:31,0
DA:33,0
DA:34,0
DA:36,0
DA:37,0
DA:39,0
DA:40,0
DA:43,0
DA:44,0
DA:47,0
DA:48,0
DA:51,0
DA:52,0
DA:53,0
DA:56,0
DA:57,0
DA:58,0
DA:60,0
DA:61,0
DA:66,1
DA:67,0
DA:68,0
DA:69,0
DA:70,0
DA:71,0
DA:72,0
DA:73,0
DA:76,0
DA:77,0
DA:78,0
DA:80,0
DA:85,1
DA:86,0
DA:87,0
DA:88,0
DA:91,0
DA:92,0
DA:93,0
DA:94,0
DA:95,0
DA:96,0
DA:97,0
DA:98,0
DA:99,0
DA:101,0
DA:102,0
DA:103,0
DA:104,0
DA:112,0
DA:114,0
DA:119,1
DA:120,0
DA:121,0
DA:122,0
DA:123,0
DA:124,0
DA:125,0
DA:126,0
DA:128,0
DA:129,0
DA:131,0
DA:132,0
DA:134,0
DA:135,0
DA:137,0
DA:138,0
DA:139,0
DA:140,0
DA:141,0
DA:144,0
DA:145,0
DA:148,0
DA:149,0
DA:150,0
DA:153,0
DA:154,0
DA:155,0
DA:157,0
DA:162,1
DA:169,0
DA:170,0
DA:171,0
DA:172,0
DA:173,0
DA:175,0
DA:176,0
DA:178,0
DA:179,0
DA:181,0
DA:182,0
DA:184,0
DA:185,0
DA:188,0
DA:189,0
DA:190,0
DA:193,0
DA:195,0
DA:197,0
DA:199,0
DA:200,0
DA:201,0
DA:203,0
DA:204,0
DA:205,0
DA:207,0
DA:208,0
DA:211,0
DA:212,0
DA:215,0
DA:216,0
DA:217,0
DA:218,0
DA:219,0
DA:220,0
DA:221,0
DA:223,0
DA:224,0
DA:228,0
DA:229,0
DA:232,0
DA:233,0
DA:234,0
DA:236,0
DA:237,0
DA:239,0
DA:240,0
DA:243,0
DA:246,0
DA:247,0
DA:250,0
DA:251,0
DA:256,1
DA:257,0
DA:258,0
DA:259,0
DA:260,0
DA:261,0
DA:262,0
DA:263,0
DA:264,0
DA:268,0
DA:269,0
DA:271,0
DA:272,0
DA:273,0
DA:274,0
DA:277,0
DA:279,0
DA:284,1
DA:285,0
DA:286,0
DA:287,0
DA:288,0
DA:289,0
DA:290,0
DA:293,0
DA:296,0
DA:297,0
DA:298,0
DA:299,0
DA:300,0
DA:301,0
DA:303,0
DA:304,0
DA:305,0
DA:306,0
DA:314,0
DA:318,0
DA:323,1
DA:330,0
DA:331,0
DA:332,0
DA:333,0
DA:334,0
DA:336,0
DA:337,0
DA:339,0
DA:340,0
DA:342,0
DA:343,0
DA:345,0
DA:346,0
DA:349,0
DA:350,0
DA:351,0
DA:354,0
DA:355,0
DA:356,0
DA:358,0
DA:359,0
DA:360,0
DA:362,0
DA:363,0
DA:366,0
DA:367,0
DA:370,0
DA:372,0
DA:373,0
DA:374,0
DA:377,0
DA:378,0
DA:381,0
DA:382,0
DA:383,0
DA:386,0
DA:387,0
DA:388,0
DA:392,0
DA:396,1
LF:220
LH:10
BRDA:21,0,0,0
BRDA:21,0,1,0
BRDA:23,1,0,0
BRDA:23,1,1,0
BRDA:30,2,0,0
BRDA:30,2,1,0
BRDA:33,3,0,0
BRDA:33,3,1,0
BRDA:36,4,0,0
BRDA:36,4,1,0
BRDA:39,5,0,0
BRDA:39,5,1,0
BRDA:43,6,0,0
BRDA:43,6,1,0
BRDA:47,7,0,0
BRDA:47,7,1,0
BRDA:69,8,0,0
BRDA:69,8,1,0
BRDA:72,9,0,0
BRDA:72,9,1,0
BRDA:72,10,0,0
BRDA:72,10,1,0
BRDA:87,11,0,0
BRDA:87,11,1,0
BRDA:94,12,0,0
BRDA:94,12,1,0
BRDA:95,13,0,0
BRDA:95,13,1,0
BRDA:121,14,0,0
BRDA:121,14,1,0
BRDA:123,15,0,0
BRDA:123,15,1,0
BRDA:128,16,0,0
BRDA:128,16,1,0
BRDA:131,17,0,0
BRDA:131,17,1,0
BRDA:134,18,0,0
BRDA:134,18,1,0
BRDA:137,19,0,0
BRDA:137,19,1,0
BRDA:139,20,0,0
BRDA:139,20,1,0
BRDA:140,21,0,0
BRDA:140,21,1,0
BRDA:144,22,0,0
BRDA:144,22,1,0
BRDA:170,23,0,0
BRDA:170,23,1,0
BRDA:172,24,0,0
BRDA:172,24,1,0
BRDA:175,25,0,0
BRDA:175,25,1,0
BRDA:178,26,0,0
BRDA:178,26,1,0
BRDA:181,27,0,0
BRDA:181,27,1,0
BRDA:184,28,0,0
BRDA:184,28,1,0
BRDA:201,29,0,0
BRDA:201,29,1,0
BRDA:204,30,0,0
BRDA:204,30,1,0
BRDA:207,31,0,0
BRDA:207,31,1,0
BRDA:216,32,0,0
BRDA:216,32,1,0
BRDA:219,33,0,0
BRDA:219,33,1,0
BRDA:260,34,0,0
BRDA:260,34,1,0
BRDA:263,35,0,0
BRDA:263,35,1,0
BRDA:263,36,0,0
BRDA:263,36,1,0
BRDA:288,37,0,0
BRDA:288,37,1,0
BRDA:289,38,0,0
BRDA:289,38,1,0
BRDA:296,39,0,0
BRDA:296,39,1,0
BRDA:297,40,0,0
BRDA:297,40,1,0
BRDA:331,41,0,0
BRDA:331,41,1,0
BRDA:333,42,0,0
BRDA:333,42,1,0
BRDA:336,43,0,0
BRDA:336,43,1,0
BRDA:339,44,0,0
BRDA:339,44,1,0
BRDA:342,45,0,0
BRDA:342,45,1,0
BRDA:345,46,0,0
BRDA:345,46,1,0
BRDA:358,47,0,0
BRDA:358,47,1,0
BRDA:359,48,0,0
BRDA:359,48,1,0
BRDA:362,49,0,0
BRDA:362,49,1,0
BRDA:387,50,0,0
BRDA:387,50,1,0
BRF:102
BRH:0
end_of_record
TN:
SF:C:\Users\kyloj\Documents\GitHub\pencil4life\server\src\routes\api\project\project.model.ts
FNF:0
FNH:0
DA:4,1
DA:13,1
DA:31,1
DA:65,1
DA:86,1
DA:88,1
LF:6
LH:6
BRF:0
BRH:0
end_of_record
TN:
SF:C:\Users\kyloj\Documents\GitHub\pencil4life\server\src\routes\api\project\project.router.ts
FNF:0
FNH:0
DA:3,1
DA:4,1
DA:5,1
DA:7,1
DA:9,1
DA:18,1
LF:6
LH:6
BRF:0
BRH:0
end_of_record
TN:
SF:C:\Users\kyloj\Documents\GitHub\pencil4life\server\src\routes\api\shopitem\shopitem.controller.ts
FN:5,ShopItemController
FN:8,(anonymous_1)
FN:39,(anonymous_2)
FN:41,(anonymous_3)
FN:48,(anonymous_4)
FN:53,(anonymous_5)
FN:59,(anonymous_6)
FN:61,(anonymous_7)
FN:67,(anonymous_8)
FN:75,(anonymous_9)
FN:80,(anonymous_10)
FN:95,(anonymous_11)
FN:100,(anonymous_12)
FN:128,(anonymous_13)
FN:130,(anonymous_14)
FNF:15
FNH:0
FNDA:0,ShopItemController
FNDA:0,(anonymous_1)
FNDA:0,(anonymous_2)
FNDA:0,(anonymous_3)
FNDA:0,(anonymous_4)
FNDA:0,(anonymous_5)
FNDA:0,(anonymous_6)
FNDA:0,(anonymous_7)
FNDA:0,(anonymous_8)
FNDA:0,(anonymous_9)
FNDA:0,(anonymous_10)
FNDA:0,(anonymous_11)
FNDA:0,(anonymous_12)
FNDA:0,(anonymous_13)
FNDA:0,(anonymous_14)
DA:3,1
DA:8,1
DA:10,0
DA:11,0
DA:12,0
DA:14,0
DA:15,0
DA:16,0
DA:18,0
DA:19,0
DA:21,0
DA:22,0
DA:24,0
DA:25,0
DA:27,0
DA:28,0
DA:31,0
DA:32,0
DA:33,0
DA:35,0
DA:36,0
DA:38,0
DA:39,0
DA:40,0
DA:42,0
DA:43,0
DA:48,1
DA:49,0
DA:50,0
DA:51,0
DA:52,0
DA:53,0
DA:54,0
DA:55,0
DA:58,0
DA:59,0
DA:60,0
DA:62,0
DA:67,1
DA:68,0
DA:70,0
DA:74,0
DA:75,0
DA:76,0
DA:77,0
DA:78,0
DA:79,0
DA:80,0
DA:81,0
DA:83,0
DA:84,0
DA:85,0
DA:86,0
DA:94,0
DA:96,0
DA:100,1
DA:102,0
DA:103,0
DA:104,0
DA:105,0
DA:106,0
DA:108,0
DA:109,0
DA:111,0
DA:112,0
DA:114,0
DA:115,0
DA:117,0
DA:118,0
DA:121,0
DA:122,0
DA:123,0
DA:125,0
DA:127,0
DA:128,0
DA:129,0
DA:131,0
DA:135,1
LF:78
LH:6
BRDA:10,0,0,0
BRDA:10,0,1,0
BRDA:11,1,0,0
BRDA:11,1,1,0
BRDA:18,2,0,0
BRDA:18,2,1,0
BRDA:21,3,0,0
BRDA:21,3,1,0
BRDA:24,4,0,0
BRDA:24,4,1,0
BRDA:27,5,0,0
BRDA:27,5,1,0
BRDA:51,6,0,0
BRDA:51,6,1,0
BRDA:54,7,0,0
BRDA:54,7,1,0
BRDA:54,8,0,0
BRDA:54,8,1,0
BRDA:76,9,0,0
BRDA:76,9,1,0
BRDA:77,10,0,0
BRDA:77,10,1,0
BRDA:102,11,0,0
BRDA:102,11,1,0
BRDA:103,12,0,0
BRDA:103,12,1,0
BRDA:108,13,0,0
BRDA:108,13,1,0
BRDA:111,14,0,0
BRDA:111,14,1,0
BRDA:114,15,0,0
BRDA:114,15,1,0
BRDA:117,16,0,0
BRDA:117,16,1,0
BRF:34
BRH:0
end_of_record
TN:
SF:C:\Users\kyloj\Documents\GitHub\pencil4life\server\src\routes\api\shopitem\shopitem.model.ts
FN:27,(anonymous_0)
FN:28,(anonymous_1)
FN:34,(anonymous_2)
FN:35,(anonymous_3)
FN:41,(anonymous_4)
FN:42,(anonymous_5)
FNF:6
FNH:0
FNDA:0,(anonymous_0)
FNDA:0,(anonymous_1)
FNDA:0,(anonymous_2)
FNDA:0,(anonymous_3)
FNDA:0,(anonymous_4)
FNDA:0,(anonymous_5)
DA:3,1
DA:4,1
DA:19,1
DA:27,0
DA:28,0
DA:34,0
DA:35,0
DA:41,0
DA:42,0
DA:59,1
DA:61,1
DA:63,1
LF:12
LH:6
BRF:0
BRH:0
end_of_record
TN:
SF:C:\Users\kyloj\Documents\GitHub\pencil4life\server\src\routes\api\shopitem\shopitem.router.ts
FNF:0
FNH:0
DA:3,1
DA:4,1
DA:5,1
DA:7,1
DA:9,1
DA:15,1
LF:6
LH:6
BRF:0
BRH:0
end_of_record
TN:
SF:C:\Users\kyloj\Documents\GitHub\pencil4life\server\src\routes\api\user\user.controller.ts
FN:5,(anonymous_0)
FN:21,UserController
FN:24,(anonymous_2)
FN:26,(anonymous_3)
FN:31,(anonymous_4)
FN:35,(anonymous_5)
FN:43,(anonymous_6)
FN:50,(anonymous_7)
FN:52,(anonymous_8)
FN:60,(anonymous_9)
FN:61,(anonymous_10)
FN:64,(anonymous_11)
FN:76,(anonymous_12)
FN:84,(anonymous_13)
FN:90,(anonymous_14)
FN:93,(anonymous_15)
FN:94,(anonymous_16)
FN:101,(anonymous_17)
FN:107,(anonymous_18)
FN:108,(anonymous_19)
FN:119,(anonymous_20)
FN:127,(anonymous_21)
FN:130,(anonymous_22)
FN:136,(anonymous_23)
FN:137,(anonymous_24)
FN:145,(anonymous_25)
FN:165,(anonymous_26)
FN:172,(anonymous_27)
FN:179,(anonymous_28)
FN:181,(anonymous_29)
FN:186,(anonymous_30)
FN:201,(anonymous_31)
FN:204,(anonymous_32)
FN:216,(anonymous_33)
FN:222,(anonymous_34)
FN:223,(anonymous_35)
FN:234,(anonymous_36)
FN:236,(anonymous_37)
FN:241,(anonymous_38)
FN:247,(anonymous_39)
FN:254,(anonymous_40)
FN:261,(anonymous_41)
FN:263,(anonymous_42)
FN:274,(anonymous_43)
FN:277,(anonymous_44)
FNF:45
FNH:0
FNDA:0,(anonymous_0)
FNDA:0,UserController
FNDA:0,(anonymous_2)
FNDA:0,(anonymous_3)
FNDA:0,(anonymous_4)
FNDA:0,(anonymous_5)
FNDA:0,(anonymous_6)
FNDA:0,(anonymous_7)
FNDA:0,(anonymous_8)
FNDA:0,(anonymous_9)
FNDA:0,(anonymous_10)
FNDA:0,(anonymous_11)
FNDA:0,(anonymous_12)
FNDA:0,(anonymous_13)
FNDA:0,(anonymous_14)
FNDA:0,(anonymous_15)
FNDA:0,(anonymous_16)
FNDA:0,(anonymous_17)
FNDA:0,(anonymous_18)
FNDA:0,(anonymous_19)
FNDA:0,(anonymous_20)
FNDA:0,(anonymous_21)
FNDA:0,(anonymous_22)
FNDA:0,(anonymous_23)
FNDA:0,(anonymous_24)
FNDA:0,(anonymous_25)
FNDA:0,(anonymous_26)
FNDA:0,(anonymous_27)
FNDA:0,(anonymous_28)
FNDA:0,(anonymous_29)
FNDA:0,(anonymous_30)
FNDA:0,(anonymous_31)
FNDA:0,(anonymous_32)
FNDA:0,(anonymous_33)
FNDA:0,(anonymous_34)
FNDA:0,(anonymous_35)
FNDA:0,(anonymous_36)
FNDA:0,(anonymous_37)
FNDA:0,(anonymous_38)
FNDA:0,(anonymous_39)
FNDA:0,(anonymous_40)
FNDA:0,(anonymous_41)
FNDA:0,(anonymous_42)
FNDA:0,(anonymous_43)
FNDA:0,(anonymous_44)
DA:2,1
DA:3,1
DA:5,1
DA:6,0
DA:8,0
DA:9,0
DA:12,0
DA:24,1
DA:26,0
DA:27,0
DA:28,0
DA:31,0
DA:32,0
DA:33,0
DA:35,0
DA:37,0
DA:44,0
DA:45,0
DA:47,0
DA:51,0
DA:53,0
DA:60,1
DA:61,0
DA:62,0
DA:65,0
DA:66,0
DA:68,0
DA:69,0
DA:70,0
DA:73,0
DA:77,0
DA:78,0
DA:80,0
DA:81,0
DA:82,0
DA:85,0
DA:90,1
DA:91,0
DA:92,0
DA:93,0
DA:94,0
DA:95,0
DA:96,0
DA:98,0
DA:102,0
DA:103,0
DA:104,0
DA:105,0
DA:107,0
DA:108,0
DA:109,0
DA:110,0
DA:112,0
DA:113,0
DA:115,0
DA:120,0
DA:121,0
DA:123,0
DA:124,0
DA:125,0
DA:128,0
DA:131,0
DA:136,1
DA:137,0
DA:138,0
DA:139,0
DA:141,0
DA:145,1
DA:147,0
DA:148,0
DA:149,0
DA:151,0
DA:152,0
DA:154,0
DA:155,0
DA:157,0
DA:158,0
DA:161,0
DA:162,0
DA:163,0
DA:165,0
DA:166,0
DA:173,0
DA:174,0
DA:176,0
DA:180,0
DA:182,0
DA:186,1
DA:189,0
DA:190,0
DA:191,0
DA:193,0
DA:194,0
DA:197,0
DA:198,0
DA:199,0
DA:201,0
DA:202,0
DA:205,0
DA:206,0
DA:208,0
DA:209,0
DA:210,0
DA:213,0
DA:217,0
DA:218,0
DA:219,0
DA:220,0
DA:222,0
DA:223,0
DA:224,0
DA:225,0
DA:227,0
DA:228,0
DA:230,0
DA:235,0
DA:236,0
DA:237,0
DA:238,0
DA:241,0
DA:242,0
DA:243,0
DA:246,0
DA:247,0
DA:248,0
DA:255,0
DA:256,0
DA:258,0
DA:262,0
DA:264,0
DA:270,0
DA:271,0
DA:272,0
DA:275,0
DA:278,0
DA:282,1
LF:136
LH:10
BRDA:8,0,0,0
BRDA:8,0,1,0
BRDA:27,1,0,0
BRDA:27,1,1,0
BRDA:32,2,0,0
BRDA:32,2,1,0
BRDA:44,3,0,0
BRDA:44,3,1,0
BRDA:65,4,0,0
BRDA:65,4,1,0
BRDA:68,5,0,0
BRDA:68,5,1,0
BRDA:69,6,0,0
BRDA:69,6,1,0
BRDA:77,7,0,0
BRDA:77,7,1,0
BRDA:95,8,0,0
BRDA:95,8,1,0
BRDA:102,9,0,0
BRDA:102,9,1,0
BRDA:109,10,0,0
BRDA:109,10,1,0
BRDA:112,11,0,0
BRDA:112,11,1,0
BRDA:120,12,0,0
BRDA:120,12,1,0
BRDA:138,13,0,0
BRDA:138,13,1,0
BRDA:147,14,0,0
BRDA:147,14,1,0
BRDA:148,15,0,0
BRDA:148,15,1,0
BRDA:151,16,0,0
BRDA:151,16,1,0
BRDA:154,17,0,0
BRDA:154,17,1,0
BRDA:157,18,0,0
BRDA:157,18,1,0
BRDA:173,19,0,0
BRDA:173,19,1,0
BRDA:189,20,0,0
BRDA:189,20,1,0
BRDA:190,21,0,0
BRDA:190,21,1,0
BRDA:193,22,0,0
BRDA:193,22,1,0
BRDA:205,23,0,0
BRDA:205,23,1,0
BRDA:208,24,0,0
BRDA:208,24,1,0
BRDA:209,25,0,0
BRDA:209,25,1,0
BRDA:217,26,0,0
BRDA:217,26,1,0
BRDA:224,27,0,0
BRDA:224,27,1,0
BRDA:227,28,0,0
BRDA:227,28,1,0
BRDA:235,29,0,0
BRDA:235,29,1,0
BRDA:237,30,0,0
BRDA:237,30,1,0
BRDA:242,31,0,0
BRDA:242,31,1,0
BRDA:255,32,0,0
BRDA:255,32,1,0
BRF:66
BRH:0
end_of_record
TN:
SF:C:\Users\kyloj\Documents\GitHub\pencil4life\server\src\routes\api\user\user.middleware.ts
FN:4,(anonymous_0)
FN:11,(anonymous_1)
FN:19,(anonymous_2)
FN:22,(anonymous_3)
FN:27,(anonymous_4)
FNF:5
FNH:0
FNDA:0,(anonymous_0)
FNDA:0,(anonymous_1)
FNDA:0,(anonymous_2)
FNDA:0,(anonymous_3)
FNDA:0,(anonymous_4)
DA:2,1
DA:4,1
DA:5,0
DA:6,0
DA:7,0
DA:11,1
DA:12,0
DA:13,0
DA:15,0
DA:19,1
DA:20,0
DA:21,0
DA:22,0
DA:23,0
DA:24,0
DA:26,0
DA:28,0
DA:31,0
DA:34,1
LF:19
LH:5
BRDA:12,0,0,0
BRDA:12,0,1,0
BRDA:20,1,0,0
BRDA:20,1,1,0
BRDA:20,2,0,0
BRDA:20,2,1,0
BRDA:23,3,0,0
BRDA:23,3,1,0
BRDA:23,4,0,0
BRDA:23,4,1,0
BRF:10
BRH:0
end_of_record
TN:
SF:C:\Users\kyloj\Documents\GitHub\pencil4life\server\src\routes\api\user\user.model.ts
FN:61,(anonymous_0)
FN:62,(anonymous_1)
FNF:2
FNH:0
FNDA:0,(anonymous_0)
FNDA:0,(anonymous_1)
DA:3,1
DA:4,1
DA:28,1
DA:61,1
DA:62,0
DA:63,0
DA:64,0
DA:65,0
DA:67,0
DA:71,1
DA:73,1
LF:11
LH:6
BRDA:63,0,0,0
BRDA:63,0,1,0
BRF:2
BRH:0
end_of_record
TN:
SF:C:\Users\kyloj\Documents\GitHub\pencil4life\server\src\routes\api\user\user.router.ts
FNF:0
FNH:0
DA:3,1
DA:4,1
DA:5,1
DA:7,1
DA:9,1
DA:17,1
LF:6
LH:6
BRF:0
BRH:0
end_of_record
TN:
SF:C:\Users\kyloj\Documents\GitHub\pencil4life\server\src\routes\main\main.controller.ts
FN:5,MainController
FN:8,(anonymous_1)
FNF:2
FNH:0
FNDA:0,MainController
FNDA:0,(anonymous_1)
DA:3,1
DA:8,1
DA:9,0
DA:12,1
LF:4
LH:3
BRF:0
BRH:0
end_of_record
TN:
SF:C:\Users\kyloj\Documents\GitHub\pencil4life\server\src\routes\main\main.router.ts
FNF:0
FNH:0
DA:3,1
DA:4,1
DA:5,1
DA:7,1
DA:9,1
DA:70,1
LF:6
LH:6
BRF:0
BRH:0
end_of_record
TN:
SF:C:\Users\kyloj\Documents\GitHub\pencil4life\server\src\routes\report-violation\report-violation.controller.ts
FN:5,ReportViolationController
FN:8,(anonymous_1)
FNF:2
FNH:0
FNDA:0,ReportViolationController
FNDA:0,(anonymous_1)
DA:3,1
DA:8,1
DA:9,0
DA:10,0
DA:11,0
DA:12,0
DA:13,0
DA:14,0
DA:16,0
DA:17,0
DA:19,0
DA:20,0
DA:22,0
DA:23,0
DA:25,0
DA:26,0
DA:30,0
DA:32,0
DA:35,1
LF:19
LH:3
BRDA:9,0,0,0
BRDA:9,0,1,0
BRDA:11,1,0,0
BRDA:11,1,1,0
BRDA:13,2,0,0
BRDA:13,2,1,0
BRDA:16,3,0,0
BRDA:16,3,1,0
BRDA:19,4,0,0
BRDA:19,4,1,0
BRDA:22,5,0,0
BRDA:22,5,1,0
BRDA:25,6,0,0
BRDA:25,6,1,0
BRF:14
BRH:0
end_of_record
TN:
SF:C:\Users\kyloj\Documents\GitHub\pencil4life\server\src\routes\report-violation\report-violation.router.ts
FNF:0
FNH:0
DA:3,1
DA:5,1
DA:7,1
DA:9,1
DA:11,1
LF:5
LH:5
BRF:0
BRH:0
end_of_record
TN:
SF:C:\Users\kyloj\Documents\GitHub\pencil4life\server\src\utilities\errorHandler.middleware.ts
FN:5,(anonymous_0)
FN:6,(anonymous_1)
FN:16,(anonymous_2)
FN:55,(anonymous_3)
FNF:4
FNH:1
FNDA:1,(anonymous_0)
FNDA:0,(anonymous_1)
FNDA:0,(anonymous_2)
FNDA:0,(anonymous_3)
DA:3,1
DA:5,1
DA:6,1
DA:7,0
DA:8,0
DA:10,0
DA:16,1
DA:18,0
DA:19,0
DA:22,0
DA:23,0
DA:26,0
DA:27,0
DA:28,0
DA:32,0
DA:33,0
DA:37,0
DA:40,0
DA:41,0
DA:42,0
DA:45,0
DA:46,0
DA:47,0
DA:48,0
DA:50,0
DA:53,0
DA:55,1
DA:56,0
LF:28
LH:5
BRDA:7,0,0,0
BRDA:7,0,1,0
BRDA:18,1,0,0
BRDA:18,1,1,0
BRDA:22,2,0,0
BRDA:22,2,1,0
BRDA:26,3,0,0
BRDA:26,3,1,0
BRDA:27,4,0,0
BRDA:27,4,1,0
BRDA:32,5,0,0
BRDA:32,5,1,0
BRDA:40,6,0,0
BRDA:40,6,1,0
BRDA:47,7,0,0
BRDA:47,7,1,0
BRF:16
BRH:0
end_of_record
TN:
SF:C:\Users\kyloj\Documents\GitHub\pencil4life\server\src\utilities\logger.ts
FN:6,(anonymous_0)
FN:11,(anonymous_1)
FNF:2
FNH:0
FNDA:0,(anonymous_0)
FNDA:0,(anonymous_1)
DA:3,1
DA:4,1
DA:6,1
DA:7,0
DA:8,0
DA:11,1
DA:12,0
DA:13,0
DA:16,1
LF:9
LH:5
BRF:0
BRH:0
end_of_record
TN:
SF:C:\Users\kyloj\Documents\GitHub\pencil4life\server\src\utilities\wduckApi.ts
FN:225,(anonymous_0)
FN:235,(anonymous_1)
FN:242,(anonymous_2)
FN:247,(anonymous_3)
FN:249,(anonymous_4)
FN:251,(anonymous_5)
FN:265,(anonymous_6)
FN:270,(anonymous_7)
FN:279,(anonymous_8)
FN:282,(anonymous_9)
FN:292,(anonymous_10)
FN:297,(anonymous_11)
FNF:12
FNH:0
FNDA:0,(anonymous_0)
FNDA:0,(anonymous_1)
FNDA:0,(anonymous_2)
FNDA:0,(anonymous_3)
FNDA:0,(anonymous_4)
FNDA:0,(anonymous_5)
FNDA:0,(anonymous_6)
FNDA:0,(anonymous_7)
FNDA:0,(anonymous_8)
FNDA:0,(anonymous_9)
FNDA:0,(anonymous_10)
FNDA:0,(anonymous_11)
DA:2,1
DA:225,1
DA:226,0
DA:227,0
DA:228,0
DA:229,0
DA:230,0
DA:233,0
DA:235,0
DA:236,0
DA:237,0
DA:238,0
DA:239,0
DA:241,0
DA:243,0
DA:247,1
DA:248,0
DA:250,0
DA:251,0
DA:252,0
DA:255,0
DA:256,0
DA:258,0
DA:260,0
DA:265,1
DA:266,0
DA:271,0
DA:272,0
DA:274,0
DA:279,1
DA:280,0
DA:281,0
DA:283,0
DA:284,0
DA:286,0
DA:293,0
DA:298,0
LF:37
LH:5
BRDA:226,0,0,0
BRDA:226,0,1,0
BRDA:227,1,0,0
BRDA:227,1,1,0
BRDA:228,2,0,0
BRDA:228,2,1,0
BRDA:229,3,0,0
BRDA:229,3,1,0
BRDA:236,4,0,0
BRDA:236,4,1,0
BRDA:236,5,0,0
BRDA:236,5,1,0
BRDA:250,6,0,0
BRDA:250,6,1,0
BRDA:255,7,0,0
BRDA:255,7,1,0
BRDA:271,8,0,0
BRDA:271,8,1,0
BRDA:283,9,0,0
BRDA:283,9,1,0
BRF:20
BRH:0
end_of_record
